we are running from this directory: /cluster/home/miriamfi/RankRec
The name of the job is: ran_r2
The job ID is 331235
The job was run on these nodes: idun-02-25
Number of nodes: 1
We are using 1 cores
We are using 1 cores per node
Total of 1 cores

Currently Loaded Modules:
  1) GCCcore/10.2.0
  2) zlib/1.2.11-GCCcore-10.2.0          (H)
  3) binutils/2.35-GCCcore-10.2.0        (H)
  4) iccifort/2020.4.304
  5) numactl/2.0.13-GCCcore-10.2.0       (H)
  6) UCX/1.9.0-GCCcore-10.2.0            (H)
  7) impi/2019.9.304-iccifort-2020.4.304
  8) iimpi/2020b
  9) imkl/2020.4.304-iimpi-2020b
 10) intel/2020b
 11) bzip2/1.0.8-GCCcore-10.2.0          (H)
 12) ncurses/6.2-GCCcore-10.2.0          (H)
 13) libreadline/8.0-GCCcore-10.2.0      (H)
 14) Tcl/8.6.10-GCCcore-10.2.0           (H)
 15) SQLite/3.33.0-GCCcore-10.2.0        (H)
 16) XZ/5.2.5-GCCcore-10.2.0             (H)
 17) GMP/6.2.0-GCCcore-10.2.0            (H)
 18) libffi/3.3-GCCcore-10.2.0           (H)
 19) Python/3.8.6-GCCcore-10.2.0

  Where:
   H:  Hidden Module

 

Program starting... 

User Info Loaded!
Loaded user features from user_features/feat_g_a_o_s.csv
User features shape:  (943, 79) 

Recommender Round 1: 

training epoch: 0
log likelihood: -15501.3095703125

training epoch: 1
log likelihood: -13276.6396484375

training epoch: 2
log likelihood: -12879.990234375

training epoch: 3
log likelihood: -12515.1796875

training epoch: 4
log likelihood: -12097.4296875

training epoch: 5
log likelihood: -11546.33984375

training epoch: 6
log likelihood: -10975.8603515625

training epoch: 7
log likelihood: -10361.1298828125

training epoch: 8
log likelihood: -9759.5400390625

training epoch: 9
log likelihood: -9278.0302734375

training epoch: 10
log likelihood: -8937.259765625

training epoch: 11
log likelihood: -8692.0

training epoch: 12
log likelihood: -8394.169921875

training epoch: 13
log likelihood: -8086.39013671875

training epoch: 14
log likelihood: -7979.14990234375

training epoch: 15
log likelihood: -7770.52001953125

training epoch: 16
log likelihood: -7619.8701171875

training epoch: 17
log likelihood: -7434.740234375

training epoch: 18
log likelihood: -7370.419921875

training epoch: 19
log likelihood: -7464.8798828125
recommendations_train shape:  (943, 50)
Scores shape:  (29942,)
count    29587.000000
mean         0.910578
std          1.254932
min         -3.232611
25%          0.050159
50%          1.000364
75%          1.870662
max          4.091745
dtype: float64
precision: 0.088
recall: 0.265
hit rate: 0.900
Recommender Round 2: 

training epoch: 0
log likelihood: -26396.970703125

training epoch: 1
log likelihood: -23257.4296875

training epoch: 2
log likelihood: -21957.830078125

training epoch: 3
log likelihood: -20243.75

training epoch: 4
log likelihood: -18390.2890625

training epoch: 5
log likelihood: -17111.189453125

training epoch: 6
log likelihood: -16575.119140625

training epoch: 7
log likelihood: -15834.58984375

training epoch: 8
log likelihood: -15245.01953125

training epoch: 9
log likelihood: -14932.8203125

training epoch: 10
log likelihood: -14636.919921875

training epoch: 11
log likelihood: -14379.7900390625

training epoch: 12
log likelihood: -13890.580078125

training epoch: 13
log likelihood: -13723.1796875

training epoch: 14
log likelihood: -13756.580078125

training epoch: 15
log likelihood: -13620.009765625

training epoch: 16
log likelihood: -13310.6904296875

training epoch: 17
log likelihood: -13306.1201171875

training epoch: 18
log likelihood: -13379.3095703125

training epoch: 19
log likelihood: -12932.6796875
recommendations_train shape:  (943, 50)
Scores shape:  (30425,)
count    30264.000000
mean         0.863309
std          1.302103
min         -3.434307
25%         -0.021098
50%          0.957502
75%          1.849025
max          4.276438
dtype: float64
precision: 0.074
recall: 0.218
hit rate: 0.875
Recommendations are not written to file for N higher than 20.
Rec train shape:  (943, 1682)
Rec test shape:  (943, 1682)
CV for  gender
>acc=0.714, est=0.710, cfg={'bootstrap': False, 'max_features': 4, 'min_samples_leaf': 1, 'min_samples_split': 10, 'n_estimators': 100} 

>acc=0.688, est=0.721, cfg={'bootstrap': False, 'max_features': 4, 'min_samples_leaf': 1, 'min_samples_split': 2, 'n_estimators': 100} 

>acc=0.693, est=0.724, cfg={'bootstrap': False, 'max_features': 4, 'min_samples_leaf': 1, 'min_samples_split': 2, 'n_estimators': 100} 

>acc=0.734, est=0.709, cfg={'bootstrap': True, 'max_features': 4, 'min_samples_leaf': 1, 'min_samples_split': 5, 'n_estimators': 100} 

>acc=0.723, est=0.719, cfg={'bootstrap': True, 'max_features': 4, 'min_samples_leaf': 1, 'min_samples_split': 2, 'n_estimators': 100} 

Accuracy: 0.711 (0.018) 

CV for  age
>acc=0.545, est=0.611, cfg={'bootstrap': False, 'max_features': 4, 'min_samples_leaf': 1, 'min_samples_split': 2, 'n_estimators': 100} 

>acc=0.566, est=0.606, cfg={'bootstrap': False, 'max_features': 4, 'min_samples_leaf': 1, 'min_samples_split': 2, 'n_estimators': 100} 

>acc=0.624, est=0.597, cfg={'bootstrap': True, 'max_features': 4, 'min_samples_leaf': 1, 'min_samples_split': 2, 'n_estimators': 100} 

>acc=0.590, est=0.605, cfg={'bootstrap': False, 'max_features': 4, 'min_samples_leaf': 1, 'min_samples_split': 2, 'n_estimators': 100} 

>acc=0.596, est=0.595, cfg={'bootstrap': True, 'max_features': 4, 'min_samples_leaf': 1, 'min_samples_split': 2, 'n_estimators': 100} 

Accuracy: 0.584 (0.027) 

CV for  occupation
>acc=0.217, est=0.228, cfg={'bootstrap': False, 'max_features': 4, 'min_samples_leaf': 1, 'min_samples_split': 5, 'n_estimators': 100} 

>acc=0.164, est=0.241, cfg={'bootstrap': False, 'max_features': 4, 'min_samples_leaf': 1, 'min_samples_split': 5, 'n_estimators': 100} 

>acc=0.212, est=0.225, cfg={'bootstrap': True, 'max_features': 4, 'min_samples_leaf': 1, 'min_samples_split': 2, 'n_estimators': 100} 

>acc=0.234, est=0.209, cfg={'bootstrap': False, 'max_features': 4, 'min_samples_leaf': 1, 'min_samples_split': 5, 'n_estimators': 100} 

>acc=0.218, est=0.231, cfg={'bootstrap': True, 'max_features': 4, 'min_samples_leaf': 1, 'min_samples_split': 5, 'n_estimators': 100} 

Accuracy: 0.209 (0.024) 

CV for  state
>acc=0.122, est=0.122, cfg={'bootstrap': True, 'max_features': 4, 'min_samples_leaf': 4, 'min_samples_split': 10, 'n_estimators': 100} 

>acc=0.106, est=0.129, cfg={'bootstrap': True, 'max_features': 4, 'min_samples_leaf': 4, 'min_samples_split': 10, 'n_estimators': 100} 

>acc=0.127, est=0.127, cfg={'bootstrap': False, 'max_features': 4, 'min_samples_leaf': 2, 'min_samples_split': 10, 'n_estimators': 100} 

>acc=0.117, est=0.126, cfg={'bootstrap': False, 'max_features': 4, 'min_samples_leaf': 2, 'min_samples_split': 2, 'n_estimators': 100} 

>acc=0.133, est=0.130, cfg={'bootstrap': False, 'max_features': 4, 'min_samples_leaf': 4, 'min_samples_split': 10, 'n_estimators': 100} 

Accuracy: 0.121 (0.009) 

Linux idun-02-25 4.18.0-193.el8.x86_64 #1 SMP Fri May 8 10:59:10 UTC 2020 x86_64 x86_64 x86_64 GNU/Linux
