we are running from this directory: /cluster/home/miriamfi/RankRec
The name of the job is: ran_r10s
The job ID is 335306
The job was run on these nodes: idun-02-24
Number of nodes: 1
We are using 1 cores
We are using 1 cores per node
Total of 1 cores

Currently Loaded Modules:
  1) GCCcore/9.3.0
  2) zlib/1.2.11-GCCcore-9.3.0                     (H)
  3) binutils/2.34-GCCcore-9.3.0                   (H)
  4) iccifort/2020.1.217
  5) numactl/2.0.13-GCCcore-9.3.0                  (H)
  6) UCX/1.8.0-GCCcore-9.3.0                       (H)
  7) impi/2019.7.217-iccifort-2020.1.217
  8) iimpi/2020a
  9) imkl/2020.1.217-iimpi-2020a
 10) intel/2020a
 11) bzip2/1.0.8-GCCcore-9.3.0                     (H)
 12) ncurses/6.2-GCCcore-9.3.0                     (H)
 13) libreadline/8.0-GCCcore-9.3.0                 (H)
 14) Tcl/8.6.10-GCCcore-9.3.0                      (H)
 15) SQLite/3.31.1-GCCcore-9.3.0                   (H)
 16) XZ/5.2.5-GCCcore-9.3.0                        (H)
 17) GMP/6.2.0-GCCcore-9.3.0                       (H)
 18) libffi/3.3-GCCcore-9.3.0                      (H)
 19) Python/3.8.2-GCCcore-9.3.0
 20) pybind11/2.4.3-GCCcore-9.3.0-Python-3.8.2     (H)
 21) SciPy-bundle/2020.03-intel-2020a-Python-3.8.2
 22) libpng/1.6.37-GCCcore-9.3.0                   (H)
 23) freetype/2.10.1-GCCcore-9.3.0                 (H)
 24) expat/2.2.9-GCCcore-9.3.0                     (H)
 25) util-linux/2.35-GCCcore-9.3.0                 (H)
 26) fontconfig/2.13.92-GCCcore-9.3.0              (H)
 27) xorg-macros/1.19.2-GCCcore-9.3.0              (H)
 28) libpciaccess/0.16-GCCcore-9.3.0               (H)
 29) X11/20200222-GCCcore-9.3.0                    (H)
 30) Tk/8.6.10-GCCcore-9.3.0                       (H)
 31) Tkinter/3.8.2-GCCcore-9.3.0                   (H)
 32) matplotlib/3.2.1-intel-2020a-Python-3.8.2

  Where:
   H:  Hidden Module

 

Program starting... 

User Info Loaded!
Loaded user features from user_features/feat_g_a_o_s.csv
User features shape:  (943, 79) 

Recommender Round 1: 

training epoch: 0
log likelihood: -15379.4599609375

training epoch: 1
log likelihood: -13198.990234375

training epoch: 2
log likelihood: -12868.3798828125

training epoch: 3
log likelihood: -12106.5400390625

training epoch: 4
log likelihood: -11221.7900390625

training epoch: 5
log likelihood: -10169.7099609375

training epoch: 6
log likelihood: -9217.16015625

training epoch: 7
log likelihood: -8758.330078125

training epoch: 8
log likelihood: -8248.3095703125

training epoch: 9
log likelihood: -7920.5498046875

training epoch: 10
log likelihood: -7589.39013671875

training epoch: 11
log likelihood: -7472.31005859375

training epoch: 12
log likelihood: -7329.669921875

training epoch: 13
log likelihood: -7176.18017578125

training epoch: 14
log likelihood: -7092.5498046875

training epoch: 15
log likelihood: -6951.93994140625

training epoch: 16
log likelihood: -6747.43994140625

training epoch: 17
log likelihood: -6638.43994140625

training epoch: 18
log likelihood: -6742.56005859375

training epoch: 19
log likelihood: -6584.22998046875
recommendations_train shape:  (943, 50)
Scores shape:  (29942,)
count    29587.000000
mean         0.889376
std          1.418740
min         -3.711612
25%         -0.101964
50%          0.975368
75%          1.955133
max          4.782169
dtype: float64
precision: 0.087
recall: 0.264
hit rate: 0.916
Recommender Round 2: 

training epoch: 0
log likelihood: -26319.69921875

training epoch: 1
log likelihood: -23250.859375

training epoch: 2
log likelihood: -21185.01953125

training epoch: 3
log likelihood: -18807.029296875

training epoch: 4
log likelihood: -17182.470703125

training epoch: 5
log likelihood: -15992.650390625

training epoch: 6
log likelihood: -15292.75

training epoch: 7
log likelihood: -14671.3603515625

training epoch: 8
log likelihood: -14085.2001953125

training epoch: 9
log likelihood: -13876.150390625

training epoch: 10
log likelihood: -13536.5

training epoch: 11
log likelihood: -13351.6904296875

training epoch: 12
log likelihood: -13081.8701171875

training epoch: 13
log likelihood: -13019.849609375

training epoch: 14
log likelihood: -12817.3203125

training epoch: 15
log likelihood: -12751.830078125

training epoch: 16
log likelihood: -12742.330078125

training epoch: 17
log likelihood: -12510.9501953125

training epoch: 18
log likelihood: -12388.5703125

training epoch: 19
log likelihood: -12406.4296875
recommendations_train shape:  (943, 50)
Scores shape:  (30425,)
count    30264.000000
mean         0.901068
std          1.562933
min         -4.240253
25%         -0.180183
50%          1.004284
75%          2.083683
max          5.242335
dtype: float64
precision: 0.074
recall: 0.220
hit rate: 0.915
Recommendations are not written to file for N higher than 20.
Rec train shape:  (943, 1682)
Rec test shape:  (943, 1682)


CV with  ran_for  for  gender
>acc=0.714,  est=0.720, cfg={'ran_for__max_features': 8, 'ran_for__min_samples_leaf': 1, 'ran_for__min_samples_split': 2, 'ran_for__n_estimators': 1000} 

>acc=0.677,  est=0.741, cfg={'ran_for__max_features': 15, 'ran_for__min_samples_leaf': 1, 'ran_for__min_samples_split': 2, 'ran_for__n_estimators': 250} 

>acc=0.688,  est=0.728, cfg={'ran_for__max_features': 10, 'ran_for__min_samples_leaf': 1, 'ran_for__min_samples_split': 2, 'ran_for__n_estimators': 250} 

>acc=0.729,  est=0.730, cfg={'ran_for__max_features': 15, 'ran_for__min_samples_leaf': 1, 'ran_for__min_samples_split': 2, 'ran_for__n_estimators': 100} 

>acc=0.729,  est=0.726, cfg={'ran_for__max_features': 15, 'ran_for__min_samples_leaf': 1, 'ran_for__min_samples_split': 2, 'ran_for__n_estimators': 1000} 

Accuracy: 0.707 (0.021) 

accuracy: 0.729
auc:  0.5660350678733033


CV with  ran_for  for  age
>acc=0.534,  est=0.593, cfg={'ran_for__max_features': 8, 'ran_for__min_samples_leaf': 1, 'ran_for__min_samples_split': 10, 'ran_for__n_estimators': 100} 

>acc=0.566,  est=0.603, cfg={'ran_for__max_features': 15, 'ran_for__min_samples_leaf': 1, 'ran_for__min_samples_split': 2, 'ran_for__n_estimators': 1000} 

>acc=0.635,  est=0.581, cfg={'ran_for__max_features': 10, 'ran_for__min_samples_leaf': 1, 'ran_for__min_samples_split': 2, 'ran_for__n_estimators': 250} 

>acc=0.596,  est=0.597, cfg={'ran_for__max_features': 15, 'ran_for__min_samples_leaf': 1, 'ran_for__min_samples_split': 10, 'ran_for__n_estimators': 250} 

>acc=0.622,  est=0.596, cfg={'ran_for__max_features': 15, 'ran_for__min_samples_leaf': 1, 'ran_for__min_samples_split': 2, 'ran_for__n_estimators': 500} 

Accuracy: 0.591 (0.037) 

accuracy: 0.622
auc:  0.5602576647097196


CV with  ran_for  for  occupation
>acc=0.233,  est=0.233, cfg={'ran_for__max_features': 15, 'ran_for__min_samples_leaf': 1, 'ran_for__min_samples_split': 15, 'ran_for__n_estimators': 250} 

>acc=0.185,  est=0.239, cfg={'ran_for__max_features': 15, 'ran_for__min_samples_leaf': 2, 'ran_for__min_samples_split': 10, 'ran_for__n_estimators': 250} 

>acc=0.190,  est=0.233, cfg={'ran_for__max_features': 8, 'ran_for__min_samples_leaf': 1, 'ran_for__min_samples_split': 10, 'ran_for__n_estimators': 1000} 

>acc=0.245,  est=0.225, cfg={'ran_for__max_features': 15, 'ran_for__min_samples_leaf': 2, 'ran_for__min_samples_split': 10, 'ran_for__n_estimators': 250} 

>acc=0.218,  est=0.219, cfg={'ran_for__max_features': 15, 'ran_for__min_samples_leaf': 2, 'ran_for__min_samples_split': 15, 'ran_for__n_estimators': 500} 

Accuracy: 0.214 (0.023) 

accuracy: 0.218
auc:  0.3927927927927928


CV with  ran_for  for  state
>acc=0.127,  est=0.123, cfg={'ran_for__max_features': 8, 'ran_for__min_samples_leaf': 4, 'ran_for__min_samples_split': 2, 'ran_for__n_estimators': 500} 

>acc=0.111,  est=0.145, cfg={'ran_for__max_features': 15, 'ran_for__min_samples_leaf': 2, 'ran_for__min_samples_split': 2, 'ran_for__n_estimators': 500} 

>acc=0.095,  est=0.146, cfg={'ran_for__max_features': 15, 'ran_for__min_samples_leaf': 4, 'ran_for__min_samples_split': 2, 'ran_for__n_estimators': 250} 

>acc=0.122,  est=0.143, cfg={'ran_for__max_features': 10, 'ran_for__min_samples_leaf': 2, 'ran_for__min_samples_split': 10, 'ran_for__n_estimators': 100} 

>acc=0.138,  est=0.132, cfg={'ran_for__max_features': 8, 'ran_for__min_samples_leaf': 4, 'ran_for__min_samples_split': 15, 'ran_for__n_estimators': 1000} 

Accuracy: 0.119 (0.015) 

accuracy: 0.138
auc:  0.40142627099148837
Linux idun-02-24 4.18.0-193.el8.x86_64 #1 SMP Fri May 8 10:59:10 UTC 2020 x86_64 x86_64 x86_64 GNU/Linux
