we are running from this directory: /cluster/home/miriamfi/RankRec
The name of the job is: ran_r9c
The job ID is 335305
The job was run on these nodes: idun-02-22
Number of nodes: 1
We are using 1 cores
We are using 1 cores per node
Total of 1 cores

Currently Loaded Modules:
  1) GCCcore/9.3.0
  2) zlib/1.2.11-GCCcore-9.3.0                     (H)
  3) binutils/2.34-GCCcore-9.3.0                   (H)
  4) iccifort/2020.1.217
  5) numactl/2.0.13-GCCcore-9.3.0                  (H)
  6) UCX/1.8.0-GCCcore-9.3.0                       (H)
  7) impi/2019.7.217-iccifort-2020.1.217
  8) iimpi/2020a
  9) imkl/2020.1.217-iimpi-2020a
 10) intel/2020a
 11) bzip2/1.0.8-GCCcore-9.3.0                     (H)
 12) ncurses/6.2-GCCcore-9.3.0                     (H)
 13) libreadline/8.0-GCCcore-9.3.0                 (H)
 14) Tcl/8.6.10-GCCcore-9.3.0                      (H)
 15) SQLite/3.31.1-GCCcore-9.3.0                   (H)
 16) XZ/5.2.5-GCCcore-9.3.0                        (H)
 17) GMP/6.2.0-GCCcore-9.3.0                       (H)
 18) libffi/3.3-GCCcore-9.3.0                      (H)
 19) Python/3.8.2-GCCcore-9.3.0
 20) pybind11/2.4.3-GCCcore-9.3.0-Python-3.8.2     (H)
 21) SciPy-bundle/2020.03-intel-2020a-Python-3.8.2
 22) libpng/1.6.37-GCCcore-9.3.0                   (H)
 23) freetype/2.10.1-GCCcore-9.3.0                 (H)
 24) expat/2.2.9-GCCcore-9.3.0                     (H)
 25) util-linux/2.35-GCCcore-9.3.0                 (H)
 26) fontconfig/2.13.92-GCCcore-9.3.0              (H)
 27) xorg-macros/1.19.2-GCCcore-9.3.0              (H)
 28) libpciaccess/0.16-GCCcore-9.3.0               (H)
 29) X11/20200222-GCCcore-9.3.0                    (H)
 30) Tk/8.6.10-GCCcore-9.3.0                       (H)
 31) Tkinter/3.8.2-GCCcore-9.3.0                   (H)
 32) matplotlib/3.2.1-intel-2020a-Python-3.8.2

  Where:
   H:  Hidden Module

 

/cluster/home/miriamfi/rank-env/lib/python3.8/site-packages/sklearn/metrics/_ranking.py:949: UndefinedMetricWarning: No positive samples in y_true, true positive value should be meaningless
  warnings.warn("No positive samples in y_true, "
Program starting... 

User Info Loaded!
Loaded user features from user_features/feat_g_a_o_c.csv
User features shape:  (943, 536) 

Recommender Round 1: 

training epoch: 0
log likelihood: -15825.1904296875

training epoch: 1
log likelihood: -13187.16015625

training epoch: 2
log likelihood: -12222.83984375

training epoch: 3
log likelihood: -11059.98046875

training epoch: 4
log likelihood: -10004.2998046875

training epoch: 5
log likelihood: -9303.3896484375

training epoch: 6
log likelihood: -8600.919921875

training epoch: 7
log likelihood: -8410.9599609375

training epoch: 8
log likelihood: -8070.6201171875

training epoch: 9
log likelihood: -7712.0

training epoch: 10
log likelihood: -7406.2001953125

training epoch: 11
log likelihood: -7339.31982421875

training epoch: 12
log likelihood: -7010.52978515625

training epoch: 13
log likelihood: -6917.35986328125

training epoch: 14
log likelihood: -6789.18994140625

training epoch: 15
log likelihood: -6787.0

training epoch: 16
log likelihood: -6628.06005859375

training epoch: 17
log likelihood: -6436.43017578125

training epoch: 18
log likelihood: -6352.31005859375

training epoch: 19
log likelihood: -6294.18017578125
recommendations_train shape:  (943, 50)
Scores shape:  (29942,)
count    29587.000000
mean         0.846539
std          1.534126
min         -4.568486
25%         -0.248284
50%          0.916752
75%          2.013290
max          4.916540
dtype: float64
precision: 0.084
recall: 0.260
hit rate: 0.907
Recommender Round 2: 

training epoch: 0
log likelihood: -26487.3203125

training epoch: 1
log likelihood: -22865.7890625

training epoch: 2
log likelihood: -20208.419921875

training epoch: 3
log likelihood: -18016.099609375

training epoch: 4
log likelihood: -16435.2109375

training epoch: 5
log likelihood: -15440.7900390625

training epoch: 6
log likelihood: -14789.919921875

training epoch: 7
log likelihood: -14386.349609375

training epoch: 8
log likelihood: -13799.16015625

training epoch: 9
log likelihood: -13540.8203125

training epoch: 10
log likelihood: -13288.509765625

training epoch: 11
log likelihood: -13160.6201171875

training epoch: 12
log likelihood: -12906.66015625

training epoch: 13
log likelihood: -12827.400390625

training epoch: 14
log likelihood: -12606.150390625

training epoch: 15
log likelihood: -12562.740234375

training epoch: 16
log likelihood: -12405.73046875

training epoch: 17
log likelihood: -12356.9501953125

training epoch: 18
log likelihood: -12570.2998046875

training epoch: 19
log likelihood: -12322.76953125
recommendations_train shape:  (943, 50)
Scores shape:  (30425,)
count    30264.000000
mean         0.854038
std          1.505970
min         -4.174416
25%         -0.199011
50%          0.926448
75%          1.993910
max          4.799715
dtype: float64
precision: 0.076
recall: 0.229
hit rate: 0.901
Recommendations are not written to file for N higher than 20.
Rec train shape:  (943, 1682)
Rec test shape:  (943, 1682)


CV with  ran_for  for  gender
>acc=0.714,  est=0.719, cfg={'ran_for__max_features': 20, 'ran_for__min_samples_leaf': 2, 'ran_for__min_samples_split': 10, 'ran_for__n_estimators': 500} 

>acc=0.693,  est=0.737, cfg={'ran_for__max_features': 20, 'ran_for__min_samples_leaf': 1, 'ran_for__min_samples_split': 2, 'ran_for__n_estimators': 250} 

>acc=0.693,  est=0.716, cfg={'ran_for__max_features': 20, 'ran_for__min_samples_leaf': 1, 'ran_for__min_samples_split': 2, 'ran_for__n_estimators': 1500} 

>acc=0.734,  est=0.706, cfg={'ran_for__max_features': 10, 'ran_for__min_samples_leaf': 2, 'ran_for__min_samples_split': 20, 'ran_for__n_estimators': 100} 

>acc=0.718,  est=0.718, cfg={'ran_for__max_features': 15, 'ran_for__min_samples_leaf': 1, 'ran_for__min_samples_split': 10, 'ran_for__n_estimators': 100} 

Accuracy: 0.711 (0.016) 

accuracy: 0.718
auc:  0.6411199095022625


CV with  ran_for  for  age
>acc=0.545,  est=0.605, cfg={'ran_for__max_features': 20, 'ran_for__min_samples_leaf': 1, 'ran_for__min_samples_split': 2, 'ran_for__n_estimators': 1500} 

>acc=0.577,  est=0.622, cfg={'ran_for__max_features': 10, 'ran_for__min_samples_leaf': 1, 'ran_for__min_samples_split': 2, 'ran_for__n_estimators': 500} 

>acc=0.619,  est=0.596, cfg={'ran_for__max_features': 10, 'ran_for__min_samples_leaf': 1, 'ran_for__min_samples_split': 2, 'ran_for__n_estimators': 100} 

>acc=0.596,  est=0.597, cfg={'ran_for__max_features': 20, 'ran_for__min_samples_leaf': 1, 'ran_for__min_samples_split': 2, 'ran_for__n_estimators': 250} 

>acc=0.601,  est=0.595, cfg={'ran_for__max_features': 20, 'ran_for__min_samples_leaf': 1, 'ran_for__min_samples_split': 15, 'ran_for__n_estimators': 1000} 

Accuracy: 0.588 (0.025) 

accuracy: 0.601
auc:  0.5603392041748206


CV with  ran_for  for  occupation
>acc=0.217,  est=0.227, cfg={'ran_for__max_features': 20, 'ran_for__min_samples_leaf': 1, 'ran_for__min_samples_split': 20, 'ran_for__n_estimators': 1500} 

>acc=0.196,  est=0.247, cfg={'ran_for__max_features': 20, 'ran_for__min_samples_leaf': 1, 'ran_for__min_samples_split': 2, 'ran_for__n_estimators': 250} 

>acc=0.206,  est=0.239, cfg={'ran_for__max_features': 15, 'ran_for__min_samples_leaf': 1, 'ran_for__min_samples_split': 10, 'ran_for__n_estimators': 100} 

>acc=0.250,  est=0.229, cfg={'ran_for__max_features': 15, 'ran_for__min_samples_leaf': 1, 'ran_for__min_samples_split': 10, 'ran_for__n_estimators': 250} 

>acc=0.218,  est=0.242, cfg={'ran_for__max_features': 20, 'ran_for__min_samples_leaf': 1, 'ran_for__min_samples_split': 20, 'ran_for__n_estimators': 100} 

Accuracy: 0.217 (0.018) 

accuracy: 0.218
auc:  0.4144144144144144


CV with  ran_for  for  city
>acc=0.058,  est=0.044, cfg={'ran_for__max_features': 10, 'ran_for__min_samples_leaf': 2, 'ran_for__min_samples_split': 15, 'ran_for__n_estimators': 250} 

>acc=0.032,  est=0.045, cfg={'ran_for__max_features': 15, 'ran_for__min_samples_leaf': 4, 'ran_for__min_samples_split': 2, 'ran_for__n_estimators': 100} 

>acc=0.042,  est=0.040, cfg={'ran_for__max_features': 10, 'ran_for__min_samples_leaf': 4, 'ran_for__min_samples_split': 15, 'ran_for__n_estimators': 100} 

>acc=0.037,  est=0.045, cfg={'ran_for__max_features': 10, 'ran_for__min_samples_leaf': 2, 'ran_for__min_samples_split': 15, 'ran_for__n_estimators': 100} 

>acc=0.043,  est=0.046, cfg={'ran_for__max_features': 10, 'ran_for__min_samples_leaf': 4, 'ran_for__min_samples_split': 10, 'ran_for__n_estimators': 100} 

Accuracy: 0.042 (0.009) 

accuracy: 0.043
auc:  nan
Linux idun-02-22 4.18.0-193.el8.x86_64 #1 SMP Fri May 8 10:59:10 UTC 2020 x86_64 x86_64 x86_64 GNU/Linux
