we are running from this directory: /cluster/home/miriamfi/RankRec
The name of the job is: ran_r11s
The job ID is 335308
The job was run on these nodes: idun-03-17
Number of nodes: 1
We are using 1 cores
We are using 1 cores per node
Total of 1 cores

Currently Loaded Modules:
  1) GCCcore/9.3.0
  2) zlib/1.2.11-GCCcore-9.3.0                     (H)
  3) binutils/2.34-GCCcore-9.3.0                   (H)
  4) iccifort/2020.1.217
  5) numactl/2.0.13-GCCcore-9.3.0                  (H)
  6) UCX/1.8.0-GCCcore-9.3.0                       (H)
  7) impi/2019.7.217-iccifort-2020.1.217
  8) iimpi/2020a
  9) imkl/2020.1.217-iimpi-2020a
 10) intel/2020a
 11) bzip2/1.0.8-GCCcore-9.3.0                     (H)
 12) ncurses/6.2-GCCcore-9.3.0                     (H)
 13) libreadline/8.0-GCCcore-9.3.0                 (H)
 14) Tcl/8.6.10-GCCcore-9.3.0                      (H)
 15) SQLite/3.31.1-GCCcore-9.3.0                   (H)
 16) XZ/5.2.5-GCCcore-9.3.0                        (H)
 17) GMP/6.2.0-GCCcore-9.3.0                       (H)
 18) libffi/3.3-GCCcore-9.3.0                      (H)
 19) Python/3.8.2-GCCcore-9.3.0
 20) pybind11/2.4.3-GCCcore-9.3.0-Python-3.8.2     (H)
 21) SciPy-bundle/2020.03-intel-2020a-Python-3.8.2
 22) libpng/1.6.37-GCCcore-9.3.0                   (H)
 23) freetype/2.10.1-GCCcore-9.3.0                 (H)
 24) expat/2.2.9-GCCcore-9.3.0                     (H)
 25) util-linux/2.35-GCCcore-9.3.0                 (H)
 26) fontconfig/2.13.92-GCCcore-9.3.0              (H)
 27) xorg-macros/1.19.2-GCCcore-9.3.0              (H)
 28) libpciaccess/0.16-GCCcore-9.3.0               (H)
 29) X11/20200222-GCCcore-9.3.0                    (H)
 30) Tk/8.6.10-GCCcore-9.3.0                       (H)
 31) Tkinter/3.8.2-GCCcore-9.3.0                   (H)
 32) matplotlib/3.2.1-intel-2020a-Python-3.8.2

  Where:
   H:  Hidden Module

 

Program starting... 

User Info Loaded!
Loaded user features from user_features/feat_g_a_o_s.csv
User features shape:  (943, 79) 

Recommender Round 1: 

training epoch: 0
log likelihood: -15412.3603515625

training epoch: 1
log likelihood: -13112.0

training epoch: 2
log likelihood: -12570.5595703125

training epoch: 3
log likelihood: -11791.1298828125

training epoch: 4
log likelihood: -10701.2099609375

training epoch: 5
log likelihood: -9877.7998046875

training epoch: 6
log likelihood: -9067.330078125

training epoch: 7
log likelihood: -8606.83984375

training epoch: 8
log likelihood: -8247.8203125

training epoch: 9
log likelihood: -7820.64990234375

training epoch: 10
log likelihood: -7523.0400390625

training epoch: 11
log likelihood: -7448.240234375

training epoch: 12
log likelihood: -7270.580078125

training epoch: 13
log likelihood: -7037.740234375

training epoch: 14
log likelihood: -6934.16015625

training epoch: 15
log likelihood: -6800.919921875

training epoch: 16
log likelihood: -6685.9501953125

training epoch: 17
log likelihood: -6625.1201171875

training epoch: 18
log likelihood: -6692.419921875

training epoch: 19
log likelihood: -6597.52978515625
recommendations_train shape:  (943, 50)
Scores shape:  (29942,)
count    29587.000000
mean         0.861198
std          1.443066
min         -3.696825
25%         -0.145352
50%          0.918344
75%          1.948825
max          4.927308
dtype: float64
precision: 0.087
recall: 0.261
hit rate: 0.906
Recommender Round 2: 

training epoch: 0
log likelihood: -26498.140625

training epoch: 1
log likelihood: -23168.640625

training epoch: 2
log likelihood: -21056.94921875

training epoch: 3
log likelihood: -18853.640625

training epoch: 4
log likelihood: -17438.19921875

training epoch: 5
log likelihood: -16127.01953125

training epoch: 6
log likelihood: -15528.669921875

training epoch: 7
log likelihood: -14889.8603515625

training epoch: 8
log likelihood: -14252.900390625

training epoch: 9
log likelihood: -13868.240234375

training epoch: 10
log likelihood: -13626.75

training epoch: 11
log likelihood: -13241.900390625

training epoch: 12
log likelihood: -12958.1396484375

training epoch: 13
log likelihood: -12956.2802734375

training epoch: 14
log likelihood: -12818.150390625

training epoch: 15
log likelihood: -12721.830078125

training epoch: 16
log likelihood: -12647.51953125

training epoch: 17
log likelihood: -12692.0498046875

training epoch: 18
log likelihood: -12408.3701171875

training epoch: 19
log likelihood: -12347.419921875
recommendations_train shape:  (943, 50)
Scores shape:  (30425,)
count    30264.000000
mean         0.835639
std          1.424517
min         -3.604440
25%         -0.149983
50%          0.898502
75%          1.860549
max          5.099986
dtype: float64
precision: 0.070
recall: 0.207
hit rate: 0.874
Recommendations are not written to file for N higher than 20.
Rec train shape:  (943, 1682)
Rec test shape:  (943, 1682)


CV with  ran_for  for  gender
>acc=0.725,  est=0.720, cfg={'ran_for__max_features': 30, 'ran_for__min_samples_leaf': 2, 'ran_for__min_samples_split': 10, 'ran_for__n_estimators': 2000} 

>acc=0.693,  est=0.721, cfg={'ran_for__max_features': 30, 'ran_for__min_samples_leaf': 2, 'ran_for__min_samples_split': 20, 'ran_for__n_estimators': 2000} 

>acc=0.698,  est=0.716, cfg={'ran_for__max_features': 30, 'ran_for__min_samples_leaf': 2, 'ran_for__min_samples_split': 20, 'ran_for__n_estimators': 1000} 

>acc=0.750,  est=0.721, cfg={'ran_for__max_features': 20, 'ran_for__min_samples_leaf': 2, 'ran_for__min_samples_split': 2, 'ran_for__n_estimators': 500} 

>acc=0.723,  est=0.724, cfg={'ran_for__max_features': 30, 'ran_for__min_samples_leaf': 2, 'ran_for__min_samples_split': 10, 'ran_for__n_estimators': 1000} 

Accuracy: 0.718 (0.021) 

accuracy: 0.723
auc:  0.6500282805429864


CV with  ran_for  for  age
>acc=0.540,  est=0.599, cfg={'ran_for__max_features': 30, 'ran_for__min_samples_leaf': 2, 'ran_for__min_samples_split': 20, 'ran_for__n_estimators': 1000} 

>acc=0.571,  est=0.606, cfg={'ran_for__max_features': 30, 'ran_for__min_samples_leaf': 2, 'ran_for__min_samples_split': 2, 'ran_for__n_estimators': 500} 

>acc=0.624,  est=0.586, cfg={'ran_for__max_features': 30, 'ran_for__min_samples_leaf': 2, 'ran_for__min_samples_split': 20, 'ran_for__n_estimators': 2000} 

>acc=0.590,  est=0.600, cfg={'ran_for__max_features': 30, 'ran_for__min_samples_leaf': 2, 'ran_for__min_samples_split': 10, 'ran_for__n_estimators': 500} 

>acc=0.617,  est=0.597, cfg={'ran_for__max_features': 30, 'ran_for__min_samples_leaf': 2, 'ran_for__min_samples_split': 10, 'ran_for__n_estimators': 2000} 

Accuracy: 0.589 (0.031) 

accuracy: 0.617
auc:  0.6925962165688193


CV with  ran_for  for  occupation
>acc=0.233,  est=0.227, cfg={'ran_for__max_features': 30, 'ran_for__min_samples_leaf': 5, 'ran_for__min_samples_split': 30, 'ran_for__n_estimators': 500} 

>acc=0.175,  est=0.235, cfg={'ran_for__max_features': 30, 'ran_for__min_samples_leaf': 5, 'ran_for__min_samples_split': 30, 'ran_for__n_estimators': 2000} 

>acc=0.249,  est=0.243, cfg={'ran_for__max_features': 30, 'ran_for__min_samples_leaf': 2, 'ran_for__min_samples_split': 2, 'ran_for__n_estimators': 1000} 

>acc=0.218,  est=0.225, cfg={'ran_for__max_features': 30, 'ran_for__min_samples_leaf': 5, 'ran_for__min_samples_split': 20, 'ran_for__n_estimators': 500} 

>acc=0.239,  est=0.225, cfg={'ran_for__max_features': 30, 'ran_for__min_samples_leaf': 2, 'ran_for__min_samples_split': 30, 'ran_for__n_estimators': 1000} 

Accuracy: 0.223 (0.026) 

accuracy: 0.239
auc:  0.2252252252252252


CV with  ran_for  for  state
>acc=0.122,  est=0.125, cfg={'ran_for__max_features': 10, 'ran_for__min_samples_leaf': 10, 'ran_for__min_samples_split': 20, 'ran_for__n_estimators': 2000} 

>acc=0.106,  est=0.142, cfg={'ran_for__max_features': 10, 'ran_for__min_samples_leaf': 2, 'ran_for__min_samples_split': 20, 'ran_for__n_estimators': 1000} 

>acc=0.143,  est=0.142, cfg={'ran_for__max_features': 10, 'ran_for__min_samples_leaf': 5, 'ran_for__min_samples_split': 10, 'ran_for__n_estimators': 2000} 

>acc=0.122,  est=0.142, cfg={'ran_for__max_features': 10, 'ran_for__min_samples_leaf': 2, 'ran_for__min_samples_split': 10, 'ran_for__n_estimators': 2000} 

>acc=0.138,  est=0.132, cfg={'ran_for__max_features': 10, 'ran_for__min_samples_leaf': 2, 'ran_for__min_samples_split': 30, 'ran_for__n_estimators': 1500} 

Accuracy: 0.126 (0.013) 

accuracy: 0.138
auc:  0.45479641131815046
Linux idun-03-17 4.18.0-193.el8.x86_64 #1 SMP Fri May 8 10:59:10 UTC 2020 x86_64 x86_64 x86_64 GNU/Linux
