we are running from this directory: /cluster/home/miriamfi/RankRec
The name of the job is: ran_r10c
The job ID is 335307
The job was run on these nodes: idun-02-27
Number of nodes: 1
We are using 1 cores
We are using 1 cores per node
Total of 1 cores

Currently Loaded Modules:
  1) GCCcore/9.3.0
  2) zlib/1.2.11-GCCcore-9.3.0                     (H)
  3) binutils/2.34-GCCcore-9.3.0                   (H)
  4) iccifort/2020.1.217
  5) numactl/2.0.13-GCCcore-9.3.0                  (H)
  6) UCX/1.8.0-GCCcore-9.3.0                       (H)
  7) impi/2019.7.217-iccifort-2020.1.217
  8) iimpi/2020a
  9) imkl/2020.1.217-iimpi-2020a
 10) intel/2020a
 11) bzip2/1.0.8-GCCcore-9.3.0                     (H)
 12) ncurses/6.2-GCCcore-9.3.0                     (H)
 13) libreadline/8.0-GCCcore-9.3.0                 (H)
 14) Tcl/8.6.10-GCCcore-9.3.0                      (H)
 15) SQLite/3.31.1-GCCcore-9.3.0                   (H)
 16) XZ/5.2.5-GCCcore-9.3.0                        (H)
 17) GMP/6.2.0-GCCcore-9.3.0                       (H)
 18) libffi/3.3-GCCcore-9.3.0                      (H)
 19) Python/3.8.2-GCCcore-9.3.0
 20) pybind11/2.4.3-GCCcore-9.3.0-Python-3.8.2     (H)
 21) SciPy-bundle/2020.03-intel-2020a-Python-3.8.2
 22) libpng/1.6.37-GCCcore-9.3.0                   (H)
 23) freetype/2.10.1-GCCcore-9.3.0                 (H)
 24) expat/2.2.9-GCCcore-9.3.0                     (H)
 25) util-linux/2.35-GCCcore-9.3.0                 (H)
 26) fontconfig/2.13.92-GCCcore-9.3.0              (H)
 27) xorg-macros/1.19.2-GCCcore-9.3.0              (H)
 28) libpciaccess/0.16-GCCcore-9.3.0               (H)
 29) X11/20200222-GCCcore-9.3.0                    (H)
 30) Tk/8.6.10-GCCcore-9.3.0                       (H)
 31) Tkinter/3.8.2-GCCcore-9.3.0                   (H)
 32) matplotlib/3.2.1-intel-2020a-Python-3.8.2

  Where:
   H:  Hidden Module

 

/cluster/home/miriamfi/rank-env/lib/python3.8/site-packages/sklearn/metrics/_ranking.py:949: UndefinedMetricWarning: No positive samples in y_true, true positive value should be meaningless
  warnings.warn("No positive samples in y_true, "
Program starting... 

User Info Loaded!
Loaded user features from user_features/feat_g_a_o_c.csv
User features shape:  (943, 536) 

Recommender Round 1: 

training epoch: 0
log likelihood: -15671.98046875

training epoch: 1
log likelihood: -13128.58984375

training epoch: 2
log likelihood: -12377.08984375

training epoch: 3
log likelihood: -11016.919921875

training epoch: 4
log likelihood: -10025.759765625

training epoch: 5
log likelihood: -9158.9501953125

training epoch: 6
log likelihood: -8552.580078125

training epoch: 7
log likelihood: -8266.009765625

training epoch: 8
log likelihood: -7885.25

training epoch: 9
log likelihood: -7484.68017578125

training epoch: 10
log likelihood: -7320.3798828125

training epoch: 11
log likelihood: -7323.990234375

training epoch: 12
log likelihood: -7015.66015625

training epoch: 13
log likelihood: -6856.91015625

training epoch: 14
log likelihood: -6763.56005859375

training epoch: 15
log likelihood: -6727.72998046875

training epoch: 16
log likelihood: -6571.81982421875

training epoch: 17
log likelihood: -6466.64013671875

training epoch: 18
log likelihood: -6378.56005859375

training epoch: 19
log likelihood: -6330.0400390625
recommendations_train shape:  (943, 50)
Scores shape:  (29942,)
count    29587.000000
mean         0.872134
std          1.427053
min         -4.147458
25%         -0.135905
50%          0.953061
75%          1.946421
max          4.664804
dtype: float64
precision: 0.088
recall: 0.268
hit rate: 0.920
Recommender Round 2: 

training epoch: 0
log likelihood: -26827.98046875

training epoch: 1
log likelihood: -22559.7890625

training epoch: 2
log likelihood: -19928.310546875

training epoch: 3
log likelihood: -17890.44921875

training epoch: 4
log likelihood: -16322.490234375

training epoch: 5
log likelihood: -15571.330078125

training epoch: 6
log likelihood: -14978.7900390625

training epoch: 7
log likelihood: -14540.349609375

training epoch: 8
log likelihood: -13906.41015625

training epoch: 9
log likelihood: -13661.6201171875

training epoch: 10
log likelihood: -13486.7802734375

training epoch: 11
log likelihood: -13141.98046875

training epoch: 12
log likelihood: -12951.66015625

training epoch: 13
log likelihood: -12889.2998046875

training epoch: 14
log likelihood: -12912.400390625

training epoch: 15
log likelihood: -12663.3896484375

training epoch: 16
log likelihood: -12585.900390625

training epoch: 17
log likelihood: -12646.240234375

training epoch: 18
log likelihood: -12484.330078125

training epoch: 19
log likelihood: -12219.33984375
recommendations_train shape:  (943, 50)
Scores shape:  (30425,)
count    30264.000000
mean         0.837541
std          1.501765
min         -4.199707
25%         -0.213166
50%          0.903772
75%          1.940411
max          4.805113
dtype: float64
precision: 0.072
recall: 0.215
hit rate: 0.863
Recommendations are not written to file for N higher than 20.
Rec train shape:  (943, 1682)
Rec test shape:  (943, 1682)


CV with  ran_for  for  gender
>acc=0.714,  est=0.712, cfg={'ran_for__max_features': 8, 'ran_for__min_samples_leaf': 2, 'ran_for__min_samples_split': 10, 'ran_for__n_estimators': 250} 

>acc=0.688,  est=0.716, cfg={'ran_for__max_features': 8, 'ran_for__min_samples_leaf': 2, 'ran_for__min_samples_split': 2, 'ran_for__n_estimators': 250} 

>acc=0.693,  est=0.715, cfg={'ran_for__max_features': 8, 'ran_for__min_samples_leaf': 2, 'ran_for__min_samples_split': 10, 'ran_for__n_estimators': 500} 

>acc=0.734,  est=0.707, cfg={'ran_for__max_features': 8, 'ran_for__min_samples_leaf': 1, 'ran_for__min_samples_split': 15, 'ran_for__n_estimators': 1000} 

>acc=0.729,  est=0.711, cfg={'ran_for__max_features': 8, 'ran_for__min_samples_leaf': 1, 'ran_for__min_samples_split': 15, 'ran_for__n_estimators': 250} 

Accuracy: 0.712 (0.018) 

accuracy: 0.729
auc:  0.7268099547511313


CV with  ran_for  for  age
>acc=0.561,  est=0.597, cfg={'ran_for__max_features': 15, 'ran_for__min_samples_leaf': 1, 'ran_for__min_samples_split': 2, 'ran_for__n_estimators': 250} 

>acc=0.566,  est=0.625, cfg={'ran_for__max_features': 15, 'ran_for__min_samples_leaf': 1, 'ran_for__min_samples_split': 2, 'ran_for__n_estimators': 250} 

>acc=0.587,  est=0.592, cfg={'ran_for__max_features': 10, 'ran_for__min_samples_leaf': 1, 'ran_for__min_samples_split': 2, 'ran_for__n_estimators': 1000} 

>acc=0.590,  est=0.596, cfg={'ran_for__max_features': 10, 'ran_for__min_samples_leaf': 1, 'ran_for__min_samples_split': 2, 'ran_for__n_estimators': 1000} 

>acc=0.612,  est=0.595, cfg={'ran_for__max_features': 15, 'ran_for__min_samples_leaf': 1, 'ran_for__min_samples_split': 10, 'ran_for__n_estimators': 500} 

Accuracy: 0.583 (0.018) 

accuracy: 0.612
auc:  0.6594911937377691


CV with  ran_for  for  occupation
>acc=0.233,  est=0.225, cfg={'ran_for__max_features': 15, 'ran_for__min_samples_leaf': 1, 'ran_for__min_samples_split': 10, 'ran_for__n_estimators': 250} 

>acc=0.175,  est=0.253, cfg={'ran_for__max_features': 15, 'ran_for__min_samples_leaf': 1, 'ran_for__min_samples_split': 2, 'ran_for__n_estimators': 500} 

>acc=0.243,  est=0.251, cfg={'ran_for__max_features': 15, 'ran_for__min_samples_leaf': 1, 'ran_for__min_samples_split': 2, 'ran_for__n_estimators': 250} 

>acc=0.213,  est=0.242, cfg={'ran_for__max_features': 8, 'ran_for__min_samples_leaf': 1, 'ran_for__min_samples_split': 2, 'ran_for__n_estimators': 1000} 

>acc=0.223,  est=0.246, cfg={'ran_for__max_features': 15, 'ran_for__min_samples_leaf': 1, 'ran_for__min_samples_split': 10, 'ran_for__n_estimators': 250} 

Accuracy: 0.217 (0.024) 

accuracy: 0.223
auc:  0.3045045045045045


CV with  ran_for  for  city
>acc=0.048,  est=0.050, cfg={'ran_for__max_features': 8, 'ran_for__min_samples_leaf': 2, 'ran_for__min_samples_split': 10, 'ran_for__n_estimators': 250} 

>acc=0.016,  est=0.050, cfg={'ran_for__max_features': 8, 'ran_for__min_samples_leaf': 2, 'ran_for__min_samples_split': 10, 'ran_for__n_estimators': 250} 

>acc=0.042,  est=0.044, cfg={'ran_for__max_features': 15, 'ran_for__min_samples_leaf': 2, 'ran_for__min_samples_split': 10, 'ran_for__n_estimators': 500} 

>acc=0.043,  est=0.042, cfg={'ran_for__max_features': 8, 'ran_for__min_samples_leaf': 4, 'ran_for__min_samples_split': 10, 'ran_for__n_estimators': 500} 

>acc=0.027,  est=0.053, cfg={'ran_for__max_features': 15, 'ran_for__min_samples_leaf': 4, 'ran_for__min_samples_split': 15, 'ran_for__n_estimators': 250} 

Accuracy: 0.035 (0.012) 

accuracy: 0.027
auc:  nan
Linux idun-02-27 4.18.0-193.el8.x86_64 #1 SMP Fri May 8 10:59:10 UTC 2020 x86_64 x86_64 x86_64 GNU/Linux
