we are running from this directory: /cluster/home/miriamfi/RankRec
The name of the job is: ran_r1
The job ID is 331137
The job was run on these nodes: idun-02-02
Number of nodes: 1
We are using 1 cores
We are using 1 cores per node
Total of 1 cores
Lmod has detected the following error: The following module(s) are unknown:
"Python/3.8.6-GCCcore/10.2.0"

Please check the spelling or version number. Also try "module spider ..."
It is also possible your cache file is out-of-date; it may help to try:
  $ module --ignore-cache load "Python/3.8.6-GCCcore/10.2.0"

Also make sure that all modulefiles written in TCL start with the string
#%Module




Currently Loaded Modules:
  1) GCCcore/10.2.0
  2) zlib/1.2.11-GCCcore-10.2.0          (H)
  3) binutils/2.35-GCCcore-10.2.0        (H)
  4) iccifort/2020.4.304
  5) numactl/2.0.13-GCCcore-10.2.0       (H)
  6) UCX/1.9.0-GCCcore-10.2.0            (H)
  7) impi/2019.9.304-iccifort-2020.4.304
  8) iimpi/2020b
  9) imkl/2020.4.304-iimpi-2020b
 10) intel/2020b

  Where:
   H:  Hidden Module

 

python: error while loading shared libraries: libpython3.8.so.1.0: cannot open shared object file: No such file or directory
Linux idun-02-02 4.18.0-193.el8.x86_64 #1 SMP Fri May 8 10:59:10 UTC 2020 x86_64 x86_64 x86_64 GNU/Linux
