we are running from this directory: /cluster/home/miriamfi/RankRec
The name of the job is: ran_r1
The job ID is 331141
The job was run on these nodes: idun-02-25
Number of nodes: 1
We are using 1 cores
We are using 1 cores per node
Total of 1 cores

Currently Loaded Modules:
  1) GCCcore/10.2.0
  2) zlib/1.2.11-GCCcore-10.2.0          (H)
  3) binutils/2.35-GCCcore-10.2.0        (H)
  4) iccifort/2020.4.304
  5) numactl/2.0.13-GCCcore-10.2.0       (H)
  6) UCX/1.9.0-GCCcore-10.2.0            (H)
  7) impi/2019.9.304-iccifort-2020.4.304
  8) iimpi/2020b
  9) imkl/2020.4.304-iimpi-2020b
 10) intel/2020b
 11) bzip2/1.0.8-GCCcore-10.2.0          (H)
 12) ncurses/6.2-GCCcore-10.2.0          (H)
 13) libreadline/8.0-GCCcore-10.2.0      (H)
 14) Tcl/8.6.10-GCCcore-10.2.0           (H)
 15) SQLite/3.33.0-GCCcore-10.2.0        (H)
 16) XZ/5.2.5-GCCcore-10.2.0             (H)
 17) GMP/6.2.0-GCCcore-10.2.0            (H)
 18) libffi/3.3-GCCcore-10.2.0           (H)
 19) Python/3.8.6-GCCcore-10.2.0

  Where:
   H:  Hidden Module

 

Program starting... 

User Info Loaded!
Loaded user features from user_features/feat_g_a_o_s.csv
User features shape:  (943, 79) 

Matrix Dimensions for  X_train1
X_train1  shape: (39633, 2)
X_train1  unique users: 943
X_train1  unique items: 1440


X_train1  matrix sparsity: 97.1%


Matrix Dimensions for  X_test1
X_test1  shape: (29942, 2)
X_test1  unique users: 943
X_test1  unique items: 1465


X_test1  matrix sparsity: 97.8%


Matrix Dimensions for  X_train2
X_train2  shape: (69575, 2)
X_train2  unique users: 943
X_train2  unique items: 1575


X_train2  matrix sparsity: 95.3%


Matrix Dimensions for  X_test2
X_test2  shape: (30425, 2)
X_test2  unique users: 943
X_test2  unique items: 1574


X_test2  matrix sparsity: 98.0%


X train and test 1
Stats for  users
Train  users : 943
Test  users 943
cold-start  users : set()


Stats for  items
Train  items : 1440
Test  items 1465
cold-start  items : {'1412', '775', '1104', '1658', '1032', '1542', '1231', '415', '1285', '1515', '817', '1443', '1602', '1534', '35', '1610', '838', '1597', '1370', '1454', '1325', '1522', '1523', '1611', '920', '1175', '1003', '1600', '1419', '1444', '852', '438', '1210', '1253', '1541', '1314', '1144', '1156', '1598', '1638', '1200', '1495', '1246', '1595', '1448', '816', '726', '1309', '1486', '1027', '1467', '1662', '1501', '830', '1480', '1634', '668', '1459', '788', '1230', '1303', '1481', '745', '1490', '439', '1435', '1660', '138', '1532', '1609', '1644', '1239', '1364', '1521', '1374', '442', '777', '1531', '1517', '1596', '1654', '572', '1250', '791', '1626', '1397', '1672', '1446', '1528', '78', '992', '1402', '1657', '37', '1553', '1594', '1456', '1416', '1617', '1540', '1043', '1222', '1223', '1162', '858', '1550', '1509', '1642', '1293', '1599', '1354', '573', '1505', '1450', '1639', '388', '1477', '1676', '598', '1548', '1403', '1474', '804', '1422', '1578', '784', '927', '1471', '1155', '437', '1002', '400', '765', '1096', '1310'}


X train and test 2
Stats for  users
Train  users : 943
Test  users 943
cold-start  users : set()


Stats for  items
Train  items : 1575
Test  items 1574
cold-start  items : {'1661', '1580', '1571', '1365', '1563', '1543', '1498', '1637', '1577', '1673', '1628', '911', '1504', '1575', '1648', '1235', '1625', '1632', '1627', '1497', '1494', '1680', '1398', '1562', '1679', '1106', '1663', '1458', '1647', '1130', '1665', '1664', '1492', '1618', '1476', '1453', '1189', '1681', '1570', '1651', '814', '1447', '677', '1499', '1565', '1677', '1621', '1327', '1650', '1675', '1590', '1666', '1572', '1581', '1408', '1667', '1640', '1624', '600', '1669', '1668', '1584', '1452', '1653', '1682', '1525', '897', '1236', '1569', '1576', '1493', '1520', '910', '1510', '1186', '1613', '1579', '1275', '1606', '1489', '1436', '1526', '626', '1603', '1659', '1546', '1649', '1549', '1645', '1671', '1588', '1646', '599', '1582', '1614', '1674', '1583', '913', '1432', '1586', '1633', '1508', '1593', '1616', '1678', '1460', '957'}


Recommender Round 1: 

training epoch: 0
log likelihood: -15347.599609375

training epoch: 1
log likelihood: -13181.849609375

training epoch: 2
log likelihood: -12843.01953125

training epoch: 3
log likelihood: -12334.3095703125

training epoch: 4
log likelihood: -11741.330078125

training epoch: 5
log likelihood: -11228.349609375

training epoch: 6
log likelihood: -10301.7001953125

training epoch: 7
log likelihood: -10007.6103515625

training epoch: 8
log likelihood: -9468.83984375

training epoch: 9
log likelihood: -9070.990234375

training epoch: 10
log likelihood: -8708.58984375

training epoch: 11
log likelihood: -8615.650390625

training epoch: 12
log likelihood: -8387.0302734375

training epoch: 13
log likelihood: -8045.06982421875

training epoch: 14
log likelihood: -7972.47021484375

training epoch: 15
log likelihood: -7818.9501953125

training epoch: 16
log likelihood: -7705.25

training epoch: 17
log likelihood: -7458.740234375

training epoch: 18
log likelihood: -7544.3701171875

training epoch: 19
log likelihood: -7397.7099609375
recommendations_train shape:  (943, 50)
Scores shape:  (29942,)
count    29587.000000
mean         0.912368
std          1.284274
min         -3.365309
25%          0.023842
50%          1.005860
75%          1.896641
max          4.113520
dtype: float64
precision: 0.086
recall: 0.256
hit rate: 0.898
Recommender Round 2: 

training epoch: 0
log likelihood: -26341.669921875

training epoch: 1
log likelihood: -23315.330078125

training epoch: 2
log likelihood: -22075.529296875

training epoch: 3
log likelihood: -20171.939453125

training epoch: 4
log likelihood: -18425.939453125

training epoch: 5
log likelihood: -17434.5390625

training epoch: 6
log likelihood: -16517.240234375

training epoch: 7
log likelihood: -15994.2001953125

training epoch: 8
log likelihood: -15363.4404296875

training epoch: 9
log likelihood: -15179.2802734375

training epoch: 10
log likelihood: -14836.599609375

training epoch: 11
log likelihood: -14312.9404296875

training epoch: 12
log likelihood: -14011.1396484375

training epoch: 13
log likelihood: -13952.080078125

training epoch: 14
log likelihood: -13763.240234375

training epoch: 15
log likelihood: -13514.2802734375

training epoch: 16
log likelihood: -13242.1103515625

training epoch: 17
log likelihood: -13259.919921875

training epoch: 18
log likelihood: -13133.259765625

training epoch: 19
log likelihood: -12884.8603515625
recommendations_train shape:  (943, 50)
Scores shape:  (30425,)
count    30264.000000
mean         0.877083
std          1.320166
min         -3.643159
25%         -0.021266
50%          0.961764
75%          1.874315
max          4.297490
dtype: float64
precision: 0.074
recall: 0.217
hit rate: 0.881
Recommendations are not written to file for N higher than 20.
Rec train shape:  (943, 1682)
Rec test shape:  (943, 1682)
Start downloading data for simple zipcode database, total size 9MB ...
  1 MB finished ...
  2 MB finished ...
  3 MB finished ...
  4 MB finished ...
  5 MB finished ...
  6 MB finished ...
  7 MB finished ...
  8 MB finished ...
  9 MB finished ...
  10 MB finished ...
  Complete!
CV for  gender
>acc=0.714, est=0.714, cfg={'max_features': 20, 'n_estimators': 100} 

>acc=0.688, est=0.720, cfg={'max_features': 5, 'n_estimators': 100} 

>acc=0.693, est=0.719, cfg={'max_features': 5, 'n_estimators': 100} 

>acc=0.734, est=0.711, cfg={'max_features': 15, 'n_estimators': 250} 

>acc=0.723, est=0.715, cfg={'max_features': 10, 'n_estimators': 100} 

Accuracy: 0.711 (0.018) 

CV for  age
>acc=0.534, est=0.609, cfg={'max_features': 15, 'n_estimators': 500} 

>acc=0.571, est=0.602, cfg={'max_features': 20, 'n_estimators': 250} 

>acc=0.619, est=0.592, cfg={'max_features': 20, 'n_estimators': 100} 

>acc=0.585, est=0.600, cfg={'max_features': 20, 'n_estimators': 2000} 

>acc=0.601, est=0.582, cfg={'max_features': 10, 'n_estimators': 500} 

Accuracy: 0.582 (0.029) 

CV for  occupation
>acc=0.212, est=0.229, cfg={'max_features': 20, 'n_estimators': 1500} 

>acc=0.185, est=0.237, cfg={'max_features': 20, 'n_estimators': 1500} 

>acc=0.212, est=0.228, cfg={'max_features': 15, 'n_estimators': 1000} 

>acc=0.218, est=0.212, cfg={'max_features': 5, 'n_estimators': 250} 

>acc=0.218, est=0.219, cfg={'max_features': 10, 'n_estimators': 2000} 

Accuracy: 0.209 (0.012) 

CV for  state
>acc=0.106, est=0.106, cfg={'max_features': 15, 'n_estimators': 250} 

>acc=0.095, est=0.129, cfg={'max_features': 15, 'n_estimators': 500} 

>acc=0.143, est=0.125, cfg={'max_features': 2, 'n_estimators': 2000} 

>acc=0.085, est=0.114, cfg={'max_features': 5, 'n_estimators': 250} 

>acc=0.106, est=0.128, cfg={'max_features': 2, 'n_estimators': 1500} 

Accuracy: 0.107 (0.020) 

Linux idun-02-25 4.18.0-193.el8.x86_64 #1 SMP Fri May 8 10:59:10 UTC 2020 x86_64 x86_64 x86_64 GNU/Linux
