we are running from this directory: /cluster/home/miriamfi/RankRec
The name of the job is: ex1_st
The job ID is 337168
The job was run on these nodes: idun-02-03
Number of nodes: 1
We are using 1 cores
We are using 1 cores per node
Total of 1 cores

Currently Loaded Modules:
  1) GCCcore/9.3.0
  2) zlib/1.2.11-GCCcore-9.3.0                     (H)
  3) binutils/2.34-GCCcore-9.3.0                   (H)
  4) iccifort/2020.1.217
  5) numactl/2.0.13-GCCcore-9.3.0                  (H)
  6) UCX/1.8.0-GCCcore-9.3.0                       (H)
  7) impi/2019.7.217-iccifort-2020.1.217
  8) iimpi/2020a
  9) imkl/2020.1.217-iimpi-2020a
 10) intel/2020a
 11) bzip2/1.0.8-GCCcore-9.3.0                     (H)
 12) ncurses/6.2-GCCcore-9.3.0                     (H)
 13) libreadline/8.0-GCCcore-9.3.0                 (H)
 14) Tcl/8.6.10-GCCcore-9.3.0                      (H)
 15) SQLite/3.31.1-GCCcore-9.3.0                   (H)
 16) XZ/5.2.5-GCCcore-9.3.0                        (H)
 17) GMP/6.2.0-GCCcore-9.3.0                       (H)
 18) libffi/3.3-GCCcore-9.3.0                      (H)
 19) Python/3.8.2-GCCcore-9.3.0
 20) pybind11/2.4.3-GCCcore-9.3.0-Python-3.8.2     (H)
 21) SciPy-bundle/2020.03-intel-2020a-Python-3.8.2
 22) libpng/1.6.37-GCCcore-9.3.0                   (H)
 23) freetype/2.10.1-GCCcore-9.3.0                 (H)
 24) expat/2.2.9-GCCcore-9.3.0                     (H)
 25) util-linux/2.35-GCCcore-9.3.0                 (H)
 26) fontconfig/2.13.92-GCCcore-9.3.0              (H)
 27) xorg-macros/1.19.2-GCCcore-9.3.0              (H)
 28) libpciaccess/0.16-GCCcore-9.3.0               (H)
 29) X11/20200222-GCCcore-9.3.0                    (H)
 30) Tk/8.6.10-GCCcore-9.3.0                       (H)
 31) Tkinter/3.8.2-GCCcore-9.3.0                   (H)
 32) matplotlib/3.2.1-intel-2020a-Python-3.8.2

  Where:
   H:  Hidden Module

 

Program starting... 

User Info Loaded!
Loaded user features from user_features/feat_g_a_o_s.csv
User features shape:  (943, 79) 

Matrix Dimensions for  X_train1
X_train1  shape: (39633, 2)
X_train1  unique users: 943
X_train1  unique items: 1440


X_train1  matrix sparsity: 97.1%


Matrix Dimensions for  X_test1
X_test1  shape: (29942, 2)
X_test1  unique users: 943
X_test1  unique items: 1465


X_test1  matrix sparsity: 97.8%


Matrix Dimensions for  X_train2
X_train2  shape: (69575, 2)
X_train2  unique users: 943
X_train2  unique items: 1575


X_train2  matrix sparsity: 95.3%


Matrix Dimensions for  X_test2
X_test2  shape: (30425, 2)
X_test2  unique users: 943
X_test2  unique items: 1574


X_test2  matrix sparsity: 98.0%


X train and test 1
Stats for  users
Train  users : 943
Test  users 943
cold-start  users : set()


Stats for  items
Train  items : 1440
Test  items 1465
cold-start  items : {'1467', '1370', '1435', '1599', '1626', '1509', '1402', '1250', '1550', '1676', '1002', '777', '1403', '1596', '388', '1474', '1609', '1310', '852', '1486', '400', '1230', '1634', '1459', '1104', '1528', '1660', '1611', '1644', '791', '1521', '438', '1490', '1397', '1155', '1481', '1532', '1422', '838', '1162', '1594', '1617', '1523', '927', '1639', '1531', '1309', '992', '138', '573', '437', '1446', '1210', '598', '775', '1657', '1672', '858', '1541', '35', '572', '830', '1303', '1456', '1471', '1495', '1542', '1480', '1231', '1501', '1517', '1553', '1534', '1443', '37', '1239', '1285', '1522', '1548', '920', '1638', '1662', '788', '1540', '78', '1416', '668', '1600', '415', '1598', '1505', '1032', '1578', '1654', '1597', '1314', '1412', '1450', '1642', '1027', '804', '1200', '439', '745', '1043', '765', '817', '726', '784', '1515', '1454', '1175', '1156', '1602', '1477', '442', '1444', '1003', '1610', '1364', '1419', '1096', '1595', '816', '1325', '1374', '1246', '1223', '1354', '1222', '1658', '1253', '1293', '1144', '1448'}


X train and test 2
Stats for  users
Train  users : 943
Test  users 943
cold-start  users : set()


Stats for  items
Train  items : 1575
Test  items 1574
cold-start  items : {'677', '1666', '626', '1520', '1275', '1525', '1653', '1432', '1627', '1575', '1106', '1649', '1632', '1189', '1593', '1648', '1640', '1581', '1669', '1476', '1633', '1510', '1668', '1563', '1571', '1494', '1489', '1590', '1677', '1546', '1584', '911', '1498', '1235', '1493', '1628', '1586', '1647', '1365', '1671', '913', '1236', '1436', '1576', '1646', '1408', '1492', '1460', '1186', '1667', '1678', '957', '1579', '1580', '1675', '1618', '1588', '1650', '1549', '1577', '1453', '599', '1661', '910', '1572', '600', '1645', '1679', '1583', '1398', '1130', '1614', '1624', '1447', '1651', '1582', '1680', '1659', '1327', '1543', '1665', '1681', '1603', '897', '1613', '1497', '1616', '1570', '1625', '1664', '1508', '1637', '1673', '1526', '1504', '1606', '1565', '1674', '1682', '1499', '1452', '1562', '1458', '1621', '814', '1663', '1569'}


Recommender Round 1: 

training epoch: 0
log likelihood: -15499.16015625

training epoch: 1
log likelihood: -13247.3798828125

training epoch: 2
log likelihood: -12717.599609375

training epoch: 3
log likelihood: -11934.0

training epoch: 4
log likelihood: -10827.4296875

training epoch: 5
log likelihood: -9959.5302734375

training epoch: 6
log likelihood: -8992.2099609375

training epoch: 7
log likelihood: -8738.26953125

training epoch: 8
log likelihood: -8351.580078125

training epoch: 9
log likelihood: -7949.10009765625

training epoch: 10
log likelihood: -7685.35986328125

training epoch: 11
log likelihood: -7443.02001953125

training epoch: 12
log likelihood: -7277.2998046875

training epoch: 13
log likelihood: -6991.43017578125

training epoch: 14
log likelihood: -6822.83984375

training epoch: 15
log likelihood: -6853.52001953125

training epoch: 16
log likelihood: -6705.56005859375

training epoch: 17
log likelihood: -6571.9599609375

training epoch: 18
log likelihood: -6530.1298828125

training epoch: 19
log likelihood: -6446.27978515625
recommendations_train shape:  (943, 50)
Scores shape:  (29942,)
count    29587.000000
mean         0.898362
std          1.384770
min         -3.704747
25%         -0.072577
50%          0.989345
75%          1.955420
max          4.518881
dtype: float64
precision: 0.092
recall: 0.274
hit rate: 0.931
Recommender Round 2: 

training epoch: 0
log likelihood: -26487.30078125

training epoch: 1
log likelihood: -23072.830078125

training epoch: 2
log likelihood: -20980.55078125

training epoch: 3
log likelihood: -18601.0703125

training epoch: 4
log likelihood: -17011.41015625

training epoch: 5
log likelihood: -16139.5498046875

training epoch: 6
log likelihood: -15340.150390625

training epoch: 7
log likelihood: -14820.849609375

training epoch: 8
log likelihood: -14235.0

training epoch: 9
log likelihood: -13969.7001953125

training epoch: 10
log likelihood: -13711.23046875

training epoch: 11
log likelihood: -13507.2900390625

training epoch: 12
log likelihood: -13109.7197265625

training epoch: 13
log likelihood: -12937.98046875

training epoch: 14
log likelihood: -12964.76953125

training epoch: 15
log likelihood: -12829.33984375

training epoch: 16
log likelihood: -12728.48046875

training epoch: 17
log likelihood: -12636.3701171875

training epoch: 18
log likelihood: -12515.5400390625

training epoch: 19
log likelihood: -12408.5400390625
recommendations_train shape:  (943, 50)
Scores shape:  (30425,)
count    30264.000000
mean         0.834095
std          1.414917
min         -4.116790
25%         -0.148462
50%          0.919221
75%          1.879717
max          4.868258
dtype: float64
precision: 0.071
recall: 0.215
hit rate: 0.892
Recommendations are not written to file for N higher than 20.
Rec train shape:  (943, 1682)
Rec test shape:  (943, 1682)


CV with  log_reg  for  gender
y_train unique len:  2
y_test unique len:  2
>acc=0.714, f1=0.714, est=0.708, cfg={'log_reg__C': 0.001, 'log_reg__max_iter': 10000, 'log_reg__penalty': 'l2', 'log_reg__solver': 'newton-cg'} 

y_train unique len:  2
y_test unique len:  2
>acc=0.693, f1=0.693, est=0.714, cfg={'log_reg__C': 0.001, 'log_reg__max_iter': 10000, 'log_reg__penalty': 'l2', 'log_reg__solver': 'newton-cg'} 

y_train unique len:  2
y_test unique len:  2
>acc=0.640, f1=0.640, est=0.712, cfg={'log_reg__C': 0.01, 'log_reg__max_iter': 10000, 'log_reg__penalty': 'l2', 'log_reg__solver': 'newton-cg'} 

y_train unique len:  2
y_test unique len:  2
>acc=0.713, f1=0.713, est=0.702, cfg={'log_reg__C': 0.001, 'log_reg__max_iter': 10000, 'log_reg__penalty': 'l2', 'log_reg__solver': 'newton-cg'} 

y_train unique len:  2
y_test unique len:  2
>acc=0.723, f1=0.723, est=0.706, cfg={'log_reg__C': 0.001, 'log_reg__max_iter': 10000, 'log_reg__penalty': 'l2', 'log_reg__solver': 'newton-cg'} 

Accuracy: 0.697 (0.030) 

F1: 0.697 (0.030) 



CV with  log_reg  for  age
y_train unique len:  3
y_test unique len:  3
>acc=0.487, f1=0.487, est=0.610, cfg={'log_reg__C': 0.01, 'log_reg__max_iter': 10000, 'log_reg__penalty': 'l2', 'log_reg__solver': 'newton-cg'} 

y_train unique len:  3
y_test unique len:  3
>acc=0.556, f1=0.556, est=0.596, cfg={'log_reg__C': 0.001, 'log_reg__max_iter': 10000, 'log_reg__penalty': 'l2', 'log_reg__solver': 'newton-cg'} 

y_train unique len:  3
y_test unique len:  3
>acc=0.582, f1=0.582, est=0.594, cfg={'log_reg__C': 0.01, 'log_reg__max_iter': 10000, 'log_reg__penalty': 'l2', 'log_reg__solver': 'newton-cg'} 

y_train unique len:  3
y_test unique len:  3
>acc=0.548, f1=0.548, est=0.605, cfg={'log_reg__C': 0.01, 'log_reg__max_iter': 10000, 'log_reg__penalty': 'l2', 'log_reg__solver': 'newton-cg'} 

y_train unique len:  3
y_test unique len:  3
>acc=0.590, f1=0.590, est=0.601, cfg={'log_reg__C': 0.001, 'log_reg__max_iter': 10000, 'log_reg__penalty': 'l2', 'log_reg__solver': 'sag'} 

Accuracy: 0.553 (0.036) 

F1: 0.553 (0.036) 



CV with  log_reg  for  occupation
y_train unique len:  21
y_test unique len:  20
>acc=0.169, f1=0.169, est=0.222, cfg={'log_reg__C': 0.01, 'log_reg__max_iter': 10000, 'log_reg__penalty': 'l2', 'log_reg__solver': 'sag'} 

y_train unique len:  21
y_test unique len:  21
>acc=0.164, f1=0.164, est=0.220, cfg={'log_reg__C': 0.001, 'log_reg__max_iter': 10000, 'log_reg__penalty': 'l2', 'log_reg__solver': 'sag'} 

y_train unique len:  21
y_test unique len:  20
>acc=0.206, f1=0.206, est=0.218, cfg={'log_reg__C': 0.001, 'log_reg__max_iter': 10000, 'log_reg__penalty': 'l2', 'log_reg__solver': 'newton-cg'} 

y_train unique len:  21
y_test unique len:  21
>acc=0.181, f1=0.181, est=0.215, cfg={'log_reg__C': 0.01, 'log_reg__max_iter': 10000, 'log_reg__penalty': 'l2', 'log_reg__solver': 'saga'} 

y_train unique len:  21
y_test unique len:  21
>acc=0.218, f1=0.218, est=0.217, cfg={'log_reg__C': 0.001, 'log_reg__max_iter': 10000, 'log_reg__penalty': 'l2', 'log_reg__solver': 'newton-cg'} 

Accuracy: 0.188 (0.021) 

F1: 0.188 (0.021) 



CV with  log_reg  for  state
y_train unique len:  51
y_test unique len:  43
>acc=0.111, f1=0.111, est=0.119, cfg={'log_reg__C': 0.001, 'log_reg__max_iter': 10000, 'log_reg__penalty': 'l2', 'log_reg__solver': 'newton-cg'} 

y_train unique len:  52
y_test unique len:  37
>acc=0.101, f1=0.101, est=0.130, cfg={'log_reg__C': 0.001, 'log_reg__max_iter': 10000, 'log_reg__penalty': 'l2', 'log_reg__solver': 'saga'} 

y_train unique len:  52
y_test unique len:  38
>acc=0.169, f1=0.169, est=0.141, cfg={'log_reg__C': 0.001, 'log_reg__max_iter': 10000, 'log_reg__penalty': 'l2', 'log_reg__solver': 'newton-cg'} 

y_train unique len:  51
y_test unique len:  44
>acc=0.128, f1=0.128, est=0.128, cfg={'log_reg__C': 0.001, 'log_reg__max_iter': 10000, 'log_reg__penalty': 'l2', 'log_reg__solver': 'saga'} 

y_train unique len:  50
y_test unique len:  42
>acc=0.122, f1=0.122, est=0.132, cfg={'log_reg__C': 0.001, 'log_reg__max_iter': 10000, 'log_reg__penalty': 'l2', 'log_reg__solver': 'newton-cg'} 

Accuracy: 0.126 (0.024) 

F1: 0.126 (0.024) 

Linux idun-02-03 4.18.0-193.el8.x86_64 #1 SMP Fri May 8 10:59:10 UTC 2020 x86_64 x86_64 x86_64 GNU/Linux
