we are running from this directory: /cluster/home/miriamfi/RankRec
The name of the job is: log_r1
The job ID is 331806
The job was run on these nodes: idun-02-13
Number of nodes: 1
We are using 1 cores
We are using 1 cores per node
Total of 1 cores

Currently Loaded Modules:
  1) GCCcore/10.2.0
  2) zlib/1.2.11-GCCcore-10.2.0          (H)
  3) binutils/2.35-GCCcore-10.2.0        (H)
  4) iccifort/2020.4.304
  5) numactl/2.0.13-GCCcore-10.2.0       (H)
  6) UCX/1.9.0-GCCcore-10.2.0            (H)
  7) impi/2019.9.304-iccifort-2020.4.304
  8) iimpi/2020b
  9) imkl/2020.4.304-iimpi-2020b
 10) intel/2020b
 11) bzip2/1.0.8-GCCcore-10.2.0          (H)
 12) ncurses/6.2-GCCcore-10.2.0          (H)
 13) libreadline/8.0-GCCcore-10.2.0      (H)
 14) Tcl/8.6.10-GCCcore-10.2.0           (H)
 15) SQLite/3.33.0-GCCcore-10.2.0        (H)
 16) XZ/5.2.5-GCCcore-10.2.0             (H)
 17) GMP/6.2.0-GCCcore-10.2.0            (H)
 18) libffi/3.3-GCCcore-10.2.0           (H)
 19) Python/3.8.6-GCCcore-10.2.0

  Where:
   H:  Hidden Module

 

Program starting... 

User Info Loaded!
Loaded user features from user_features/feat_g_a_o_s.csv
User features shape:  (943, 79) 

Recommender Round 1: 

training epoch: 0
log likelihood: -15376.759765625

training epoch: 1
log likelihood: -13190.3603515625

training epoch: 2
log likelihood: -12953.259765625

training epoch: 3
log likelihood: -12558.1904296875

training epoch: 4
log likelihood: -12007.4501953125

training epoch: 5
log likelihood: -11532.8603515625

training epoch: 6
log likelihood: -10669.150390625

training epoch: 7
log likelihood: -10255.41015625

training epoch: 8
log likelihood: -9640.16015625

training epoch: 9
log likelihood: -9232.4404296875

training epoch: 10
log likelihood: -8783.240234375

training epoch: 11
log likelihood: -8769.7001953125

training epoch: 12
log likelihood: -8348.91015625

training epoch: 13
log likelihood: -8081.10009765625

training epoch: 14
log likelihood: -8043.08984375

training epoch: 15
log likelihood: -7898.64013671875

training epoch: 16
log likelihood: -7757.7099609375

training epoch: 17
log likelihood: -7644.2099609375

training epoch: 18
log likelihood: -7409.97021484375

training epoch: 19
log likelihood: -7454.43994140625
recommendations_train shape:  (943, 50)
Scores shape:  (29942,)
count    29587.000000
mean         0.926627
std          1.322757
min         -3.559195
25%          0.018533
50%          1.019432
75%          1.934000
max          4.659806
dtype: float64
precision: 0.086
recall: 0.256
hit rate: 0.911
Recommender Round 2: 

training epoch: 0
log likelihood: -26434.150390625

training epoch: 1
log likelihood: -23434.41015625

training epoch: 2
log likelihood: -22104.640625

training epoch: 3
log likelihood: -20592.91015625

training epoch: 4
log likelihood: -18597.240234375

training epoch: 5
log likelihood: -17267.55078125

training epoch: 6
log likelihood: -16400.759765625

training epoch: 7
log likelihood: -15633.5703125

training epoch: 8
log likelihood: -15183.41015625

training epoch: 9
log likelihood: -14844.7001953125

training epoch: 10
log likelihood: -14504.4599609375

training epoch: 11
log likelihood: -13944.25

training epoch: 12
log likelihood: -13891.7197265625

training epoch: 13
log likelihood: -13635.099609375

training epoch: 14
log likelihood: -13689.509765625

training epoch: 15
log likelihood: -13478.0

training epoch: 16
log likelihood: -13254.91015625

training epoch: 17
log likelihood: -13023.0498046875

training epoch: 18
log likelihood: -12956.6298828125

training epoch: 19
log likelihood: -12806.8203125
recommendations_train shape:  (943, 50)
Scores shape:  (30425,)
count    30264.000000
mean         0.846595
std          1.318352
min         -3.566598
25%         -0.063698
50%          0.918356
75%          1.836878
max          4.238827
dtype: float64
precision: 0.072
recall: 0.217
hit rate: 0.873
Recommendations are not written to file for N higher than 20.
Rec train shape:  (943, 1682)
Rec test shape:  (943, 1682)
CV for  gender
>acc=0.624,  est=0.688, cfg={'log_reg__C': 0.01, 'log_reg__penalty': 'l2', 'log_reg__solver': 'saga'} 

>acc=0.603,  est=0.715, cfg={'log_reg__C': 0.01, 'log_reg__penalty': 'l2', 'log_reg__solver': 'newton-cg'} 

>acc=0.683,  est=0.716, cfg={'log_reg__C': 0.01, 'log_reg__penalty': 'l2', 'log_reg__solver': 'newton-cg'} 

>acc=0.606,  est=0.695, cfg={'log_reg__C': 0.01, 'log_reg__penalty': 'l2', 'log_reg__solver': 'sag'} 

>acc=0.606,  est=0.710, cfg={'log_reg__C': 0.01, 'log_reg__penalty': 'l2', 'log_reg__solver': 'saga'} 

Accuracy: 0.625 (0.030) 

CV for  age
>acc=0.545,  est=0.593, cfg={'log_reg__C': 0.01, 'log_reg__penalty': 'l2', 'log_reg__solver': 'newton-cg'} 

>acc=0.598,  est=0.589, cfg={'log_reg__C': 0.01, 'log_reg__penalty': 'l2', 'log_reg__solver': 'newton-cg'} 

>acc=0.370,  est=0.613, cfg={'log_reg__C': 0.01, 'log_reg__penalty': 'l2', 'log_reg__solver': 'liblinear'} 

>acc=0.495,  est=0.608, cfg={'log_reg__C': 0.01, 'log_reg__penalty': 'l2', 'log_reg__solver': 'lbfgs'} 

>acc=0.585,  est=0.603, cfg={'log_reg__C': 0.01, 'log_reg__penalty': 'l2', 'log_reg__solver': 'saga'} 

Accuracy: 0.519 (0.082) 

CV for  occupation
>acc=0.190,  est=0.216, cfg={'log_reg__C': 0.01, 'log_reg__penalty': 'l2', 'log_reg__solver': 'newton-cg'} 

>acc=0.175,  est=0.241, cfg={'log_reg__C': 0.01, 'log_reg__penalty': 'l2', 'log_reg__solver': 'saga'} 

>acc=0.159,  est=0.228, cfg={'log_reg__C': 0.01, 'log_reg__penalty': 'l2', 'log_reg__solver': 'newton-cg'} 

>acc=0.138,  est=0.228, cfg={'log_reg__C': 0.01, 'log_reg__penalty': 'l2', 'log_reg__solver': 'liblinear'} 

>acc=0.229,  est=0.232, cfg={'log_reg__C': 0.01, 'log_reg__penalty': 'l2', 'log_reg__solver': 'newton-cg'} 

Accuracy: 0.178 (0.031) 

CV for  state
>acc=0.085,  est=0.073, cfg={'log_reg__C': 0.01, 'log_reg__penalty': 'l2', 'log_reg__solver': 'saga'} 

>acc=0.095,  est=0.099, cfg={'log_reg__C': 0.01, 'log_reg__penalty': 'l2', 'log_reg__solver': 'newton-cg'} 

>acc=0.063,  est=0.089, cfg={'log_reg__C': 0.01, 'log_reg__penalty': 'l2', 'log_reg__solver': 'newton-cg'} 

>acc=0.080,  est=0.085, cfg={'log_reg__C': 0.01, 'log_reg__penalty': 'l2', 'log_reg__solver': 'newton-cg'} 

>acc=0.112,  est=0.086, cfg={'log_reg__C': 0.01, 'log_reg__penalty': 'l2', 'log_reg__solver': 'sag'} 

Accuracy: 0.087 (0.016) 

Linux idun-02-13 4.18.0-193.el8.x86_64 #1 SMP Fri May 8 10:59:10 UTC 2020 x86_64 x86_64 x86_64 GNU/Linux
