we are running from this directory: /cluster/home/miriamfi/RankRec
The name of the job is: log_r3
The job ID is 332492
The job was run on these nodes: idun-03-23
Number of nodes: 1
We are using 1 cores
We are using 1 cores per node
Total of 1 cores

Currently Loaded Modules:
  1) GCCcore/10.2.0
  2) zlib/1.2.11-GCCcore-10.2.0          (H)
  3) binutils/2.35-GCCcore-10.2.0        (H)
  4) iccifort/2020.4.304
  5) numactl/2.0.13-GCCcore-10.2.0       (H)
  6) UCX/1.9.0-GCCcore-10.2.0            (H)
  7) impi/2019.9.304-iccifort-2020.4.304
  8) iimpi/2020b
  9) imkl/2020.4.304-iimpi-2020b
 10) intel/2020b
 11) bzip2/1.0.8-GCCcore-10.2.0          (H)
 12) ncurses/6.2-GCCcore-10.2.0          (H)
 13) libreadline/8.0-GCCcore-10.2.0      (H)
 14) Tcl/8.6.10-GCCcore-10.2.0           (H)
 15) SQLite/3.33.0-GCCcore-10.2.0        (H)
 16) XZ/5.2.5-GCCcore-10.2.0             (H)
 17) GMP/6.2.0-GCCcore-10.2.0            (H)
 18) libffi/3.3-GCCcore-10.2.0           (H)
 19) Python/3.8.6-GCCcore-10.2.0

  Where:
   H:  Hidden Module

 

Program starting... 

User Info Loaded!
Loaded user features from user_features/feat_g_a_o_s.csv
User features shape:  (943, 79) 

Recommender Round 1: 

training epoch: 0
log likelihood: -15524.6103515625

training epoch: 1
log likelihood: -13212.41015625

training epoch: 2
log likelihood: -12820.740234375

training epoch: 3
log likelihood: -12541.2900390625

training epoch: 4
log likelihood: -12137.76953125

training epoch: 5
log likelihood: -11606.8798828125

training epoch: 6
log likelihood: -10927.6201171875

training epoch: 7
log likelihood: -10497.259765625

training epoch: 8
log likelihood: -9960.3095703125

training epoch: 9
log likelihood: -9448.4404296875

training epoch: 10
log likelihood: -9093.830078125

training epoch: 11
log likelihood: -8967.330078125

training epoch: 12
log likelihood: -8527.1201171875

training epoch: 13
log likelihood: -8306.2001953125

training epoch: 14
log likelihood: -8029.7998046875

training epoch: 15
log likelihood: -7933.97998046875

training epoch: 16
log likelihood: -7815.85009765625

training epoch: 17
log likelihood: -7676.2998046875

training epoch: 18
log likelihood: -7544.22021484375

training epoch: 19
log likelihood: -7413.5400390625
recommendations_train shape:  (943, 50)
Scores shape:  (29942,)
count    29587.000000
mean         0.940783
std          1.336960
min         -3.725286
25%          0.018733
50%          1.052147
75%          1.969303
max          4.411922
dtype: float64
precision: 0.090
recall: 0.265
hit rate: 0.926
Recommender Round 2: 

training epoch: 0
log likelihood: -26349.060546875

training epoch: 1
log likelihood: -23233.970703125

training epoch: 2
log likelihood: -22298.66015625

training epoch: 3
log likelihood: -20705.630859375

training epoch: 4
log likelihood: -18706.900390625

training epoch: 5
log likelihood: -17561.560546875

training epoch: 6
log likelihood: -16627.189453125

training epoch: 7
log likelihood: -16030.009765625

training epoch: 8
log likelihood: -15381.01953125

training epoch: 9
log likelihood: -15125.5302734375

training epoch: 10
log likelihood: -14712.01953125

training epoch: 11
log likelihood: -14232.8203125

training epoch: 12
log likelihood: -14104.1298828125

training epoch: 13
log likelihood: -13904.1103515625

training epoch: 14
log likelihood: -13851.0498046875

training epoch: 15
log likelihood: -13556.240234375

training epoch: 16
log likelihood: -13337.900390625

training epoch: 17
log likelihood: -13264.0498046875

training epoch: 18
log likelihood: -13190.6201171875

training epoch: 19
log likelihood: -12960.5400390625
recommendations_train shape:  (943, 50)
Scores shape:  (30425,)
count    30264.000000
mean         0.875762
std          1.357215
min         -3.894884
25%         -0.048838
50%          0.973823
75%          1.886581
max          4.241083
dtype: float64
precision: 0.072
recall: 0.215
hit rate: 0.890
Recommendations are not written to file for N higher than 20.
Rec train shape:  (943, 1682)
Rec test shape:  (943, 1682)
CV for  gender
>acc=0.714,  est=0.710, cfg={'log_reg__C': 0.01, 'log_reg__l1_ratio': 0.5, 'log_reg__penalty': 'elasticnet', 'log_reg__solver': 'saga'} 

>acc=0.688,  est=0.716, cfg={'log_reg__C': 0.01, 'log_reg__l1_ratio': 0.5, 'log_reg__penalty': 'elasticnet', 'log_reg__solver': 'saga'} 

>acc=0.693,  est=0.715, cfg={'log_reg__C': 0.01, 'log_reg__l1_ratio': 0.5, 'log_reg__penalty': 'elasticnet', 'log_reg__solver': 'saga'} 

>acc=0.734,  est=0.705, cfg={'log_reg__C': 0.01, 'log_reg__l1_ratio': 0.5, 'log_reg__penalty': 'elasticnet', 'log_reg__solver': 'saga'} 

>acc=0.723,  est=0.707, cfg={'log_reg__C': 0.01, 'log_reg__l1_ratio': 0.5, 'log_reg__penalty': 'elasticnet', 'log_reg__solver': 'saga'} 

Accuracy: 0.711 (0.018) 

CV for  age
>acc=0.534,  est=0.588, cfg={'log_reg__C': 0.01, 'log_reg__l1_ratio': 0.5, 'log_reg__penalty': 'elasticnet', 'log_reg__solver': 'saga'} 

>acc=0.556,  est=0.582, cfg={'log_reg__C': 0.01, 'log_reg__l1_ratio': 0.5, 'log_reg__penalty': 'elasticnet', 'log_reg__solver': 'saga'} 

>acc=0.571,  est=0.576, cfg={'log_reg__C': 0.1, 'log_reg__l1_ratio': 0.5, 'log_reg__penalty': 'elasticnet', 'log_reg__solver': 'saga'} 

>acc=0.580,  est=0.576, cfg={'log_reg__C': 0.01, 'log_reg__l1_ratio': 0.5, 'log_reg__penalty': 'elasticnet', 'log_reg__solver': 'saga'} 

>acc=0.596,  est=0.572, cfg={'log_reg__C': 0.01, 'log_reg__l1_ratio': 0.5, 'log_reg__penalty': 'elasticnet', 'log_reg__solver': 'saga'} 

Accuracy: 0.567 (0.021) 

CV for  occupation
>acc=0.185,  est=0.235, cfg={'log_reg__C': 0.1, 'log_reg__l1_ratio': 0.5, 'log_reg__penalty': 'elasticnet', 'log_reg__solver': 'saga'} 

>acc=0.159,  est=0.229, cfg={'log_reg__C': 0.1, 'log_reg__l1_ratio': 0.5, 'log_reg__penalty': 'elasticnet', 'log_reg__solver': 'saga'} 

>acc=0.185,  est=0.251, cfg={'log_reg__C': 0.1, 'log_reg__l1_ratio': 0.5, 'log_reg__penalty': 'elasticnet', 'log_reg__solver': 'saga'} 

>acc=0.176,  est=0.228, cfg={'log_reg__C': 0.1, 'log_reg__l1_ratio': 0.5, 'log_reg__penalty': 'elasticnet', 'log_reg__solver': 'saga'} 

>acc=0.160,  est=0.229, cfg={'log_reg__C': 0.1, 'log_reg__l1_ratio': 0.5, 'log_reg__penalty': 'elasticnet', 'log_reg__solver': 'saga'} 

Accuracy: 0.173 (0.012) 

CV for  state
>acc=0.122,  est=0.123, cfg={'log_reg__C': 0.01, 'log_reg__l1_ratio': 0.5, 'log_reg__penalty': 'elasticnet', 'log_reg__solver': 'saga'} 

>acc=0.106,  est=0.127, cfg={'log_reg__C': 0.01, 'log_reg__l1_ratio': 0.5, 'log_reg__penalty': 'elasticnet', 'log_reg__solver': 'saga'} 

>acc=0.127,  est=0.122, cfg={'log_reg__C': 0.01, 'log_reg__l1_ratio': 0.5, 'log_reg__penalty': 'elasticnet', 'log_reg__solver': 'saga'} 

>acc=0.117,  est=0.124, cfg={'log_reg__C': 0.01, 'log_reg__l1_ratio': 0.5, 'log_reg__penalty': 'elasticnet', 'log_reg__solver': 'saga'} 

>acc=0.144,  est=0.118, cfg={'log_reg__C': 0.01, 'log_reg__l1_ratio': 0.5, 'log_reg__penalty': 'elasticnet', 'log_reg__solver': 'saga'} 

Accuracy: 0.123 (0.012) 

Linux idun-03-23 4.18.0-193.el8.x86_64 #1 SMP Fri May 8 10:59:10 UTC 2020 x86_64 x86_64 x86_64 GNU/Linux
