we are running from this directory: /cluster/home/miriamfi/RankRec
The name of the job is: log_r11
The job ID is 335293
The job was run on these nodes: idun-02-11
Number of nodes: 1
We are using 1 cores
We are using 1 cores per node
Total of 1 cores

Currently Loaded Modules:
  1) GCCcore/9.3.0
  2) zlib/1.2.11-GCCcore-9.3.0                     (H)
  3) binutils/2.34-GCCcore-9.3.0                   (H)
  4) iccifort/2020.1.217
  5) numactl/2.0.13-GCCcore-9.3.0                  (H)
  6) UCX/1.8.0-GCCcore-9.3.0                       (H)
  7) impi/2019.7.217-iccifort-2020.1.217
  8) iimpi/2020a
  9) imkl/2020.1.217-iimpi-2020a
 10) intel/2020a
 11) bzip2/1.0.8-GCCcore-9.3.0                     (H)
 12) ncurses/6.2-GCCcore-9.3.0                     (H)
 13) libreadline/8.0-GCCcore-9.3.0                 (H)
 14) Tcl/8.6.10-GCCcore-9.3.0                      (H)
 15) SQLite/3.31.1-GCCcore-9.3.0                   (H)
 16) XZ/5.2.5-GCCcore-9.3.0                        (H)
 17) GMP/6.2.0-GCCcore-9.3.0                       (H)
 18) libffi/3.3-GCCcore-9.3.0                      (H)
 19) Python/3.8.2-GCCcore-9.3.0
 20) pybind11/2.4.3-GCCcore-9.3.0-Python-3.8.2     (H)
 21) SciPy-bundle/2020.03-intel-2020a-Python-3.8.2
 22) libpng/1.6.37-GCCcore-9.3.0                   (H)
 23) freetype/2.10.1-GCCcore-9.3.0                 (H)
 24) expat/2.2.9-GCCcore-9.3.0                     (H)
 25) util-linux/2.35-GCCcore-9.3.0                 (H)
 26) fontconfig/2.13.92-GCCcore-9.3.0              (H)
 27) xorg-macros/1.19.2-GCCcore-9.3.0              (H)
 28) libpciaccess/0.16-GCCcore-9.3.0               (H)
 29) X11/20200222-GCCcore-9.3.0                    (H)
 30) Tk/8.6.10-GCCcore-9.3.0                       (H)
 31) Tkinter/3.8.2-GCCcore-9.3.0                   (H)
 32) matplotlib/3.2.1-intel-2020a-Python-3.8.2

  Where:
   H:  Hidden Module

 

/cluster/home/miriamfi/rank-env/lib/python3.8/site-packages/sklearn/linear_model/_sag.py:328: ConvergenceWarning: The max_iter was reached which means the coef_ did not converge
  warnings.warn("The max_iter was reached which means "
/cluster/home/miriamfi/rank-env/lib/python3.8/site-packages/sklearn/linear_model/_sag.py:328: ConvergenceWarning: The max_iter was reached which means the coef_ did not converge
  warnings.warn("The max_iter was reached which means "
/cluster/home/miriamfi/rank-env/lib/python3.8/site-packages/sklearn/linear_model/_sag.py:328: ConvergenceWarning: The max_iter was reached which means the coef_ did not converge
  warnings.warn("The max_iter was reached which means "
/cluster/home/miriamfi/rank-env/lib/python3.8/site-packages/sklearn/linear_model/_sag.py:328: ConvergenceWarning: The max_iter was reached which means the coef_ did not converge
  warnings.warn("The max_iter was reached which means "
/cluster/home/miriamfi/rank-env/lib/python3.8/site-packages/sklearn/linear_model/_sag.py:328: ConvergenceWarning: The max_iter was reached which means the coef_ did not converge
  warnings.warn("The max_iter was reached which means "
/cluster/home/miriamfi/rank-env/lib/python3.8/site-packages/sklearn/linear_model/_sag.py:328: ConvergenceWarning: The max_iter was reached which means the coef_ did not converge
  warnings.warn("The max_iter was reached which means "
/cluster/home/miriamfi/rank-env/lib/python3.8/site-packages/sklearn/linear_model/_sag.py:328: ConvergenceWarning: The max_iter was reached which means the coef_ did not converge
  warnings.warn("The max_iter was reached which means "
/cluster/home/miriamfi/rank-env/lib/python3.8/site-packages/sklearn/linear_model/_sag.py:328: ConvergenceWarning: The max_iter was reached which means the coef_ did not converge
  warnings.warn("The max_iter was reached which means "
/cluster/home/miriamfi/rank-env/lib/python3.8/site-packages/sklearn/linear_model/_sag.py:328: ConvergenceWarning: The max_iter was reached which means the coef_ did not converge
  warnings.warn("The max_iter was reached which means "
/cluster/home/miriamfi/rank-env/lib/python3.8/site-packages/sklearn/linear_model/_sag.py:328: ConvergenceWarning: The max_iter was reached which means the coef_ did not converge
  warnings.warn("The max_iter was reached which means "
/cluster/home/miriamfi/rank-env/lib/python3.8/site-packages/sklearn/linear_model/_sag.py:328: ConvergenceWarning: The max_iter was reached which means the coef_ did not converge
  warnings.warn("The max_iter was reached which means "
/cluster/home/miriamfi/rank-env/lib/python3.8/site-packages/sklearn/linear_model/_sag.py:328: ConvergenceWarning: The max_iter was reached which means the coef_ did not converge
  warnings.warn("The max_iter was reached which means "
/cluster/home/miriamfi/rank-env/lib/python3.8/site-packages/sklearn/linear_model/_sag.py:328: ConvergenceWarning: The max_iter was reached which means the coef_ did not converge
  warnings.warn("The max_iter was reached which means "
/cluster/home/miriamfi/rank-env/lib/python3.8/site-packages/sklearn/linear_model/_sag.py:328: ConvergenceWarning: The max_iter was reached which means the coef_ did not converge
  warnings.warn("The max_iter was reached which means "
/cluster/home/miriamfi/rank-env/lib/python3.8/site-packages/sklearn/linear_model/_sag.py:328: ConvergenceWarning: The max_iter was reached which means the coef_ did not converge
  warnings.warn("The max_iter was reached which means "
/cluster/home/miriamfi/rank-env/lib/python3.8/site-packages/sklearn/linear_model/_sag.py:328: ConvergenceWarning: The max_iter was reached which means the coef_ did not converge
  warnings.warn("The max_iter was reached which means "
/cluster/home/miriamfi/rank-env/lib/python3.8/site-packages/sklearn/linear_model/_sag.py:328: ConvergenceWarning: The max_iter was reached which means the coef_ did not converge
  warnings.warn("The max_iter was reached which means "
/cluster/home/miriamfi/rank-env/lib/python3.8/site-packages/sklearn/linear_model/_sag.py:328: ConvergenceWarning: The max_iter was reached which means the coef_ did not converge
  warnings.warn("The max_iter was reached which means "
/cluster/home/miriamfi/rank-env/lib/python3.8/site-packages/sklearn/linear_model/_sag.py:328: ConvergenceWarning: The max_iter was reached which means the coef_ did not converge
  warnings.warn("The max_iter was reached which means "
Program starting... 

User Info Loaded!
Loaded user features from user_features/feat_g_a_o_s.csv
User features shape:  (943, 79) 

Recommender Round 1: 

training epoch: 0
log likelihood: -15448.23046875

training epoch: 1
log likelihood: -13208.4296875

training epoch: 2
log likelihood: -12582.919921875

training epoch: 3
log likelihood: -11672.650390625

training epoch: 4
log likelihood: -10568.26953125

training epoch: 5
log likelihood: -9780.58984375

training epoch: 6
log likelihood: -9108.7001953125

training epoch: 7
log likelihood: -8728.7900390625

training epoch: 8
log likelihood: -8236.7001953125

training epoch: 9
log likelihood: -7957.60009765625

training epoch: 10
log likelihood: -7734.06982421875

training epoch: 11
log likelihood: -7559.91015625

training epoch: 12
log likelihood: -7272.47998046875

training epoch: 13
log likelihood: -7160.7998046875

training epoch: 14
log likelihood: -6945.5

training epoch: 15
log likelihood: -6873.68994140625

training epoch: 16
log likelihood: -6748.9501953125

training epoch: 17
log likelihood: -6590.9599609375

training epoch: 18
log likelihood: -6527.6201171875

training epoch: 19
log likelihood: -6439.009765625
recommendations_train shape:  (943, 50)
Scores shape:  (29942,)
count    29587.000000
mean         0.833465
std          1.389422
min         -3.814610
25%         -0.146540
50%          0.915896
75%          1.875425
max          4.569843
dtype: float64
precision: 0.086
recall: 0.259
hit rate: 0.924
Recommender Round 2: 

training epoch: 0
log likelihood: -26335.890625

training epoch: 1
log likelihood: -23272.98046875

training epoch: 2
log likelihood: -21623.849609375

training epoch: 3
log likelihood: -19058.69921875

training epoch: 4
log likelihood: -17295.30078125

training epoch: 5
log likelihood: -16207.3603515625

training epoch: 6
log likelihood: -15230.25

training epoch: 7
log likelihood: -14706.2900390625

training epoch: 8
log likelihood: -14330.23046875

training epoch: 9
log likelihood: -13813.6904296875

training epoch: 10
log likelihood: -13573.7998046875

training epoch: 11
log likelihood: -13297.48046875

training epoch: 12
log likelihood: -13138.4599609375

training epoch: 13
log likelihood: -13224.599609375

training epoch: 14
log likelihood: -13042.2099609375

training epoch: 15
log likelihood: -12746.9599609375

training epoch: 16
log likelihood: -12631.25

training epoch: 17
log likelihood: -12510.419921875

training epoch: 18
log likelihood: -12508.5595703125

training epoch: 19
log likelihood: -12259.1201171875
recommendations_train shape:  (943, 50)
Scores shape:  (30425,)
count    30264.000000
mean         0.903314
std          1.466249
min         -3.714050
25%         -0.122307
50%          0.978660
75%          2.003154
max          4.802096
dtype: float64
precision: 0.074
recall: 0.218
hit rate: 0.893
Recommendations are not written to file for N higher than 20.
Rec train shape:  (943, 1682)
Rec test shape:  (943, 1682)


CV with  log_reg  for  gender
>acc=0.651,  est=0.708, cfg={'log_reg__C': 0.01, 'log_reg__max_iter': 5000, 'log_reg__penalty': 'l2', 'log_reg__solver': 'newton-cg'} 

>acc=0.656,  est=0.712, cfg={'log_reg__C': 0.01, 'log_reg__max_iter': 5000, 'log_reg__penalty': 'l2', 'log_reg__solver': 'newton-cg'} 

>acc=0.630,  est=0.706, cfg={'log_reg__C': 0.01, 'log_reg__max_iter': 5000, 'log_reg__penalty': 'l2', 'log_reg__solver': 'saga'} 

>acc=0.633,  est=0.720, cfg={'log_reg__C': 0.01, 'log_reg__max_iter': 5000, 'log_reg__penalty': 'l2', 'log_reg__solver': 'newton-cg'} 

>acc=0.622,  est=0.724, cfg={'log_reg__C': 0.01, 'log_reg__max_iter': 5000, 'log_reg__penalty': 'l2', 'log_reg__solver': 'saga'} 

Accuracy: 0.638 (0.013) 

accuracy: 0.622
auc:  0.5592477375565611


CV with  log_reg  for  age
>acc=0.476,  est=0.593, cfg={'log_reg__C': 0.01, 'log_reg__max_iter': 5000, 'log_reg__penalty': 'l2', 'log_reg__solver': 'sag'} 

>acc=0.571,  est=0.605, cfg={'log_reg__C': 0.01, 'log_reg__max_iter': 5000, 'log_reg__penalty': 'l2', 'log_reg__solver': 'sag'} 

>acc=0.593,  est=0.618, cfg={'log_reg__C': 0.01, 'log_reg__max_iter': 5000, 'log_reg__penalty': 'l2', 'log_reg__solver': 'newton-cg'} 

>acc=0.553,  est=0.611, cfg={'log_reg__C': 0.01, 'log_reg__max_iter': 5000, 'log_reg__penalty': 'l2', 'log_reg__solver': 'newton-cg'} 

>acc=0.527,  est=0.611, cfg={'log_reg__C': 0.01, 'log_reg__max_iter': 5000, 'log_reg__penalty': 'l2', 'log_reg__solver': 'newton-cg'} 

Accuracy: 0.544 (0.040) 

accuracy: 0.527
auc:  0.5225048923679061


CV with  log_reg  for  occupation
>acc=0.180,  est=0.212, cfg={'log_reg__C': 0.01, 'log_reg__max_iter': 5000, 'log_reg__penalty': 'l2', 'log_reg__solver': 'newton-cg'} 

>acc=0.138,  est=0.236, cfg={'log_reg__C': 0.01, 'log_reg__max_iter': 5000, 'log_reg__penalty': 'l2', 'log_reg__solver': 'newton-cg'} 

>acc=0.169,  est=0.216, cfg={'log_reg__C': 0.01, 'log_reg__max_iter': 5000, 'log_reg__penalty': 'l2', 'log_reg__solver': 'saga'} 

>acc=0.144,  est=0.197, cfg={'log_reg__C': 0.01, 'log_reg__max_iter': 5000, 'log_reg__penalty': 'l2', 'log_reg__solver': 'newton-cg'} 

>acc=0.154,  est=0.215, cfg={'log_reg__C': 0.01, 'log_reg__max_iter': 5000, 'log_reg__penalty': 'l2', 'log_reg__solver': 'newton-cg'} 

Accuracy: 0.157 (0.016) 

accuracy: 0.154
auc:  0.38558558558558553


CV with  log_reg  for  state
>acc=0.095,  est=0.109, cfg={'log_reg__C': 0.01, 'log_reg__max_iter': 5000, 'log_reg__penalty': 'l2', 'log_reg__solver': 'sag'} 

>acc=0.101,  est=0.117, cfg={'log_reg__C': 0.01, 'log_reg__max_iter': 5000, 'log_reg__penalty': 'l2', 'log_reg__solver': 'sag'} 

>acc=0.095,  est=0.106, cfg={'log_reg__C': 0.01, 'log_reg__max_iter': 5000, 'log_reg__penalty': 'l2', 'log_reg__solver': 'sag'} 

>acc=0.059,  est=0.099, cfg={'log_reg__C': 0.01, 'log_reg__max_iter': 5000, 'log_reg__penalty': 'l2', 'log_reg__solver': 'newton-cg'} 

>acc=0.069,  est=0.105, cfg={'log_reg__C': 0.01, 'log_reg__max_iter': 5000, 'log_reg__penalty': 'l2', 'log_reg__solver': 'sag'} 

Accuracy: 0.084 (0.017) 

accuracy: 0.069
auc:  0.4642282033586381
Linux idun-02-11 4.18.0-193.el8.x86_64 #1 SMP Fri May 8 10:59:10 UTC 2020 x86_64 x86_64 x86_64 GNU/Linux
