we are running from this directory: /cluster/home/miriamfi/RankRec
The name of the job is: ran_r5
The job ID is 331243
The job was run on these nodes: idun-02-25
Number of nodes: 1
We are using 1 cores
We are using 1 cores per node
Total of 1 cores

Currently Loaded Modules:
  1) GCCcore/10.2.0
  2) zlib/1.2.11-GCCcore-10.2.0          (H)
  3) binutils/2.35-GCCcore-10.2.0        (H)
  4) iccifort/2020.4.304
  5) numactl/2.0.13-GCCcore-10.2.0       (H)
  6) UCX/1.9.0-GCCcore-10.2.0            (H)
  7) impi/2019.9.304-iccifort-2020.4.304
  8) iimpi/2020b
  9) imkl/2020.4.304-iimpi-2020b
 10) intel/2020b
 11) bzip2/1.0.8-GCCcore-10.2.0          (H)
 12) ncurses/6.2-GCCcore-10.2.0          (H)
 13) libreadline/8.0-GCCcore-10.2.0      (H)
 14) Tcl/8.6.10-GCCcore-10.2.0           (H)
 15) SQLite/3.33.0-GCCcore-10.2.0        (H)
 16) XZ/5.2.5-GCCcore-10.2.0             (H)
 17) GMP/6.2.0-GCCcore-10.2.0            (H)
 18) libffi/3.3-GCCcore-10.2.0           (H)
 19) Python/3.8.6-GCCcore-10.2.0

  Where:
   H:  Hidden Module

 

Program starting... 

User Info Loaded!
Loaded user features from user_features/feat_g_a_o_s.csv
User features shape:  (943, 79) 

Recommender Round 1: 

training epoch: 0
log likelihood: -15444.2998046875

training epoch: 1
log likelihood: -13164.330078125

training epoch: 2
log likelihood: -12746.6904296875

training epoch: 3
log likelihood: -12330.1396484375

training epoch: 4
log likelihood: -11707.0595703125

training epoch: 5
log likelihood: -11127.9404296875

training epoch: 6
log likelihood: -10259.3203125

training epoch: 7
log likelihood: -9836.83984375

training epoch: 8
log likelihood: -9322.98046875

training epoch: 9
log likelihood: -8931.6298828125

training epoch: 10
log likelihood: -8583.919921875

training epoch: 11
log likelihood: -8471.0595703125

training epoch: 12
log likelihood: -8122.97021484375

training epoch: 13
log likelihood: -7890.22021484375

training epoch: 14
log likelihood: -7828.10986328125

training epoch: 15
log likelihood: -7703.72998046875

training epoch: 16
log likelihood: -7560.56005859375

training epoch: 17
log likelihood: -7424.509765625

training epoch: 18
log likelihood: -7353.27978515625

training epoch: 19
log likelihood: -7269.66015625
recommendations_train shape:  (943, 50)
Scores shape:  (29942,)
count    29587.000000
mean         0.921619
std          1.277097
min         -3.430877
25%          0.031299
50%          1.020709
75%          1.903597
max          4.158962
dtype: float64
precision: 0.088
recall: 0.262
hit rate: 0.908
Recommender Round 2: 

training epoch: 0
log likelihood: -26500.439453125

training epoch: 1
log likelihood: -23403.5703125

training epoch: 2
log likelihood: -21789.970703125

training epoch: 3
log likelihood: -20055.509765625

training epoch: 4
log likelihood: -18127.390625

training epoch: 5
log likelihood: -17161.939453125

training epoch: 6
log likelihood: -16228.830078125

training epoch: 7
log likelihood: -15774.669921875

training epoch: 8
log likelihood: -15144.7998046875

training epoch: 9
log likelihood: -14735.599609375

training epoch: 10
log likelihood: -14517.8798828125

training epoch: 11
log likelihood: -14117.5

training epoch: 12
log likelihood: -13893.669921875

training epoch: 13
log likelihood: -13649.33984375

training epoch: 14
log likelihood: -13692.08984375

training epoch: 15
log likelihood: -13310.48046875

training epoch: 16
log likelihood: -13147.8896484375

training epoch: 17
log likelihood: -13123.5302734375

training epoch: 18
log likelihood: -12945.16015625

training epoch: 19
log likelihood: -12788.599609375
recommendations_train shape:  (943, 50)
Scores shape:  (30425,)
count    30264.000000
mean         0.886008
std          1.320769
min         -3.904845
25%         -0.006819
50%          0.958252
75%          1.864153
max          4.644566
dtype: float64
precision: 0.072
recall: 0.215
hit rate: 0.873
Recommendations are not written to file for N higher than 20.
Rec train shape:  (943, 1682)
Rec test shape:  (943, 1682)
CV for  gender
>acc=0.720, est=0.718, cfg={'max_features': 'log2', 'n_estimators': 1000} 

>acc=0.688, est=0.731, cfg={'max_features': 'sqrt', 'n_estimators': 100} 

>acc=0.693, est=0.726, cfg={'max_features': 'log2', 'n_estimators': 100} 

>acc=0.734, est=0.713, cfg={'max_features': 'sqrt', 'n_estimators': 1000} 

>acc=0.723, est=0.721, cfg={'max_features': 'log2', 'n_estimators': 500} 

Accuracy: 0.712 (0.018) 

CV for  age
>acc=0.534, est=0.594, cfg={'max_features': 'sqrt', 'n_estimators': 100} 

>acc=0.561, est=0.586, cfg={'max_features': 'sqrt', 'n_estimators': 1000} 

>acc=0.593, est=0.592, cfg={'max_features': 'sqrt', 'n_estimators': 100} 

>acc=0.590, est=0.591, cfg={'max_features': 'sqrt', 'n_estimators': 1000} 

>acc=0.590, est=0.597, cfg={'max_features': 'sqrt', 'n_estimators': 500} 

Accuracy: 0.574 (0.023) 

CV for  occupation
>acc=0.265, est=0.228, cfg={'max_features': 'sqrt', 'n_estimators': 500} 

>acc=0.196, est=0.231, cfg={'max_features': 'sqrt', 'n_estimators': 1000} 

>acc=0.206, est=0.237, cfg={'max_features': 'sqrt', 'n_estimators': 1000} 

>acc=0.261, est=0.215, cfg={'max_features': 'sqrt', 'n_estimators': 500} 

>acc=0.229, est=0.234, cfg={'max_features': 'sqrt', 'n_estimators': 1000} 

Accuracy: 0.231 (0.028) 

CV for  state
>acc=0.095, est=0.099, cfg={'max_features': 'sqrt', 'n_estimators': 100} 

>acc=0.116, est=0.114, cfg={'max_features': 'log2', 'n_estimators': 500} 

>acc=0.127, est=0.111, cfg={'max_features': 'sqrt', 'n_estimators': 500} 

>acc=0.112, est=0.101, cfg={'max_features': 'sqrt', 'n_estimators': 500} 

>acc=0.112, est=0.107, cfg={'max_features': 'log2', 'n_estimators': 500} 

Accuracy: 0.112 (0.010) 

Linux idun-02-25 4.18.0-193.el8.x86_64 #1 SMP Fri May 8 10:59:10 UTC 2020 x86_64 x86_64 x86_64 GNU/Linux
