we are running from this directory: /cluster/home/miriamfi/RankRec
The name of the job is: ex1_co
The job ID is 337165
The job was run on these nodes: idun-02-01
Number of nodes: 1
We are using 1 cores
We are using 1 cores per node
Total of 1 cores

Currently Loaded Modules:
  1) GCCcore/9.3.0
  2) zlib/1.2.11-GCCcore-9.3.0                     (H)
  3) binutils/2.34-GCCcore-9.3.0                   (H)
  4) iccifort/2020.1.217
  5) numactl/2.0.13-GCCcore-9.3.0                  (H)
  6) UCX/1.8.0-GCCcore-9.3.0                       (H)
  7) impi/2019.7.217-iccifort-2020.1.217
  8) iimpi/2020a
  9) imkl/2020.1.217-iimpi-2020a
 10) intel/2020a
 11) bzip2/1.0.8-GCCcore-9.3.0                     (H)
 12) ncurses/6.2-GCCcore-9.3.0                     (H)
 13) libreadline/8.0-GCCcore-9.3.0                 (H)
 14) Tcl/8.6.10-GCCcore-9.3.0                      (H)
 15) SQLite/3.31.1-GCCcore-9.3.0                   (H)
 16) XZ/5.2.5-GCCcore-9.3.0                        (H)
 17) GMP/6.2.0-GCCcore-9.3.0                       (H)
 18) libffi/3.3-GCCcore-9.3.0                      (H)
 19) Python/3.8.2-GCCcore-9.3.0
 20) pybind11/2.4.3-GCCcore-9.3.0-Python-3.8.2     (H)
 21) SciPy-bundle/2020.03-intel-2020a-Python-3.8.2
 22) libpng/1.6.37-GCCcore-9.3.0                   (H)
 23) freetype/2.10.1-GCCcore-9.3.0                 (H)
 24) expat/2.2.9-GCCcore-9.3.0                     (H)
 25) util-linux/2.35-GCCcore-9.3.0                 (H)
 26) fontconfig/2.13.92-GCCcore-9.3.0              (H)
 27) xorg-macros/1.19.2-GCCcore-9.3.0              (H)
 28) libpciaccess/0.16-GCCcore-9.3.0               (H)
 29) X11/20200222-GCCcore-9.3.0                    (H)
 30) Tk/8.6.10-GCCcore-9.3.0                       (H)
 31) Tkinter/3.8.2-GCCcore-9.3.0                   (H)
 32) matplotlib/3.2.1-intel-2020a-Python-3.8.2

  Where:
   H:  Hidden Module

 

Program starting... 

User Info Loaded!
Loaded user features from user_features/feat_g_a_o_t.csv
User features shape:  (943, 334) 

Matrix Dimensions for  X_train1
X_train1  shape: (39633, 2)
X_train1  unique users: 943
X_train1  unique items: 1440


X_train1  matrix sparsity: 97.1%


Matrix Dimensions for  X_test1
X_test1  shape: (29942, 2)
X_test1  unique users: 943
X_test1  unique items: 1465


X_test1  matrix sparsity: 97.8%


Matrix Dimensions for  X_train2
X_train2  shape: (69575, 2)
X_train2  unique users: 943
X_train2  unique items: 1575


X_train2  matrix sparsity: 95.3%


Matrix Dimensions for  X_test2
X_test2  shape: (30425, 2)
X_test2  unique users: 943
X_test2  unique items: 1574


X_test2  matrix sparsity: 98.0%


X train and test 1
Stats for  users
Train  users : 943
Test  users 943
cold-start  users : set()


Stats for  items
Train  items : 1440
Test  items 1465
cold-start  items : {'1662', '1210', '1638', '1522', '1658', '1397', '1531', '1155', '1634', '1490', '1595', '1550', '1454', '1474', '1222', '1598', '1435', '1553', '442', '1642', '1596', '1303', '1027', '858', '817', '927', '1032', '1416', '668', '1654', '35', '78', '598', '415', '1310', '838', '1602', '1467', '775', '1594', '439', '765', '1626', '1676', '1104', '1542', '784', '1250', '804', '1450', '1599', '852', '1402', '1231', '1403', '438', '1162', '1200', '1528', '1660', '1293', '745', '1354', '1495', '1412', '1505', '1644', '1374', '1156', '1578', '788', '992', '1532', '1325', '1223', '1480', '1477', '1096', '1597', '1043', '1672', '1517', '1246', '1175', '1448', '388', '1370', '1003', '1419', '920', '830', '1239', '1481', '726', '1610', '1600', '1523', '1521', '1639', '1617', '816', '1443', '400', '1285', '1230', '1002', '1657', '1509', '573', '777', '1456', '1540', '138', '572', '1314', '1486', '437', '1515', '1253', '1548', '1446', '1459', '1534', '1471', '1541', '1444', '1501', '1364', '1422', '1309', '791', '37', '1611', '1609', '1144'}


X train and test 2
Stats for  users
Train  users : 943
Test  users 943
cold-start  users : set()


Stats for  items
Train  items : 1575
Test  items 1574
cold-start  items : {'1628', '814', '1476', '1669', '1510', '1681', '1436', '1525', '1580', '1186', '1275', '1606', '1398', '1625', '1659', '1452', '1627', '1408', '1646', '1498', '1618', '1577', '1549', '913', '599', '1650', '1665', '1493', '1565', '1575', '1582', '1677', '1546', '1624', '1520', '1663', '1543', '1453', '1458', '911', '1649', '1460', '1489', '1664', '1640', '1570', '1499', '600', '677', '1572', '1569', '1678', '1680', '1508', '1674', '1616', '1661', '1671', '1647', '1632', '1668', '1447', '1675', '1667', '1603', '1648', '1576', '1236', '1189', '1365', '1621', '957', '1571', '1645', '1593', '1563', '1651', '1588', '1583', '1562', '1327', '1586', '1679', '1673', '1613', '910', '1504', '1106', '1235', '1614', '1581', '1590', '1492', '1682', '1494', '1526', '1633', '1653', '1666', '1579', '1432', '1637', '1584', '626', '1497', '1130', '897'}


Recommender Round 1: 

training epoch: 0
log likelihood: -15496.8896484375

training epoch: 1
log likelihood: -13121.2998046875

training epoch: 2
log likelihood: -12350.3603515625

training epoch: 3
log likelihood: -11298.26953125

training epoch: 4
log likelihood: -10263.009765625

training epoch: 5
log likelihood: -9640.73046875

training epoch: 6
log likelihood: -8735.73046875

training epoch: 7
log likelihood: -8422.9697265625

training epoch: 8
log likelihood: -7938.93017578125

training epoch: 9
log likelihood: -7753.1201171875

training epoch: 10
log likelihood: -7391.6298828125

training epoch: 11
log likelihood: -7371.8701171875

training epoch: 12
log likelihood: -7087.89013671875

training epoch: 13
log likelihood: -6822.10009765625

training epoch: 14
log likelihood: -6795.9501953125

training epoch: 15
log likelihood: -6728.31005859375

training epoch: 16
log likelihood: -6626.52001953125

training epoch: 17
log likelihood: -6497.06005859375

training epoch: 18
log likelihood: -6525.08984375

training epoch: 19
log likelihood: -6330.75
recommendations_train shape:  (943, 50)
Scores shape:  (29942,)
count    29587.000000
mean         0.938919
std          1.426529
min         -3.725462
25%         -0.061364
50%          1.034323
75%          2.020914
max          4.740458
dtype: float64
precision: 0.091
recall: 0.270
hit rate: 0.934
Recommender Round 2: 

training epoch: 0
log likelihood: -26621.8203125

training epoch: 1
log likelihood: -22864.76953125

training epoch: 2
log likelihood: -20628.30078125

training epoch: 3
log likelihood: -18198.01953125

training epoch: 4
log likelihood: -16618.869140625

training epoch: 5
log likelihood: -15760.6201171875

training epoch: 6
log likelihood: -15072.5400390625

training epoch: 7
log likelihood: -14300.2099609375

training epoch: 8
log likelihood: -13915.990234375

training epoch: 9
log likelihood: -13709.26953125

training epoch: 10
log likelihood: -13463.83984375

training epoch: 11
log likelihood: -13253.3095703125

training epoch: 12
log likelihood: -12955.3203125

training epoch: 13
log likelihood: -12980.599609375

training epoch: 14
log likelihood: -12684.7197265625

training epoch: 15
log likelihood: -12564.51953125

training epoch: 16
log likelihood: -12479.3603515625

training epoch: 17
log likelihood: -12513.4501953125

training epoch: 18
log likelihood: -12513.3798828125

training epoch: 19
log likelihood: -12305.0498046875
recommendations_train shape:  (943, 50)
Scores shape:  (30425,)
count    30264.000000
mean         0.851240
std          1.458901
min         -3.958052
25%         -0.172592
50%          0.932275
75%          1.931998
max          4.778261
dtype: float64
precision: 0.072
recall: 0.214
hit rate: 0.896
Recommendations are not written to file for N higher than 20.
Rec train shape:  (943, 1682)
Rec test shape:  (943, 1682)


CV with  log_reg  for  gender
y_train unique len:  2
y_test unique len:  2
>acc=0.667, f1=0.667, est=0.712, cfg={'log_reg__C': 0.001, 'log_reg__max_iter': 10000, 'log_reg__penalty': 'l2', 'log_reg__solver': 'newton-cg'} 

y_train unique len:  2
y_test unique len:  2
>acc=0.646, f1=0.646, est=0.712, cfg={'log_reg__C': 0.001, 'log_reg__max_iter': 10000, 'log_reg__penalty': 'l2', 'log_reg__solver': 'newton-cg'} 

y_train unique len:  2
y_test unique len:  2
>acc=0.587, f1=0.587, est=0.720, cfg={'log_reg__C': 0.1, 'log_reg__max_iter': 10000, 'log_reg__penalty': 'l2', 'log_reg__solver': 'sag'} 

y_train unique len:  2
y_test unique len:  2
>acc=0.670, f1=0.670, est=0.701, cfg={'log_reg__C': 0.001, 'log_reg__max_iter': 10000, 'log_reg__penalty': 'l2', 'log_reg__solver': 'saga'} 

y_train unique len:  2
y_test unique len:  2
>acc=0.676, f1=0.676, est=0.709, cfg={'log_reg__C': 0.001, 'log_reg__max_iter': 10000, 'log_reg__penalty': 'l2', 'log_reg__solver': 'newton-cg'} 

Accuracy: 0.649 (0.033) 

F1: 0.649 (0.033) 



CV with  log_reg  for  age
y_train unique len:  3
y_test unique len:  3
>acc=0.540, f1=0.540, est=0.619, cfg={'log_reg__C': 0.1, 'log_reg__max_iter': 10000, 'log_reg__penalty': 'l2', 'log_reg__solver': 'sag'} 

y_train unique len:  3
y_test unique len:  3
>acc=0.540, f1=0.540, est=0.611, cfg={'log_reg__C': 0.1, 'log_reg__max_iter': 10000, 'log_reg__penalty': 'l2', 'log_reg__solver': 'newton-cg'} 

y_train unique len:  3
y_test unique len:  3
>acc=0.481, f1=0.481, est=0.605, cfg={'log_reg__C': 0.1, 'log_reg__max_iter': 10000, 'log_reg__penalty': 'l2', 'log_reg__solver': 'saga'} 

y_train unique len:  3
y_test unique len:  3
>acc=0.500, f1=0.500, est=0.608, cfg={'log_reg__C': 0.1, 'log_reg__max_iter': 10000, 'log_reg__penalty': 'l2', 'log_reg__solver': 'newton-cg'} 

y_train unique len:  3
y_test unique len:  3
>acc=0.574, f1=0.574, est=0.597, cfg={'log_reg__C': 0.01, 'log_reg__max_iter': 10000, 'log_reg__penalty': 'l2', 'log_reg__solver': 'saga'} 

Accuracy: 0.527 (0.033) 

F1: 0.527 (0.033) 



CV with  log_reg  for  occupation
y_train unique len:  21
y_test unique len:  20
>acc=0.206, f1=0.206, est=0.202, cfg={'log_reg__C': 0.1, 'log_reg__max_iter': 10000, 'log_reg__penalty': 'l2', 'log_reg__solver': 'sag'} 

y_train unique len:  21
y_test unique len:  21
>acc=0.159, f1=0.159, est=0.221, cfg={'log_reg__C': 0.01, 'log_reg__max_iter': 10000, 'log_reg__penalty': 'l2', 'log_reg__solver': 'newton-cg'} 

y_train unique len:  21
y_test unique len:  20
>acc=0.196, f1=0.196, est=0.212, cfg={'log_reg__C': 0.001, 'log_reg__max_iter': 10000, 'log_reg__penalty': 'l2', 'log_reg__solver': 'sag'} 

y_train unique len:  21
y_test unique len:  21
>acc=0.138, f1=0.138, est=0.208, cfg={'log_reg__C': 0.1, 'log_reg__max_iter': 10000, 'log_reg__penalty': 'l2', 'log_reg__solver': 'newton-cg'} 

y_train unique len:  21
y_test unique len:  21
>acc=0.176, f1=0.176, est=0.216, cfg={'log_reg__C': 0.01, 'log_reg__max_iter': 10000, 'log_reg__penalty': 'l2', 'log_reg__solver': 'saga'} 

Accuracy: 0.175 (0.025) 

F1: 0.175 (0.025) 



CV with  log_reg  for  county
y_train unique len:  278
y_test unique len:  111
>acc=0.037, f1=0.037, est=0.037, cfg={'log_reg__C': 0.001, 'log_reg__max_iter': 10000, 'log_reg__penalty': 'l2', 'log_reg__solver': 'newton-cg'} 

y_train unique len:  274
y_test unique len:  113
>acc=0.053, f1=0.053, est=0.052, cfg={'log_reg__C': 0.001, 'log_reg__max_iter': 10000, 'log_reg__penalty': 'l2', 'log_reg__solver': 'saga'} 

y_train unique len:  274
y_test unique len:  121
>acc=0.026, f1=0.026, est=0.045, cfg={'log_reg__C': 0.01, 'log_reg__max_iter': 10000, 'log_reg__penalty': 'l2', 'log_reg__solver': 'sag'} 

y_train unique len:  266
y_test unique len:  117
>acc=0.043, f1=0.043, est=0.048, cfg={'log_reg__C': 0.01, 'log_reg__max_iter': 10000, 'log_reg__penalty': 'l2', 'log_reg__solver': 'newton-cg'} 

y_train unique len:  272
y_test unique len:  123
>acc=0.027, f1=0.027, est=0.053, cfg={'log_reg__C': 0.001, 'log_reg__max_iter': 10000, 'log_reg__penalty': 'l2', 'log_reg__solver': 'newton-cg'} 

Accuracy: 0.037 (0.010) 

F1: 0.037 (0.010) 

Linux idun-02-01 4.18.0-193.el8.x86_64 #1 SMP Fri May 8 10:59:10 UTC 2020 x86_64 x86_64 x86_64 GNU/Linux
