we are running from this directory: /cluster/home/miriamfi/RankRec
The name of the job is: ran_r6
The job ID is 331240
The job was run on these nodes: idun-03-02
Number of nodes: 1
We are using 1 cores
We are using 1 cores per node
Total of 1 cores

Currently Loaded Modules:
  1) GCCcore/10.2.0
  2) zlib/1.2.11-GCCcore-10.2.0          (H)
  3) binutils/2.35-GCCcore-10.2.0        (H)
  4) iccifort/2020.4.304
  5) numactl/2.0.13-GCCcore-10.2.0       (H)
  6) UCX/1.9.0-GCCcore-10.2.0            (H)
  7) impi/2019.9.304-iccifort-2020.4.304
  8) iimpi/2020b
  9) imkl/2020.4.304-iimpi-2020b
 10) intel/2020b
 11) bzip2/1.0.8-GCCcore-10.2.0          (H)
 12) ncurses/6.2-GCCcore-10.2.0          (H)
 13) libreadline/8.0-GCCcore-10.2.0      (H)
 14) Tcl/8.6.10-GCCcore-10.2.0           (H)
 15) SQLite/3.33.0-GCCcore-10.2.0        (H)
 16) XZ/5.2.5-GCCcore-10.2.0             (H)
 17) GMP/6.2.0-GCCcore-10.2.0            (H)
 18) libffi/3.3-GCCcore-10.2.0           (H)
 19) Python/3.8.6-GCCcore-10.2.0

  Where:
   H:  Hidden Module

 

Program starting... 

User Info Loaded!
Loaded user features from user_features/feat_g_a_o_s.csv
User features shape:  (943, 79) 

Recommender Round 1: 

training epoch: 0
log likelihood: -15481.26953125

training epoch: 1
log likelihood: -13250.150390625

training epoch: 2
log likelihood: -12787.26953125

training epoch: 3
log likelihood: -12477.7197265625

training epoch: 4
log likelihood: -11920.8798828125

training epoch: 5
log likelihood: -11334.33984375

training epoch: 6
log likelihood: -10546.5595703125

training epoch: 7
log likelihood: -10105.9697265625

training epoch: 8
log likelihood: -9608.58984375

training epoch: 9
log likelihood: -9132.26953125

training epoch: 10
log likelihood: -8889.98046875

training epoch: 11
log likelihood: -8630.4501953125

training epoch: 12
log likelihood: -8343.1298828125

training epoch: 13
log likelihood: -8139.35009765625

training epoch: 14
log likelihood: -7961.2998046875

training epoch: 15
log likelihood: -7929.580078125

training epoch: 16
log likelihood: -7646.39990234375

training epoch: 17
log likelihood: -7482.0498046875

training epoch: 18
log likelihood: -7238.41015625

training epoch: 19
log likelihood: -7354.0
recommendations_train shape:  (943, 50)
Scores shape:  (29942,)
count    29587.000000
mean         0.967579
std          1.348646
min         -3.734935
25%          0.033415
50%          1.071877
75%          2.005651
max          4.508581
dtype: float64
precision: 0.092
recall: 0.268
hit rate: 0.916
Recommender Round 2: 

training epoch: 0
log likelihood: -26280.560546875

training epoch: 1
log likelihood: -23405.830078125

training epoch: 2
log likelihood: -21910.029296875

training epoch: 3
log likelihood: -20011.970703125

training epoch: 4
log likelihood: -18221.990234375

training epoch: 5
log likelihood: -17239.220703125

training epoch: 6
log likelihood: -16580.8203125

training epoch: 7
log likelihood: -15860.7099609375

training epoch: 8
log likelihood: -15374.51953125

training epoch: 9
log likelihood: -15173.6103515625

training epoch: 10
log likelihood: -14861.599609375

training epoch: 11
log likelihood: -14444.7802734375

training epoch: 12
log likelihood: -14209.830078125

training epoch: 13
log likelihood: -14139.240234375

training epoch: 14
log likelihood: -13751.66015625

training epoch: 15
log likelihood: -13798.1796875

training epoch: 16
log likelihood: -13494.830078125

training epoch: 17
log likelihood: -13261.419921875

training epoch: 18
log likelihood: -13198.1103515625

training epoch: 19
log likelihood: -12971.26953125
recommendations_train shape:  (943, 50)
Scores shape:  (30425,)
count    30264.000000
mean         0.904620
std          1.353597
min         -3.958709
25%         -0.008172
50%          1.022858
75%          1.923277
max          4.989428
dtype: float64
precision: 0.074
recall: 0.221
hit rate: 0.890
Recommendations are not written to file for N higher than 20.
Rec train shape:  (943, 1682)
Rec test shape:  (943, 1682)
CV for  gender
>acc=0.714, est=0.721, cfg={'max_features': 20, 'n_estimators': 100} 

>acc=0.688, est=0.721, cfg={'max_features': 2, 'n_estimators': 500} 

>acc=0.698, est=0.723, cfg={'max_features': 30, 'n_estimators': 100} 

>acc=0.734, est=0.717, cfg={'max_features': 30, 'n_estimators': 1500} 

>acc=0.723, est=0.718, cfg={'max_features': 2, 'n_estimators': 100} 

Accuracy: 0.712 (0.017) 

CV for  age
>acc=0.561, est=0.610, cfg={'max_features': 30, 'n_estimators': 250} 

>acc=0.571, est=0.601, cfg={'max_features': 30, 'n_estimators': 100} 

>acc=0.619, est=0.609, cfg={'max_features': 30, 'n_estimators': 100} 

>acc=0.585, est=0.599, cfg={'max_features': 30, 'n_estimators': 1750} 

>acc=0.606, est=0.609, cfg={'max_features': 25, 'n_estimators': 100} 

Accuracy: 0.589 (0.022) 

CV for  occupation
>acc=0.206, est=0.231, cfg={'max_features': 15, 'n_estimators': 1500} 

>acc=0.180, est=0.243, cfg={'max_features': 15, 'n_estimators': 1000} 

>acc=0.206, est=0.239, cfg={'max_features': 25, 'n_estimators': 500} 

>acc=0.229, est=0.216, cfg={'max_features': 2, 'n_estimators': 500} 

>acc=0.223, est=0.226, cfg={'max_features': 20, 'n_estimators': 1250} 

Accuracy: 0.209 (0.017) 

CV for  state
>acc=0.132, est=0.106, cfg={'max_features': 8, 'n_estimators': 100} 

>acc=0.106, est=0.123, cfg={'max_features': 6, 'n_estimators': 250} 

>acc=0.111, est=0.122, cfg={'max_features': 10, 'n_estimators': 250} 

>acc=0.138, est=0.115, cfg={'max_features': 15, 'n_estimators': 100} 

>acc=0.122, est=0.118, cfg={'max_features': 10, 'n_estimators': 250} 

Accuracy: 0.122 (0.012) 

Linux idun-03-02 4.18.0-193.el8.x86_64 #1 SMP Fri May 8 10:59:10 UTC 2020 x86_64 x86_64 x86_64 GNU/Linux
