we are running from this directory: /cluster/home/miriamfi/RankRec
The name of the job is: ran_r4
The job ID is 331238
The job was run on these nodes: idun-03-02
Number of nodes: 1
We are using 1 cores
We are using 1 cores per node
Total of 1 cores

Currently Loaded Modules:
  1) GCCcore/10.2.0
  2) zlib/1.2.11-GCCcore-10.2.0          (H)
  3) binutils/2.35-GCCcore-10.2.0        (H)
  4) iccifort/2020.4.304
  5) numactl/2.0.13-GCCcore-10.2.0       (H)
  6) UCX/1.9.0-GCCcore-10.2.0            (H)
  7) impi/2019.9.304-iccifort-2020.4.304
  8) iimpi/2020b
  9) imkl/2020.4.304-iimpi-2020b
 10) intel/2020b
 11) bzip2/1.0.8-GCCcore-10.2.0          (H)
 12) ncurses/6.2-GCCcore-10.2.0          (H)
 13) libreadline/8.0-GCCcore-10.2.0      (H)
 14) Tcl/8.6.10-GCCcore-10.2.0           (H)
 15) SQLite/3.33.0-GCCcore-10.2.0        (H)
 16) XZ/5.2.5-GCCcore-10.2.0             (H)
 17) GMP/6.2.0-GCCcore-10.2.0            (H)
 18) libffi/3.3-GCCcore-10.2.0           (H)
 19) Python/3.8.6-GCCcore-10.2.0

  Where:
   H:  Hidden Module

 

Program starting... 

User Info Loaded!
Loaded user features from user_features/feat_g_a_o_s.csv
User features shape:  (943, 79) 

Recommender Round 1: 

training epoch: 0
log likelihood: -15324.2099609375

training epoch: 1
log likelihood: -13256.169921875

training epoch: 2
log likelihood: -12711.6103515625

training epoch: 3
log likelihood: -12313.8603515625

training epoch: 4
log likelihood: -11696.6904296875

training epoch: 5
log likelihood: -11099.4501953125

training epoch: 6
log likelihood: -10268.2001953125

training epoch: 7
log likelihood: -9953.1201171875

training epoch: 8
log likelihood: -9413.66015625

training epoch: 9
log likelihood: -8919.3896484375

training epoch: 10
log likelihood: -8649.58984375

training epoch: 11
log likelihood: -8470.1298828125

training epoch: 12
log likelihood: -8151.14990234375

training epoch: 13
log likelihood: -8103.27978515625

training epoch: 14
log likelihood: -7852.330078125

training epoch: 15
log likelihood: -7855.25

training epoch: 16
log likelihood: -7554.72998046875

training epoch: 17
log likelihood: -7453.009765625

training epoch: 18
log likelihood: -7397.16015625

training epoch: 19
log likelihood: -7337.1201171875
recommendations_train shape:  (943, 50)
Scores shape:  (29942,)
count    29587.000000
mean         0.898769
std          1.321694
min         -3.567544
25%         -0.018712
50%          0.980400
75%          1.899046
max          4.341365
dtype: float64
precision: 0.083
recall: 0.252
hit rate: 0.889
Recommender Round 2: 

training epoch: 0
log likelihood: -26278.25

training epoch: 1
log likelihood: -23289.48046875

training epoch: 2
log likelihood: -21753.380859375

training epoch: 3
log likelihood: -19856.849609375

training epoch: 4
log likelihood: -18112.3203125

training epoch: 5
log likelihood: -17085.349609375

training epoch: 6
log likelihood: -16408.58984375

training epoch: 7
log likelihood: -15928.1103515625

training epoch: 8
log likelihood: -15224.169921875

training epoch: 9
log likelihood: -14994.3896484375

training epoch: 10
log likelihood: -14595.8896484375

training epoch: 11
log likelihood: -14211.1201171875

training epoch: 12
log likelihood: -13874.6904296875

training epoch: 13
log likelihood: -13759.8603515625

training epoch: 14
log likelihood: -13603.08984375

training epoch: 15
log likelihood: -13520.099609375

training epoch: 16
log likelihood: -13453.83984375

training epoch: 17
log likelihood: -13407.9599609375

training epoch: 18
log likelihood: -13094.3896484375

training epoch: 19
log likelihood: -12993.6796875
recommendations_train shape:  (943, 50)
Scores shape:  (30425,)
count    30264.000000
mean         0.889297
std          1.365867
min         -3.655290
25%         -0.045562
50%          0.984419
75%          1.915967
max          4.334669
dtype: float64
precision: 0.074
recall: 0.223
hit rate: 0.882
Recommendations are not written to file for N higher than 20.
Rec train shape:  (943, 1682)
Rec test shape:  (943, 1682)
CV for  gender
>acc=0.714, est=0.715, cfg={'max_features': 4, 'n_estimators': 100} 

>acc=0.688, est=0.719, cfg={'max_features': 6, 'n_estimators': 250} 

>acc=0.693, est=0.718, cfg={'max_features': 8, 'n_estimators': 500} 

>acc=0.739, est=0.718, cfg={'max_features': 4, 'n_estimators': 100} 

>acc=0.723, est=0.715, cfg={'max_features': 4, 'n_estimators': 100} 

Accuracy: 0.712 (0.019) 

CV for  age
>acc=0.545, est=0.592, cfg={'max_features': 8, 'n_estimators': 100} 

>acc=0.561, est=0.586, cfg={'max_features': 6, 'n_estimators': 100} 

>acc=0.619, est=0.580, cfg={'max_features': 2, 'n_estimators': 100} 

>acc=0.596, est=0.595, cfg={'max_features': 8, 'n_estimators': 100} 

>acc=0.596, est=0.582, cfg={'max_features': 2, 'n_estimators': 100} 

Accuracy: 0.583 (0.027) 

CV for  occupation
>acc=0.217, est=0.217, cfg={'max_features': 2, 'n_estimators': 500} 

>acc=0.169, est=0.218, cfg={'max_features': 2, 'n_estimators': 500} 

>acc=0.196, est=0.225, cfg={'max_features': 8, 'n_estimators': 250} 

>acc=0.223, est=0.197, cfg={'max_features': 4, 'n_estimators': 250} 

>acc=0.207, est=0.221, cfg={'max_features': 4, 'n_estimators': 250} 

Accuracy: 0.203 (0.019) 

CV for  state
>acc=0.127, est=0.117, cfg={'max_features': 8, 'n_estimators': 1000} 

>acc=0.101, est=0.126, cfg={'max_features': 6, 'n_estimators': 500} 

>acc=0.111, est=0.111, cfg={'max_features': 4, 'n_estimators': 500} 

>acc=0.101, est=0.121, cfg={'max_features': 6, 'n_estimators': 250} 

>acc=0.133, est=0.128, cfg={'max_features': 4, 'n_estimators': 1000} 

Accuracy: 0.115 (0.013) 

Linux idun-03-02 4.18.0-193.el8.x86_64 #1 SMP Fri May 8 10:59:10 UTC 2020 x86_64 x86_64 x86_64 GNU/Linux
