we are running from this directory: /cluster/home/miriamfi/RankRec
The name of the job is: ex2_bx_03_c
The job ID is 373784
The job was run on these nodes: idun-02-07
Number of nodes: 1
We are using 1 cores
We are using 1 cores per node
Total of 1 cores

Currently Loaded Modules:
  1) GCCcore/9.3.0
  2) zlib/1.2.11-GCCcore-9.3.0                     (H)
  3) binutils/2.34-GCCcore-9.3.0                   (H)
  4) iccifort/2020.1.217
  5) numactl/2.0.13-GCCcore-9.3.0                  (H)
  6) UCX/1.8.0-GCCcore-9.3.0                       (H)
  7) impi/2019.7.217-iccifort-2020.1.217
  8) iimpi/2020a
  9) imkl/2020.1.217-iimpi-2020a
 10) intel/2020a
 11) bzip2/1.0.8-GCCcore-9.3.0                     (H)
 12) ncurses/6.2-GCCcore-9.3.0                     (H)
 13) libreadline/8.0-GCCcore-9.3.0                 (H)
 14) Tcl/8.6.10-GCCcore-9.3.0                      (H)
 15) SQLite/3.31.1-GCCcore-9.3.0                   (H)
 16) XZ/5.2.5-GCCcore-9.3.0                        (H)
 17) GMP/6.2.0-GCCcore-9.3.0                       (H)
 18) libffi/3.3-GCCcore-9.3.0                      (H)
 19) Python/3.8.2-GCCcore-9.3.0
 20) pybind11/2.4.3-GCCcore-9.3.0-Python-3.8.2     (H)
 21) SciPy-bundle/2020.03-intel-2020a-Python-3.8.2
 22) libpng/1.6.37-GCCcore-9.3.0                   (H)
 23) freetype/2.10.1-GCCcore-9.3.0                 (H)
 24) expat/2.2.9-GCCcore-9.3.0                     (H)
 25) util-linux/2.35-GCCcore-9.3.0                 (H)
 26) fontconfig/2.13.92-GCCcore-9.3.0              (H)
 27) xorg-macros/1.19.2-GCCcore-9.3.0              (H)
 28) libpciaccess/0.16-GCCcore-9.3.0               (H)
 29) X11/20200222-GCCcore-9.3.0                    (H)
 30) Tk/8.6.10-GCCcore-9.3.0                       (H)
 31) Tkinter/3.8.2-GCCcore-9.3.0                   (H)
 32) matplotlib/3.2.1-intel-2020a-Python-3.8.2

  Where:
   H:  Hidden Module

 

Program starting... 

      user_id   age country
0         243   NaN     Usa
1         254  24.0     Usa
2         507   NaN     Usa
3         741  16.0     Usa
4         882  23.0     Usa
...       ...   ...     ...
3427   278188  34.0     Usa
3428   278418   NaN     Usa
3429   278535   NaN     Usa
3430   278633   NaN     Usa
3431   278843  28.0     Usa

[3432 rows x 3 columns]
(3432, 46)
Matrix Dimensions for  X_train1
X_train1  shape: (158915, 2)
X_train1  unique users: 3432
X_train1  unique items: 54632


X_train1  matrix sparsity: 99.9%


Matrix Dimensions for  X_test1
X_test1  shape: (120015, 2)
X_test1  unique users: 3432
X_test1  unique items: 47796


X_test1  matrix sparsity: 99.9%


Matrix Dimensions for  X_train2
X_train2  shape: (278930, 2)
X_train2  unique users: 3432
X_train2  unique items: 66645


X_train2  matrix sparsity: 99.9%


Matrix Dimensions for  X_test2
X_test2  shape: (121735, 2)
X_test2  unique users: 3432
X_test2  unique items: 48300


X_test2  matrix sparsity: 99.9%


Recommender Round 1: 

training epoch: 0
log likelihood: -103266.21875

training epoch: 1
log likelihood: -93697.328125

training epoch: 2
log likelihood: -88780.8515625

training epoch: 3
log likelihood: -84488.453125

training epoch: 4
log likelihood: -79560.1171875

training epoch: 5
log likelihood: -72958.6171875

training epoch: 6
log likelihood: -65752.53125

training epoch: 7
log likelihood: -58682.66015625

training epoch: 8
log likelihood: -52718.3203125

training epoch: 9
log likelihood: -47513.9609375

training epoch: 10
log likelihood: -43298.19140625

training epoch: 11
log likelihood: -39642.73046875

training epoch: 12
log likelihood: -36709.1015625

training epoch: 13
log likelihood: -34243.12109375

training epoch: 14
log likelihood: -32228.0390625

training epoch: 15
log likelihood: -30464.669921875

training epoch: 16
log likelihood: -28991.66015625

training epoch: 17
log likelihood: -27781.83984375

training epoch: 18
log likelihood: -26724.609375

training epoch: 19
log likelihood: -25732.44921875
recommendations_train shape:  (3432, 50)
Scores shape:  (120015,)
count    102047.000000
mean          0.935702
std           1.282266
min          -3.080939
25%          -0.048925
50%           0.868320
75%           1.905483
max           5.013268
dtype: float64
precision: 0.010
recall: 0.022
hit rate: 0.307
Recommender Round 2: 

training epoch: 0
log likelihood: -173976.609375

training epoch: 1
log likelihood: -154938.296875

training epoch: 2
log likelihood: -146033.890625

training epoch: 3
log likelihood: -138057.0

training epoch: 4
log likelihood: -128039.7578125

training epoch: 5
log likelihood: -115735.9375

training epoch: 6
log likelihood: -103691.78125

training epoch: 7
log likelihood: -92487.6328125

training epoch: 8
log likelihood: -83167.9296875

training epoch: 9
log likelihood: -75679.2890625

training epoch: 10
log likelihood: -69697.8515625

training epoch: 11
log likelihood: -64609.69140625

training epoch: 12
log likelihood: -60697.1015625

training epoch: 13
log likelihood: -57242.62109375

training epoch: 14
log likelihood: -54680.37890625

training epoch: 15
log likelihood: -52158.73828125

training epoch: 16
log likelihood: -50524.12890625

training epoch: 17
log likelihood: -48738.98046875

training epoch: 18
log likelihood: -47160.51953125

training epoch: 19
log likelihood: -45990.37109375
recommendations_train shape:  (3432, 50)
Scores shape:  (121735,)
count    114203.000000
mean          1.267314
std           1.391641
min          -2.983726
25%           0.196787
50%           1.284527
75%           2.351216
max           5.288045
dtype: float64
precision: 0.013
recall: 0.026
hit rate: 0.355
unique_isbn:  ['0006511929' '0060520507' '0060930934' ... '9726081327' '1884910033'
 '0688085105']
unique_isbn len:  71400
recs:                  0           1           2   ...          47          48          49
243     0553564528  044022165X  0440214041  ...  051513287X  031298328X  0671001795
254     0440108268  0345391055  0590568892  ...  0374270325  0440214114  0446356832
507     0440467012  044652087X  0553562614  ...  0671759329  0671027360  0345391829
741     0451166892  1931561648  0451409000  ...  0312990456  0446600660  0060812494
882     0441569595  0345298349  0805063897  ...  0446607657  044022165X  0375413634
...            ...         ...         ...  ...         ...         ...         ...
278188  0380731630  0064400077  0441478123  ...  0553288342  0452284449  0345413350
278418  0590566466  0451156609  0515136530  ...  0590997343  0590436465  0553582755
278535  0440241073  0375727345  0446612545  ...  0385484518  0440213525  0553268880
278633  0452282829  0440211727  0440214041  ...  0671038184  0804106304  0439136369
278843  0385484518  1931561648  0671020293  ...  0312291639  0440343690  0451166892

[3432 rows x 50 columns]
recs:          0      1      2      3      4      ...  71395  71396  71397  71398  71399
243       0.0    0.0    0.0    0.0    0.0  ...    0.0    0.0    0.0    0.0    0.0
254       0.0    0.0    0.0    0.0    0.0  ...    0.0    0.0    0.0    0.0    0.0
507       0.0    0.0    0.0    0.0    0.0  ...    0.0    0.0    0.0    0.0    0.0
741       0.0    0.0    0.0    0.0    0.0  ...    0.0    0.0    0.0    0.0    0.0
882       0.0    0.0    0.0    0.0    0.0  ...    0.0    0.0    0.0    0.0    0.0
...       ...    ...    ...    ...    ...  ...    ...    ...    ...    ...    ...
278188    0.0    0.0    0.0    0.0    0.0  ...    0.0    0.0    0.0    0.0    0.0
278418    0.0    0.0    0.0    0.0    0.0  ...    0.0    0.0    0.0    0.0    0.0
278535    0.0    0.0    0.0    0.0    0.0  ...    0.0    0.0    0.0    0.0    0.0
278633    0.0    0.0    0.0    0.0    0.0  ...    0.0    0.0    0.0    0.0    0.0
278843    0.0    0.0    0.0    0.0    0.0  ...    0.0    0.0    0.0    0.0    0.0

[3432 rows x 71400 columns]
recs shape:  (3432, 71400)
recs:                  0           1           2   ...          47          48          49
243     0440222656  0446672211  067976402X  ...  0449212602  0804106304  0060976845
254     1551664461  0679457526  0020442203  ...  0789254484  0451163966  0312974256
507     0671001795  0671028367  0451206673  ...  0446525502  0312980140  0141000198
741     0312980140  0312990456  0373484224  ...  0380708353  0515119644  0446604089
882     0345361792  0312195516  0380731851  ...  0786881852  0671024248  006101351X
...            ...         ...         ...  ...         ...         ...         ...
278188  0515130923  0553583441  0345353730  ...  0425190749  0380725584  0553582925
278418  0439049962  0671759329  0394584082  ...  0590454455  044017158X  0425150143
278535  0440220602  0446363251  0671867091  ...  0425147517  0345298349  0804114986
278633  0440222656  0679781587  0380731851  ...  0385484518  0671001795  0312971346
278843  0345447840  0066209773  0446531332  ...  1592400876  0385335881  0312952716

[3432 rows x 50 columns]
recs:          0      1      2      3      4      ...  71395  71396  71397  71398  71399
243       0.0    0.0    0.0    0.0    0.0  ...    0.0    0.0    0.0    0.0    0.0
254       0.0    0.0    0.0    0.0    0.0  ...    0.0    0.0    0.0    0.0    0.0
507       0.0    0.0    0.0    0.0    0.0  ...    0.0    0.0    0.0    0.0    0.0
741       0.0    0.0    0.0    0.0    0.0  ...    0.0    0.0    0.0    0.0    0.0
882       0.0    0.0    0.0    0.0    0.0  ...    0.0    0.0    0.0    0.0    0.0
...       ...    ...    ...    ...    ...  ...    ...    ...    ...    ...    ...
278188    0.0    0.0    0.0    0.0    0.0  ...    0.0    0.0    0.0    0.0    0.0
278418    0.0    0.0    0.0    0.0    0.0  ...    0.0    0.0    0.0    0.0    0.0
278535    0.0    0.0    0.0    0.0    0.0  ...    0.0    0.0    0.0    0.0    0.0
278633    0.0    0.0    0.0    0.0    0.0  ...    0.0    0.0    0.0    0.0    0.0
278843    0.0    0.0    0.0    0.0    0.0  ...    0.0    0.0    0.0    0.0    0.0

[3432 rows x 71400 columns]
recs shape:  (3432, 71400)
Rec train shape:  (3432, 71400)
Rec test shape:  (3432, 71400)
usa_vs_rest
all_attr:  Counter({'Usa': 2310, 'rest': 1122})
all_attr unique:  2
less than 2 samples:  0
2 samples:  0
5 samples or less:  0
train_attr unique:  2
test_attr unique:  2
train_attr:  3432
test_attr:  3432





CV with  dummy  for  usa_vs_rest
train_ix:  [   0    1    2 ... 3427 3430 3431]
train_ix type:  int64
test_ix:  [   3    4    6    7   10   12   13   17   28   40   41   44   45   50
   65   75   87   89   93   94   98   99  102  107  110  111  123  126
  133  136  157  161  165  171  172  187  188  192  195  201  203  204
  205  219  220  224  227  228  230  231  248  254  255  262  268  273
  280  282  289  291  292  297  299  301  304  306  314  318  321  329
  330  331  340  346  349  351  364  366  367  368  382  383  393  394
  396  397  403  420  427  432  439  440  442  453  457  460  462  464
  470  473  481  486  487  490  494  495  516  517  521  534  535  540
  541  544  546  547  549  551  557  558  560  563  569  574  577  581
  582  586  588  592  595  598  600  602  605  610  613  623  630  644
  650  666  671  678  700  702  705  709  719  725  730  748  749  756
  757  771  772  774  777  784  790  796  797  799  802  804  808  812
  813  816  825  829  839  854  855  857  866  870  872  874  876  880
  893  895  896  902  906  909  925  927  929  931  932  933  943  945
  953  955  957  965  968  973  979  984  986  988  993  994  996 1004
 1008 1010 1012 1017 1020 1026 1032 1036 1043 1044 1045 1047 1064 1071
 1074 1077 1080 1087 1089 1098 1103 1104 1105 1114 1120 1125 1126 1128
 1131 1132 1135 1141 1142 1149 1153 1156 1159 1162 1163 1164 1167 1173
 1176 1177 1178 1179 1189 1194 1201 1218 1221 1224 1227 1230 1232 1234
 1237 1238 1241 1248 1255 1263 1265 1266 1271 1273 1281 1282 1301 1305
 1316 1328 1333 1335 1336 1338 1339 1359 1363 1373 1379 1387 1392 1399
 1403 1408 1410 1412 1415 1443 1447 1452 1457 1466 1467 1468 1475 1477
 1490 1498 1509 1520 1525 1533 1535 1536 1537 1542 1548 1550 1552 1555
 1556 1559 1562 1564 1579 1587 1589 1592 1604 1606 1611 1621 1623 1624
 1626 1636 1641 1642 1647 1653 1657 1658 1659 1661 1672 1673 1674 1680
 1685 1687 1688 1690 1696 1707 1719 1721 1724 1727 1734 1747 1758 1760
 1766 1767 1780 1781 1785 1791 1792 1796 1802 1804 1805 1810 1815 1816
 1819 1827 1829 1832 1836 1837 1847 1848 1865 1872 1885 1892 1893 1896
 1897 1899 1900 1903 1906 1907 1909 1918 1919 1921 1922 1924 1925 1930
 1931 1934 1941 1943 1944 1946 1956 1959 1960 1961 1973 1987 1988 1995
 2000 2005 2016 2017 2019 2024 2026 2027 2029 2062 2064 2066 2068 2074
 2078 2084 2087 2088 2095 2098 2108 2113 2121 2128 2130 2133 2135 2152
 2155 2158 2165 2166 2170 2174 2175 2181 2185 2190 2191 2193 2208 2213
 2215 2217 2229 2243 2245 2248 2259 2264 2274 2284 2289 2297 2306 2315
 2323 2328 2329 2336 2341 2343 2344 2345 2347 2351 2358 2373 2374 2375
 2380 2383 2384 2385 2387 2396 2401 2403 2410 2414 2421 2426 2427 2431
 2437 2451 2462 2470 2479 2483 2487 2491 2494 2497 2507 2508 2511 2512
 2514 2521 2528 2529 2539 2550 2551 2560 2567 2568 2569 2570 2577 2579
 2582 2584 2602 2612 2618 2620 2621 2622 2655 2661 2665 2668 2670 2677
 2682 2687 2699 2704 2706 2707 2709 2711 2713 2721 2722 2726 2732 2734
 2735 2736 2738 2739 2743 2765 2767 2768 2774 2777 2784 2786 2789 2802
 2810 2812 2813 2814 2818 2825 2826 2839 2845 2851 2852 2854 2855 2863
 2868 2871 2873 2883 2896 2899 2901 2905 2910 2938 2950 2968 2971 2972
 2976 2983 2991 2992 2993 2994 2999 3000 3003 3004 3005 3009 3010 3014
 3024 3031 3032 3041 3042 3052 3053 3060 3063 3064 3065 3066 3067 3069
 3072 3074 3076 3080 3081 3094 3101 3105 3107 3111 3113 3118 3121 3122
 3126 3130 3142 3154 3155 3166 3167 3177 3181 3184 3188 3190 3197 3201
 3206 3208 3227 3246 3250 3251 3267 3271 3272 3274 3277 3302 3310 3320
 3332 3338 3344 3357 3367 3371 3381 3388 3390 3391 3395 3416 3420 3428
 3429]
X_r1.index:  Int64Index([   243,    254,    507,    741,    882,    929,   1131,   1211,
              1424,   1435,
            ...
            277639, 277928, 277965, 278137, 278144, 278188, 278418, 278535,
            278633, 278843],
           dtype='int64', length=3432)
X_r1.index types:  int64
y_train unique len:  2
y_test unique len:  2
set()
>acc=0.690, f1=0.690, auc=0.500, est=0.669, cfg={'dummy__strategy': 'most_frequent'} 

train_ix:  [   0    1    2 ... 3425 3428 3429]
train_ix type:  int64
test_ix:  [  19   23   32   34   35   39   47   54   56   58   64   72   79   81
   82   91  103  108  119  120  124  130  132  134  137  138  148  151
  154  166  169  177  180  181  182  186  191  194  196  199  208  216
  217  218  221  226  233  236  241  242  250  256  257  260  270  275
  283  285  287  288  302  303  335  338  341  348  359  365  370  390
  401  414  415  418  422  425  428  429  438  444  445  446  452  459
  468  471  476  477  478  480  485  492  499  501  503  508  510  514
  525  526  527  533  543  553  555  556  559  561  571  572  573  576
  578  579  584  587  589  590  599  607  608  612  615  616  620  627
  632  635  636  638  645  653  654  655  660  664  670  674  675  679
  680  681  683  685  688  692  693  703  707  708  711  712  713  720
  724  729  733  735  736  737  743  751  760  761  764  767  768  773
  781  783  785  788  791  792  817  836  840  846  858  877  885  898
  899  900  911  913  916  918  921  924  926  934  935  936  937  941
  946  954  958  959  961  975  985  987  990 1000 1002 1009 1011 1016
 1021 1028 1030 1038 1039 1040 1041 1050 1051 1060 1065 1068 1070 1073
 1078 1081 1082 1100 1117 1138 1140 1143 1144 1145 1151 1169 1171 1188
 1195 1196 1197 1208 1215 1216 1217 1219 1223 1228 1236 1239 1246 1247
 1260 1264 1268 1270 1291 1294 1296 1299 1307 1322 1330 1334 1342 1344
 1349 1351 1352 1353 1357 1364 1377 1380 1381 1385 1386 1391 1394 1395
 1396 1398 1400 1404 1413 1417 1419 1421 1427 1432 1433 1435 1436 1441
 1448 1450 1453 1454 1456 1459 1463 1488 1501 1502 1503 1504 1508 1513
 1515 1517 1524 1532 1544 1545 1546 1549 1551 1554 1563 1565 1569 1578
 1584 1588 1593 1595 1603 1608 1610 1613 1614 1625 1631 1637 1644 1668
 1669 1670 1678 1684 1695 1698 1703 1708 1720 1723 1728 1729 1730 1732
 1735 1736 1742 1749 1751 1759 1761 1765 1772 1773 1778 1784 1787 1789
 1794 1807 1808 1813 1814 1817 1823 1828 1833 1846 1850 1854 1857 1858
 1859 1860 1873 1875 1881 1884 1891 1895 1908 1913 1915 1916 1917 1926
 1928 1933 1938 1945 1951 1957 1962 1977 1986 1990 1991 1992 1993 2008
 2009 2011 2013 2015 2028 2031 2032 2034 2038 2039 2040 2043 2045 2046
 2048 2051 2053 2059 2070 2096 2097 2102 2104 2105 2107 2111 2112 2114
 2118 2124 2126 2129 2142 2146 2159 2168 2169 2183 2194 2204 2211 2223
 2225 2231 2234 2241 2246 2252 2253 2268 2270 2273 2275 2279 2286 2287
 2291 2295 2296 2298 2313 2314 2316 2317 2318 2331 2337 2338 2340 2346
 2348 2349 2352 2353 2356 2360 2361 2362 2367 2369 2378 2381 2390 2391
 2392 2402 2406 2415 2418 2430 2447 2448 2456 2458 2463 2466 2495 2503
 2510 2517 2520 2538 2541 2543 2546 2557 2563 2564 2576 2578 2585 2586
 2596 2604 2606 2607 2608 2629 2630 2632 2633 2635 2637 2641 2644 2649
 2652 2657 2672 2673 2676 2684 2691 2694 2696 2697 2698 2703 2715 2720
 2724 2742 2744 2745 2747 2748 2749 2771 2775 2778 2779 2783 2796 2801
 2809 2811 2816 2823 2834 2837 2848 2864 2867 2874 2876 2879 2882 2888
 2893 2903 2907 2911 2915 2916 2920 2925 2927 2930 2942 2945 2946 2956
 2964 2967 2974 2985 2989 2995 2996 2998 3007 3008 3033 3036 3037 3039
 3040 3048 3054 3058 3078 3089 3091 3093 3095 3096 3100 3102 3106 3109
 3114 3123 3135 3144 3145 3150 3151 3152 3153 3158 3160 3163 3169 3170
 3174 3176 3180 3182 3185 3192 3194 3196 3198 3199 3205 3210 3213 3218
 3222 3228 3237 3243 3244 3249 3256 3258 3268 3279 3292 3293 3295 3296
 3299 3305 3307 3311 3316 3319 3328 3333 3335 3337 3340 3342 3343 3352
 3355 3356 3358 3361 3364 3389 3393 3394 3402 3407 3408 3426 3427 3430
 3431]
X_r1.index:  Int64Index([   243,    254,    507,    741,    882,    929,   1131,   1211,
              1424,   1435,
            ...
            277639, 277928, 277965, 278137, 278144, 278188, 278418, 278535,
            278633, 278843],
           dtype='int64', length=3432)
X_r1.index types:  int64
y_train unique len:  2
y_test unique len:  2
set()
>acc=0.674, f1=0.674, auc=0.500, est=0.673, cfg={'dummy__strategy': 'most_frequent'} 

train_ix:  [   2    3    4 ... 3429 3430 3431]
train_ix type:  int64
test_ix:  [   0    1    8   11   16   21   24   30   37   38   48   49   51   53
   59   60   62   67   68   73   76   80   83   90  101  104  115  125
  128  139  140  146  149  158  160  167  173  176  189  190  198  200
  202  206  207  209  210  212  223  229  258  259  261  264  267  281
  293  294  305  309  325  332  336  345  347  350  353  361  363  369
  372  375  380  385  386  389  398  399  400  406  407  416  419  421
  424  434  435  436  441  443  447  448  456  484  493  498  509  512
  513  518  520  523  529  536  537  575  583  585  596  614  619  625
  628  631  634  639  640  642  643  661  662  669  672  689  697  698
  701  710  718  726  739  745  747  750  758  763  766  769  778  779
  787  793  800  801  805  807  809  820  821  823  828  834  845  849
  851  852  853  859  864  881  887  891  894  904  917  919  920  940
  948  970  972  976  977  981  982  983  992  995  997 1001 1006 1013
 1015 1027 1034 1035 1037 1053 1054 1058 1059 1066 1069 1083 1084 1091
 1093 1094 1097 1102 1108 1109 1112 1115 1118 1122 1123 1129 1136 1139
 1146 1147 1152 1157 1161 1165 1172 1183 1185 1186 1193 1204 1205 1206
 1210 1212 1213 1220 1225 1226 1231 1233 1244 1245 1249 1252 1262 1269
 1272 1276 1283 1285 1286 1287 1289 1292 1293 1297 1308 1310 1317 1323
 1325 1326 1329 1347 1348 1354 1355 1362 1365 1369 1375 1382 1384 1388
 1397 1401 1402 1406 1407 1409 1414 1422 1426 1430 1438 1442 1446 1462
 1470 1471 1480 1481 1482 1483 1487 1489 1494 1496 1497 1500 1506 1507
 1514 1518 1519 1526 1529 1534 1539 1540 1558 1561 1566 1570 1573 1575
 1577 1586 1596 1597 1599 1601 1605 1607 1609 1617 1628 1629 1645 1646
 1648 1649 1650 1651 1652 1654 1660 1663 1664 1675 1677 1681 1683 1691
 1697 1701 1702 1710 1713 1716 1725 1726 1737 1744 1748 1754 1768 1776
 1777 1782 1783 1790 1812 1818 1822 1825 1826 1851 1852 1855 1856 1862
 1863 1866 1870 1882 1902 1905 1911 1929 1937 1947 1950 1953 1958 1964
 1965 1966 1967 1970 1994 1999 2001 2006 2010 2018 2022 2030 2035 2037
 2049 2054 2056 2065 2073 2079 2085 2093 2099 2101 2106 2115 2117 2119
 2123 2132 2136 2139 2149 2156 2157 2161 2162 2164 2167 2173 2179 2182
 2188 2201 2206 2209 2227 2236 2242 2249 2250 2263 2276 2281 2282 2285
 2290 2292 2293 2294 2299 2300 2303 2307 2308 2312 2320 2322 2325 2330
 2333 2334 2354 2357 2363 2368 2371 2372 2379 2395 2398 2407 2409 2411
 2416 2420 2422 2423 2424 2425 2433 2434 2435 2443 2444 2449 2453 2454
 2455 2459 2461 2467 2472 2473 2474 2475 2476 2480 2481 2482 2489 2490
 2496 2500 2501 2515 2522 2527 2531 2534 2542 2544 2545 2558 2575 2589
 2594 2595 2601 2603 2610 2613 2616 2624 2627 2640 2642 2645 2646 2647
 2650 2654 2656 2660 2662 2664 2667 2671 2679 2683 2685 2688 2695 2700
 2710 2719 2725 2727 2730 2731 2733 2741 2746 2750 2756 2759 2761 2766
 2785 2793 2794 2798 2800 2803 2805 2817 2819 2820 2822 2824 2827 2833
 2838 2842 2847 2849 2850 2858 2859 2861 2878 2881 2885 2889 2890 2904
 2906 2909 2912 2913 2921 2923 2924 2926 2928 2933 2934 2936 2948 2951
 2954 2960 2970 2975 2978 2979 2986 2988 2990 3016 3017 3019 3020 3025
 3026 3030 3045 3046 3051 3056 3068 3075 3077 3085 3086 3090 3097 3110
 3112 3119 3127 3132 3134 3140 3141 3149 3156 3162 3164 3172 3173 3179
 3183 3189 3191 3195 3200 3202 3203 3204 3220 3225 3229 3233 3236 3242
 3248 3257 3262 3263 3273 3276 3281 3282 3284 3286 3297 3304 3306 3315
 3317 3324 3325 3330 3331 3345 3347 3349 3350 3354 3368 3372 3377 3379
 3380 3384 3386 3406 3410 3412 3414 3417 3418 3419 3421 3422 3423 3425]
X_r1.index:  Int64Index([   243,    254,    507,    741,    882,    929,   1131,   1211,
              1424,   1435,
            ...
            277639, 277928, 277965, 278137, 278144, 278188, 278418, 278535,
            278633, 278843],
           dtype='int64', length=3432)
X_r1.index types:  int64
y_train unique len:  2
y_test unique len:  2
set()
>acc=0.637, f1=0.637, auc=0.500, est=0.682, cfg={'dummy__strategy': 'most_frequent'} 

train_ix:  [   0    1    3 ... 3429 3430 3431]
train_ix type:  int64
test_ix:  [   2    5    9   22   26   27   29   31   33   43   46   55   57   61
   66   69   74   78   84   85   88   97  106  117  121  127  131  135
  141  142  147  156  159  163  164  170  175  178  185  193  211  215
  234  237  238  239  244  251  265  274  276  277  278  279  284  286
  295  298  300  307  308  310  311  315  320  322  323  326  328  339
  352  354  355  358  360  371  374  381  384  387  388  392  395  404
  408  409  426  430  433  437  449  455  458  463  466  472  474  479
  482  483  488  491  496  500  502  504  507  511  528  530  531  538
  548  550  554  567  568  570  593  594  597  603  604  618  622  629
  641  646  647  649  659  663  673  682  686  694  699  722  723  731
  740  741  742  744  746  752  754  755  759  765  776  780  782  786
  789  798  810  815  819  824  826  827  830  831  833  841  842  847
  860  861  862  863  867  868  875  888  890  892  912  914  922  923
  930  938  942  950  951  952  962  966  969  974  978  991 1003 1005
 1007 1014 1023 1024 1029 1048 1055 1056 1057 1079 1085 1086 1090 1092
 1101 1116 1119 1124 1127 1130 1134 1148 1158 1166 1180 1181 1184 1190
 1198 1199 1203 1209 1211 1222 1229 1240 1242 1243 1250 1256 1257 1259
 1267 1274 1279 1280 1290 1298 1302 1304 1314 1315 1318 1319 1320 1331
 1340 1341 1343 1346 1356 1358 1361 1367 1370 1371 1374 1378 1390 1405
 1416 1418 1428 1429 1437 1440 1444 1451 1458 1461 1464 1476 1479 1505
 1510 1511 1512 1516 1531 1541 1543 1553 1557 1567 1568 1574 1576 1583
 1585 1591 1600 1602 1618 1633 1634 1643 1655 1656 1662 1665 1671 1676
 1682 1699 1704 1705 1709 1711 1714 1718 1731 1733 1739 1743 1746 1750
 1753 1755 1764 1769 1770 1775 1779 1786 1788 1793 1797 1800 1809 1811
 1821 1831 1839 1841 1842 1843 1853 1861 1864 1867 1868 1877 1886 1889
 1894 1901 1904 1910 1912 1923 1932 1935 1940 1948 1952 1954 1955 1963
 1969 1971 1972 1974 1975 1976 1978 1980 1984 1985 1989 1997 1998 2002
 2003 2004 2007 2014 2020 2021 2023 2036 2041 2042 2044 2047 2050 2057
 2058 2060 2061 2063 2067 2071 2075 2076 2080 2081 2082 2083 2086 2089
 2090 2094 2100 2109 2110 2116 2120 2122 2131 2134 2137 2138 2140 2143
 2145 2147 2150 2151 2153 2154 2160 2163 2177 2184 2187 2192 2196 2198
 2199 2200 2202 2203 2207 2212 2220 2226 2228 2232 2233 2235 2237 2238
 2239 2240 2255 2256 2262 2266 2271 2272 2280 2301 2304 2305 2310 2319
 2324 2332 2339 2350 2355 2359 2364 2366 2370 2377 2388 2389 2393 2397
 2399 2404 2412 2428 2429 2436 2438 2439 2440 2441 2452 2457 2460 2469
 2471 2478 2484 2485 2493 2505 2509 2513 2519 2526 2530 2532 2535 2540
 2552 2553 2554 2555 2571 2572 2573 2580 2583 2591 2593 2597 2598 2600
 2605 2609 2611 2614 2615 2619 2623 2625 2626 2639 2651 2659 2680 2681
 2686 2689 2692 2701 2702 2708 2712 2717 2718 2723 2728 2740 2751 2752
 2753 2755 2757 2758 2762 2764 2769 2772 2773 2781 2782 2790 2792 2807
 2815 2821 2831 2841 2846 2856 2857 2860 2862 2865 2866 2869 2870 2875
 2886 2887 2891 2894 2900 2908 2914 2922 2929 2931 2932 2935 2940 2943
 2947 2957 2963 2966 2977 2980 2984 2987 2997 3001 3011 3018 3028 3035
 3038 3043 3055 3057 3059 3061 3062 3071 3073 3083 3084 3088 3099 3103
 3108 3116 3117 3120 3128 3129 3137 3139 3143 3146 3148 3161 3165 3178
 3186 3187 3193 3214 3216 3217 3219 3221 3223 3226 3231 3232 3235 3240
 3241 3245 3247 3254 3255 3260 3261 3266 3269 3275 3283 3285 3289 3290
 3291 3294 3300 3312 3313 3314 3318 3321 3322 3326 3327 3334 3336 3339
 3348 3362 3365 3369 3373 3374 3376 3383 3387 3392 3397 3399 3405 3413]
X_r1.index:  Int64Index([   243,    254,    507,    741,    882,    929,   1131,   1211,
              1424,   1435,
            ...
            277639, 277928, 277965, 278137, 278144, 278188, 278418, 278535,
            278633, 278843],
           dtype='int64', length=3432)
X_r1.index types:  int64
y_train unique len:  2
y_test unique len:  2
set()
>acc=0.675, f1=0.675, auc=0.500, est=0.673, cfg={'dummy__strategy': 'most_frequent'} 

train_ix:  [   0    1    2 ... 3429 3430 3431]
train_ix type:  int64
test_ix:  [  14   15   18   20   25   36   42   52   63   70   71   77   86   92
   95   96  100  105  109  112  113  114  116  118  122  129  143  144
  145  150  152  153  155  162  168  174  179  183  184  197  213  214
  222  225  232  235  240  243  245  246  247  249  252  253  263  266
  269  271  272  290  296  312  313  316  317  319  324  327  333  334
  337  342  343  344  356  357  362  373  376  377  378  379  391  402
  405  410  411  412  413  417  423  431  450  451  454  461  465  467
  469  475  489  497  505  506  515  519  522  524  532  539  542  545
  552  562  564  565  566  580  591  601  606  609  611  617  621  624
  626  633  637  648  651  652  656  657  658  665  667  668  676  677
  684  687  690  691  695  696  704  706  714  715  716  717  721  727
  728  732  734  738  753  762  770  775  794  795  803  806  811  814
  818  822  832  835  837  838  843  844  848  850  856  865  869  871
  873  878  879  882  883  884  886  889  897  901  903  905  907  908
  910  915  928  939  944  947  949  956  960  963  964  967  971  980
  989  998  999 1018 1019 1022 1025 1031 1033 1042 1046 1049 1052 1061
 1062 1063 1067 1072 1075 1076 1088 1095 1096 1099 1106 1107 1110 1111
 1113 1121 1133 1137 1150 1154 1155 1160 1168 1170 1174 1175 1182 1187
 1191 1192 1200 1202 1207 1214 1235 1251 1253 1254 1258 1261 1275 1277
 1278 1284 1288 1295 1300 1303 1306 1309 1311 1312 1313 1321 1324 1327
 1332 1337 1345 1350 1360 1366 1368 1372 1376 1383 1389 1393 1411 1420
 1423 1424 1425 1431 1434 1439 1445 1449 1455 1460 1465 1469 1472 1473
 1474 1478 1484 1485 1486 1491 1492 1493 1495 1499 1521 1522 1523 1527
 1528 1530 1538 1547 1560 1571 1572 1580 1581 1582 1590 1594 1598 1612
 1615 1616 1619 1620 1622 1627 1630 1632 1635 1638 1639 1640 1666 1667
 1679 1686 1689 1692 1693 1694 1700 1706 1712 1715 1717 1722 1738 1740
 1741 1745 1752 1756 1757 1762 1763 1771 1774 1795 1798 1799 1801 1803
 1806 1820 1824 1830 1834 1835 1838 1840 1844 1845 1849 1869 1871 1874
 1876 1878 1879 1880 1883 1887 1888 1890 1898 1914 1920 1927 1936 1939
 1942 1949 1968 1979 1981 1982 1983 1996 2012 2025 2033 2052 2055 2069
 2072 2077 2091 2092 2103 2125 2127 2141 2144 2148 2171 2172 2176 2178
 2180 2186 2189 2195 2197 2205 2210 2214 2216 2218 2219 2221 2222 2224
 2230 2244 2247 2251 2254 2257 2258 2260 2261 2265 2267 2269 2277 2278
 2283 2288 2302 2309 2311 2321 2326 2327 2335 2342 2365 2376 2382 2386
 2394 2400 2405 2408 2413 2417 2419 2432 2442 2445 2446 2450 2464 2465
 2468 2477 2486 2488 2492 2498 2499 2502 2504 2506 2516 2518 2523 2524
 2525 2533 2536 2537 2547 2548 2549 2556 2559 2561 2562 2565 2566 2574
 2581 2587 2588 2590 2592 2599 2617 2628 2631 2634 2636 2638 2643 2648
 2653 2658 2663 2666 2669 2674 2675 2678 2690 2693 2705 2714 2716 2729
 2737 2754 2760 2763 2770 2776 2780 2787 2788 2791 2795 2797 2799 2804
 2806 2808 2828 2829 2830 2832 2835 2836 2840 2843 2844 2853 2872 2877
 2880 2884 2892 2895 2897 2898 2902 2917 2918 2919 2937 2939 2941 2944
 2949 2952 2953 2955 2958 2959 2961 2962 2965 2969 2973 2981 2982 3002
 3006 3012 3013 3015 3021 3022 3023 3027 3029 3034 3044 3047 3049 3050
 3070 3079 3082 3087 3092 3098 3104 3115 3124 3125 3131 3133 3136 3138
 3147 3157 3159 3168 3171 3175 3207 3209 3211 3212 3215 3224 3230 3234
 3238 3239 3252 3253 3259 3264 3265 3270 3278 3280 3287 3288 3298 3301
 3303 3308 3309 3323 3329 3341 3346 3351 3353 3359 3360 3363 3366 3370
 3375 3378 3382 3385 3396 3398 3400 3401 3403 3404 3409 3411 3415 3424]
X_r1.index:  Int64Index([   243,    254,    507,    741,    882,    929,   1131,   1211,
              1424,   1435,
            ...
            277639, 277928, 277965, 278137, 278144, 278188, 278418, 278535,
            278633, 278843],
           dtype='int64', length=3432)
X_r1.index types:  int64
y_train unique len:  2
y_test unique len:  2
set()
>acc=0.690, f1=0.690, auc=0.500, est=0.669, cfg={'dummy__strategy': 'most_frequent'} 

Accuracy: 0.673 (0.019) 

F1: 0.673 (0.019) 

AUC: 0.500 (0.000) 



CV with  log_reg  for  usa_vs_rest
train_ix:  [   0    1    2 ... 3427 3430 3431]
train_ix type:  int64
test_ix:  [   3    4    6    7   10   12   13   17   28   40   41   44   45   50
   65   75   87   89   93   94   98   99  102  107  110  111  123  126
  133  136  157  161  165  171  172  187  188  192  195  201  203  204
  205  219  220  224  227  228  230  231  248  254  255  262  268  273
  280  282  289  291  292  297  299  301  304  306  314  318  321  329
  330  331  340  346  349  351  364  366  367  368  382  383  393  394
  396  397  403  420  427  432  439  440  442  453  457  460  462  464
  470  473  481  486  487  490  494  495  516  517  521  534  535  540
  541  544  546  547  549  551  557  558  560  563  569  574  577  581
  582  586  588  592  595  598  600  602  605  610  613  623  630  644
  650  666  671  678  700  702  705  709  719  725  730  748  749  756
  757  771  772  774  777  784  790  796  797  799  802  804  808  812
  813  816  825  829  839  854  855  857  866  870  872  874  876  880
  893  895  896  902  906  909  925  927  929  931  932  933  943  945
  953  955  957  965  968  973  979  984  986  988  993  994  996 1004
 1008 1010 1012 1017 1020 1026 1032 1036 1043 1044 1045 1047 1064 1071
 1074 1077 1080 1087 1089 1098 1103 1104 1105 1114 1120 1125 1126 1128
 1131 1132 1135 1141 1142 1149 1153 1156 1159 1162 1163 1164 1167 1173
 1176 1177 1178 1179 1189 1194 1201 1218 1221 1224 1227 1230 1232 1234
 1237 1238 1241 1248 1255 1263 1265 1266 1271 1273 1281 1282 1301 1305
 1316 1328 1333 1335 1336 1338 1339 1359 1363 1373 1379 1387 1392 1399
 1403 1408 1410 1412 1415 1443 1447 1452 1457 1466 1467 1468 1475 1477
 1490 1498 1509 1520 1525 1533 1535 1536 1537 1542 1548 1550 1552 1555
 1556 1559 1562 1564 1579 1587 1589 1592 1604 1606 1611 1621 1623 1624
 1626 1636 1641 1642 1647 1653 1657 1658 1659 1661 1672 1673 1674 1680
 1685 1687 1688 1690 1696 1707 1719 1721 1724 1727 1734 1747 1758 1760
 1766 1767 1780 1781 1785 1791 1792 1796 1802 1804 1805 1810 1815 1816
 1819 1827 1829 1832 1836 1837 1847 1848 1865 1872 1885 1892 1893 1896
 1897 1899 1900 1903 1906 1907 1909 1918 1919 1921 1922 1924 1925 1930
 1931 1934 1941 1943 1944 1946 1956 1959 1960 1961 1973 1987 1988 1995
 2000 2005 2016 2017 2019 2024 2026 2027 2029 2062 2064 2066 2068 2074
 2078 2084 2087 2088 2095 2098 2108 2113 2121 2128 2130 2133 2135 2152
 2155 2158 2165 2166 2170 2174 2175 2181 2185 2190 2191 2193 2208 2213
 2215 2217 2229 2243 2245 2248 2259 2264 2274 2284 2289 2297 2306 2315
 2323 2328 2329 2336 2341 2343 2344 2345 2347 2351 2358 2373 2374 2375
 2380 2383 2384 2385 2387 2396 2401 2403 2410 2414 2421 2426 2427 2431
 2437 2451 2462 2470 2479 2483 2487 2491 2494 2497 2507 2508 2511 2512
 2514 2521 2528 2529 2539 2550 2551 2560 2567 2568 2569 2570 2577 2579
 2582 2584 2602 2612 2618 2620 2621 2622 2655 2661 2665 2668 2670 2677
 2682 2687 2699 2704 2706 2707 2709 2711 2713 2721 2722 2726 2732 2734
 2735 2736 2738 2739 2743 2765 2767 2768 2774 2777 2784 2786 2789 2802
 2810 2812 2813 2814 2818 2825 2826 2839 2845 2851 2852 2854 2855 2863
 2868 2871 2873 2883 2896 2899 2901 2905 2910 2938 2950 2968 2971 2972
 2976 2983 2991 2992 2993 2994 2999 3000 3003 3004 3005 3009 3010 3014
 3024 3031 3032 3041 3042 3052 3053 3060 3063 3064 3065 3066 3067 3069
 3072 3074 3076 3080 3081 3094 3101 3105 3107 3111 3113 3118 3121 3122
 3126 3130 3142 3154 3155 3166 3167 3177 3181 3184 3188 3190 3197 3201
 3206 3208 3227 3246 3250 3251 3267 3271 3272 3274 3277 3302 3310 3320
 3332 3338 3344 3357 3367 3371 3381 3388 3390 3391 3395 3416 3420 3428
 3429]
X_r1.index:  Int64Index([   243,    254,    507,    741,    882,    929,   1131,   1211,
              1424,   1435,
            ...
            277639, 277928, 277965, 278137, 278144, 278188, 278418, 278535,
            278633, 278843],
           dtype='int64', length=3432)
X_r1.index types:  int64
y_train unique len:  2
y_test unique len:  2
set()
>acc=0.786, f1=0.786, auc=0.769, est=0.828, cfg={'log_reg__C': 0.001, 'log_reg__max_iter': 10000, 'log_reg__penalty': 'l2', 'log_reg__random_state': 16, 'log_reg__solver': 'newton-cg'} 

train_ix:  [   0    1    2 ... 3425 3428 3429]
train_ix type:  int64
test_ix:  [  19   23   32   34   35   39   47   54   56   58   64   72   79   81
   82   91  103  108  119  120  124  130  132  134  137  138  148  151
  154  166  169  177  180  181  182  186  191  194  196  199  208  216
  217  218  221  226  233  236  241  242  250  256  257  260  270  275
  283  285  287  288  302  303  335  338  341  348  359  365  370  390
  401  414  415  418  422  425  428  429  438  444  445  446  452  459
  468  471  476  477  478  480  485  492  499  501  503  508  510  514
  525  526  527  533  543  553  555  556  559  561  571  572  573  576
  578  579  584  587  589  590  599  607  608  612  615  616  620  627
  632  635  636  638  645  653  654  655  660  664  670  674  675  679
  680  681  683  685  688  692  693  703  707  708  711  712  713  720
  724  729  733  735  736  737  743  751  760  761  764  767  768  773
  781  783  785  788  791  792  817  836  840  846  858  877  885  898
  899  900  911  913  916  918  921  924  926  934  935  936  937  941
  946  954  958  959  961  975  985  987  990 1000 1002 1009 1011 1016
 1021 1028 1030 1038 1039 1040 1041 1050 1051 1060 1065 1068 1070 1073
 1078 1081 1082 1100 1117 1138 1140 1143 1144 1145 1151 1169 1171 1188
 1195 1196 1197 1208 1215 1216 1217 1219 1223 1228 1236 1239 1246 1247
 1260 1264 1268 1270 1291 1294 1296 1299 1307 1322 1330 1334 1342 1344
 1349 1351 1352 1353 1357 1364 1377 1380 1381 1385 1386 1391 1394 1395
 1396 1398 1400 1404 1413 1417 1419 1421 1427 1432 1433 1435 1436 1441
 1448 1450 1453 1454 1456 1459 1463 1488 1501 1502 1503 1504 1508 1513
 1515 1517 1524 1532 1544 1545 1546 1549 1551 1554 1563 1565 1569 1578
 1584 1588 1593 1595 1603 1608 1610 1613 1614 1625 1631 1637 1644 1668
 1669 1670 1678 1684 1695 1698 1703 1708 1720 1723 1728 1729 1730 1732
 1735 1736 1742 1749 1751 1759 1761 1765 1772 1773 1778 1784 1787 1789
 1794 1807 1808 1813 1814 1817 1823 1828 1833 1846 1850 1854 1857 1858
 1859 1860 1873 1875 1881 1884 1891 1895 1908 1913 1915 1916 1917 1926
 1928 1933 1938 1945 1951 1957 1962 1977 1986 1990 1991 1992 1993 2008
 2009 2011 2013 2015 2028 2031 2032 2034 2038 2039 2040 2043 2045 2046
 2048 2051 2053 2059 2070 2096 2097 2102 2104 2105 2107 2111 2112 2114
 2118 2124 2126 2129 2142 2146 2159 2168 2169 2183 2194 2204 2211 2223
 2225 2231 2234 2241 2246 2252 2253 2268 2270 2273 2275 2279 2286 2287
 2291 2295 2296 2298 2313 2314 2316 2317 2318 2331 2337 2338 2340 2346
 2348 2349 2352 2353 2356 2360 2361 2362 2367 2369 2378 2381 2390 2391
 2392 2402 2406 2415 2418 2430 2447 2448 2456 2458 2463 2466 2495 2503
 2510 2517 2520 2538 2541 2543 2546 2557 2563 2564 2576 2578 2585 2586
 2596 2604 2606 2607 2608 2629 2630 2632 2633 2635 2637 2641 2644 2649
 2652 2657 2672 2673 2676 2684 2691 2694 2696 2697 2698 2703 2715 2720
 2724 2742 2744 2745 2747 2748 2749 2771 2775 2778 2779 2783 2796 2801
 2809 2811 2816 2823 2834 2837 2848 2864 2867 2874 2876 2879 2882 2888
 2893 2903 2907 2911 2915 2916 2920 2925 2927 2930 2942 2945 2946 2956
 2964 2967 2974 2985 2989 2995 2996 2998 3007 3008 3033 3036 3037 3039
 3040 3048 3054 3058 3078 3089 3091 3093 3095 3096 3100 3102 3106 3109
 3114 3123 3135 3144 3145 3150 3151 3152 3153 3158 3160 3163 3169 3170
 3174 3176 3180 3182 3185 3192 3194 3196 3198 3199 3205 3210 3213 3218
 3222 3228 3237 3243 3244 3249 3256 3258 3268 3279 3292 3293 3295 3296
 3299 3305 3307 3311 3316 3319 3328 3333 3335 3337 3340 3342 3343 3352
 3355 3356 3358 3361 3364 3389 3393 3394 3402 3407 3408 3426 3427 3430
 3431]
X_r1.index:  Int64Index([   243,    254,    507,    741,    882,    929,   1131,   1211,
              1424,   1435,
            ...
            277639, 277928, 277965, 278137, 278144, 278188, 278418, 278535,
            278633, 278843],
           dtype='int64', length=3432)
X_r1.index types:  int64
y_train unique len:  2
y_test unique len:  2
set()
>acc=0.790, f1=0.790, auc=0.800, est=0.832, cfg={'log_reg__C': 0.001, 'log_reg__max_iter': 10000, 'log_reg__penalty': 'l2', 'log_reg__random_state': 16, 'log_reg__solver': 'newton-cg'} 

train_ix:  [   2    3    4 ... 3429 3430 3431]
train_ix type:  int64
test_ix:  [   0    1    8   11   16   21   24   30   37   38   48   49   51   53
   59   60   62   67   68   73   76   80   83   90  101  104  115  125
  128  139  140  146  149  158  160  167  173  176  189  190  198  200
  202  206  207  209  210  212  223  229  258  259  261  264  267  281
  293  294  305  309  325  332  336  345  347  350  353  361  363  369
  372  375  380  385  386  389  398  399  400  406  407  416  419  421
  424  434  435  436  441  443  447  448  456  484  493  498  509  512
  513  518  520  523  529  536  537  575  583  585  596  614  619  625
  628  631  634  639  640  642  643  661  662  669  672  689  697  698
  701  710  718  726  739  745  747  750  758  763  766  769  778  779
  787  793  800  801  805  807  809  820  821  823  828  834  845  849
  851  852  853  859  864  881  887  891  894  904  917  919  920  940
  948  970  972  976  977  981  982  983  992  995  997 1001 1006 1013
 1015 1027 1034 1035 1037 1053 1054 1058 1059 1066 1069 1083 1084 1091
 1093 1094 1097 1102 1108 1109 1112 1115 1118 1122 1123 1129 1136 1139
 1146 1147 1152 1157 1161 1165 1172 1183 1185 1186 1193 1204 1205 1206
 1210 1212 1213 1220 1225 1226 1231 1233 1244 1245 1249 1252 1262 1269
 1272 1276 1283 1285 1286 1287 1289 1292 1293 1297 1308 1310 1317 1323
 1325 1326 1329 1347 1348 1354 1355 1362 1365 1369 1375 1382 1384 1388
 1397 1401 1402 1406 1407 1409 1414 1422 1426 1430 1438 1442 1446 1462
 1470 1471 1480 1481 1482 1483 1487 1489 1494 1496 1497 1500 1506 1507
 1514 1518 1519 1526 1529 1534 1539 1540 1558 1561 1566 1570 1573 1575
 1577 1586 1596 1597 1599 1601 1605 1607 1609 1617 1628 1629 1645 1646
 1648 1649 1650 1651 1652 1654 1660 1663 1664 1675 1677 1681 1683 1691
 1697 1701 1702 1710 1713 1716 1725 1726 1737 1744 1748 1754 1768 1776
 1777 1782 1783 1790 1812 1818 1822 1825 1826 1851 1852 1855 1856 1862
 1863 1866 1870 1882 1902 1905 1911 1929 1937 1947 1950 1953 1958 1964
 1965 1966 1967 1970 1994 1999 2001 2006 2010 2018 2022 2030 2035 2037
 2049 2054 2056 2065 2073 2079 2085 2093 2099 2101 2106 2115 2117 2119
 2123 2132 2136 2139 2149 2156 2157 2161 2162 2164 2167 2173 2179 2182
 2188 2201 2206 2209 2227 2236 2242 2249 2250 2263 2276 2281 2282 2285
 2290 2292 2293 2294 2299 2300 2303 2307 2308 2312 2320 2322 2325 2330
 2333 2334 2354 2357 2363 2368 2371 2372 2379 2395 2398 2407 2409 2411
 2416 2420 2422 2423 2424 2425 2433 2434 2435 2443 2444 2449 2453 2454
 2455 2459 2461 2467 2472 2473 2474 2475 2476 2480 2481 2482 2489 2490
 2496 2500 2501 2515 2522 2527 2531 2534 2542 2544 2545 2558 2575 2589
 2594 2595 2601 2603 2610 2613 2616 2624 2627 2640 2642 2645 2646 2647
 2650 2654 2656 2660 2662 2664 2667 2671 2679 2683 2685 2688 2695 2700
 2710 2719 2725 2727 2730 2731 2733 2741 2746 2750 2756 2759 2761 2766
 2785 2793 2794 2798 2800 2803 2805 2817 2819 2820 2822 2824 2827 2833
 2838 2842 2847 2849 2850 2858 2859 2861 2878 2881 2885 2889 2890 2904
 2906 2909 2912 2913 2921 2923 2924 2926 2928 2933 2934 2936 2948 2951
 2954 2960 2970 2975 2978 2979 2986 2988 2990 3016 3017 3019 3020 3025
 3026 3030 3045 3046 3051 3056 3068 3075 3077 3085 3086 3090 3097 3110
 3112 3119 3127 3132 3134 3140 3141 3149 3156 3162 3164 3172 3173 3179
 3183 3189 3191 3195 3200 3202 3203 3204 3220 3225 3229 3233 3236 3242
 3248 3257 3262 3263 3273 3276 3281 3282 3284 3286 3297 3304 3306 3315
 3317 3324 3325 3330 3331 3345 3347 3349 3350 3354 3368 3372 3377 3379
 3380 3384 3386 3406 3410 3412 3414 3417 3418 3419 3421 3422 3423 3425]
X_r1.index:  Int64Index([   243,    254,    507,    741,    882,    929,   1131,   1211,
              1424,   1435,
            ...
            277639, 277928, 277965, 278137, 278144, 278188, 278418, 278535,
            278633, 278843],
           dtype='int64', length=3432)
X_r1.index types:  int64
y_train unique len:  2
y_test unique len:  2
set()
>acc=0.761, f1=0.761, auc=0.791, est=0.830, cfg={'log_reg__C': 0.001, 'log_reg__max_iter': 10000, 'log_reg__penalty': 'l2', 'log_reg__random_state': 16, 'log_reg__solver': 'newton-cg'} 

train_ix:  [   0    1    3 ... 3429 3430 3431]
train_ix type:  int64
test_ix:  [   2    5    9   22   26   27   29   31   33   43   46   55   57   61
   66   69   74   78   84   85   88   97  106  117  121  127  131  135
  141  142  147  156  159  163  164  170  175  178  185  193  211  215
  234  237  238  239  244  251  265  274  276  277  278  279  284  286
  295  298  300  307  308  310  311  315  320  322  323  326  328  339
  352  354  355  358  360  371  374  381  384  387  388  392  395  404
  408  409  426  430  433  437  449  455  458  463  466  472  474  479
  482  483  488  491  496  500  502  504  507  511  528  530  531  538
  548  550  554  567  568  570  593  594  597  603  604  618  622  629
  641  646  647  649  659  663  673  682  686  694  699  722  723  731
  740  741  742  744  746  752  754  755  759  765  776  780  782  786
  789  798  810  815  819  824  826  827  830  831  833  841  842  847
  860  861  862  863  867  868  875  888  890  892  912  914  922  923
  930  938  942  950  951  952  962  966  969  974  978  991 1003 1005
 1007 1014 1023 1024 1029 1048 1055 1056 1057 1079 1085 1086 1090 1092
 1101 1116 1119 1124 1127 1130 1134 1148 1158 1166 1180 1181 1184 1190
 1198 1199 1203 1209 1211 1222 1229 1240 1242 1243 1250 1256 1257 1259
 1267 1274 1279 1280 1290 1298 1302 1304 1314 1315 1318 1319 1320 1331
 1340 1341 1343 1346 1356 1358 1361 1367 1370 1371 1374 1378 1390 1405
 1416 1418 1428 1429 1437 1440 1444 1451 1458 1461 1464 1476 1479 1505
 1510 1511 1512 1516 1531 1541 1543 1553 1557 1567 1568 1574 1576 1583
 1585 1591 1600 1602 1618 1633 1634 1643 1655 1656 1662 1665 1671 1676
 1682 1699 1704 1705 1709 1711 1714 1718 1731 1733 1739 1743 1746 1750
 1753 1755 1764 1769 1770 1775 1779 1786 1788 1793 1797 1800 1809 1811
 1821 1831 1839 1841 1842 1843 1853 1861 1864 1867 1868 1877 1886 1889
 1894 1901 1904 1910 1912 1923 1932 1935 1940 1948 1952 1954 1955 1963
 1969 1971 1972 1974 1975 1976 1978 1980 1984 1985 1989 1997 1998 2002
 2003 2004 2007 2014 2020 2021 2023 2036 2041 2042 2044 2047 2050 2057
 2058 2060 2061 2063 2067 2071 2075 2076 2080 2081 2082 2083 2086 2089
 2090 2094 2100 2109 2110 2116 2120 2122 2131 2134 2137 2138 2140 2143
 2145 2147 2150 2151 2153 2154 2160 2163 2177 2184 2187 2192 2196 2198
 2199 2200 2202 2203 2207 2212 2220 2226 2228 2232 2233 2235 2237 2238
 2239 2240 2255 2256 2262 2266 2271 2272 2280 2301 2304 2305 2310 2319
 2324 2332 2339 2350 2355 2359 2364 2366 2370 2377 2388 2389 2393 2397
 2399 2404 2412 2428 2429 2436 2438 2439 2440 2441 2452 2457 2460 2469
 2471 2478 2484 2485 2493 2505 2509 2513 2519 2526 2530 2532 2535 2540
 2552 2553 2554 2555 2571 2572 2573 2580 2583 2591 2593 2597 2598 2600
 2605 2609 2611 2614 2615 2619 2623 2625 2626 2639 2651 2659 2680 2681
 2686 2689 2692 2701 2702 2708 2712 2717 2718 2723 2728 2740 2751 2752
 2753 2755 2757 2758 2762 2764 2769 2772 2773 2781 2782 2790 2792 2807
 2815 2821 2831 2841 2846 2856 2857 2860 2862 2865 2866 2869 2870 2875
 2886 2887 2891 2894 2900 2908 2914 2922 2929 2931 2932 2935 2940 2943
 2947 2957 2963 2966 2977 2980 2984 2987 2997 3001 3011 3018 3028 3035
 3038 3043 3055 3057 3059 3061 3062 3071 3073 3083 3084 3088 3099 3103
 3108 3116 3117 3120 3128 3129 3137 3139 3143 3146 3148 3161 3165 3178
 3186 3187 3193 3214 3216 3217 3219 3221 3223 3226 3231 3232 3235 3240
 3241 3245 3247 3254 3255 3260 3261 3266 3269 3275 3283 3285 3289 3290
 3291 3294 3300 3312 3313 3314 3318 3321 3322 3326 3327 3334 3336 3339
 3348 3362 3365 3369 3373 3374 3376 3383 3387 3392 3397 3399 3405 3413]
X_r1.index:  Int64Index([   243,    254,    507,    741,    882,    929,   1131,   1211,
              1424,   1435,
            ...
            277639, 277928, 277965, 278137, 278144, 278188, 278418, 278535,
            278633, 278843],
           dtype='int64', length=3432)
X_r1.index types:  int64
y_train unique len:  2
y_test unique len:  2
set()
>acc=0.835, f1=0.835, auc=0.828, est=0.816, cfg={'log_reg__C': 0.001, 'log_reg__max_iter': 10000, 'log_reg__penalty': 'l2', 'log_reg__random_state': 16, 'log_reg__solver': 'newton-cg'} 

train_ix:  [   0    1    2 ... 3429 3430 3431]
train_ix type:  int64
test_ix:  [  14   15   18   20   25   36   42   52   63   70   71   77   86   92
   95   96  100  105  109  112  113  114  116  118  122  129  143  144
  145  150  152  153  155  162  168  174  179  183  184  197  213  214
  222  225  232  235  240  243  245  246  247  249  252  253  263  266
  269  271  272  290  296  312  313  316  317  319  324  327  333  334
  337  342  343  344  356  357  362  373  376  377  378  379  391  402
  405  410  411  412  413  417  423  431  450  451  454  461  465  467
  469  475  489  497  505  506  515  519  522  524  532  539  542  545
  552  562  564  565  566  580  591  601  606  609  611  617  621  624
  626  633  637  648  651  652  656  657  658  665  667  668  676  677
  684  687  690  691  695  696  704  706  714  715  716  717  721  727
  728  732  734  738  753  762  770  775  794  795  803  806  811  814
  818  822  832  835  837  838  843  844  848  850  856  865  869  871
  873  878  879  882  883  884  886  889  897  901  903  905  907  908
  910  915  928  939  944  947  949  956  960  963  964  967  971  980
  989  998  999 1018 1019 1022 1025 1031 1033 1042 1046 1049 1052 1061
 1062 1063 1067 1072 1075 1076 1088 1095 1096 1099 1106 1107 1110 1111
 1113 1121 1133 1137 1150 1154 1155 1160 1168 1170 1174 1175 1182 1187
 1191 1192 1200 1202 1207 1214 1235 1251 1253 1254 1258 1261 1275 1277
 1278 1284 1288 1295 1300 1303 1306 1309 1311 1312 1313 1321 1324 1327
 1332 1337 1345 1350 1360 1366 1368 1372 1376 1383 1389 1393 1411 1420
 1423 1424 1425 1431 1434 1439 1445 1449 1455 1460 1465 1469 1472 1473
 1474 1478 1484 1485 1486 1491 1492 1493 1495 1499 1521 1522 1523 1527
 1528 1530 1538 1547 1560 1571 1572 1580 1581 1582 1590 1594 1598 1612
 1615 1616 1619 1620 1622 1627 1630 1632 1635 1638 1639 1640 1666 1667
 1679 1686 1689 1692 1693 1694 1700 1706 1712 1715 1717 1722 1738 1740
 1741 1745 1752 1756 1757 1762 1763 1771 1774 1795 1798 1799 1801 1803
 1806 1820 1824 1830 1834 1835 1838 1840 1844 1845 1849 1869 1871 1874
 1876 1878 1879 1880 1883 1887 1888 1890 1898 1914 1920 1927 1936 1939
 1942 1949 1968 1979 1981 1982 1983 1996 2012 2025 2033 2052 2055 2069
 2072 2077 2091 2092 2103 2125 2127 2141 2144 2148 2171 2172 2176 2178
 2180 2186 2189 2195 2197 2205 2210 2214 2216 2218 2219 2221 2222 2224
 2230 2244 2247 2251 2254 2257 2258 2260 2261 2265 2267 2269 2277 2278
 2283 2288 2302 2309 2311 2321 2326 2327 2335 2342 2365 2376 2382 2386
 2394 2400 2405 2408 2413 2417 2419 2432 2442 2445 2446 2450 2464 2465
 2468 2477 2486 2488 2492 2498 2499 2502 2504 2506 2516 2518 2523 2524
 2525 2533 2536 2537 2547 2548 2549 2556 2559 2561 2562 2565 2566 2574
 2581 2587 2588 2590 2592 2599 2617 2628 2631 2634 2636 2638 2643 2648
 2653 2658 2663 2666 2669 2674 2675 2678 2690 2693 2705 2714 2716 2729
 2737 2754 2760 2763 2770 2776 2780 2787 2788 2791 2795 2797 2799 2804
 2806 2808 2828 2829 2830 2832 2835 2836 2840 2843 2844 2853 2872 2877
 2880 2884 2892 2895 2897 2898 2902 2917 2918 2919 2937 2939 2941 2944
 2949 2952 2953 2955 2958 2959 2961 2962 2965 2969 2973 2981 2982 3002
 3006 3012 3013 3015 3021 3022 3023 3027 3029 3034 3044 3047 3049 3050
 3070 3079 3082 3087 3092 3098 3104 3115 3124 3125 3131 3133 3136 3138
 3147 3157 3159 3168 3171 3175 3207 3209 3211 3212 3215 3224 3230 3234
 3238 3239 3252 3253 3259 3264 3265 3270 3278 3280 3287 3288 3298 3301
 3303 3308 3309 3323 3329 3341 3346 3351 3353 3359 3360 3363 3366 3370
 3375 3378 3382 3385 3396 3398 3400 3401 3403 3404 3409 3411 3415 3424]
X_r1.index:  Int64Index([   243,    254,    507,    741,    882,    929,   1131,   1211,
              1424,   1435,
            ...
            277639, 277928, 277965, 278137, 278144, 278188, 278418, 278535,
            278633, 278843],
           dtype='int64', length=3432)
X_r1.index types:  int64
y_train unique len:  2
y_test unique len:  2
set()
>acc=0.821, f1=0.821, auc=0.780, est=0.834, cfg={'log_reg__C': 0.001, 'log_reg__max_iter': 10000, 'log_reg__penalty': 'l2', 'log_reg__random_state': 16, 'log_reg__solver': 'newton-cg'} 

Accuracy: 0.799 (0.026) 

F1: 0.799 (0.026) 

AUC: 0.794 (0.020) 



CV with  svc  for  usa_vs_rest
train_ix:  [   0    1    2 ... 3427 3430 3431]
train_ix type:  int64
test_ix:  [   3    4    6    7   10   12   13   17   28   40   41   44   45   50
   65   75   87   89   93   94   98   99  102  107  110  111  123  126
  133  136  157  161  165  171  172  187  188  192  195  201  203  204
  205  219  220  224  227  228  230  231  248  254  255  262  268  273
  280  282  289  291  292  297  299  301  304  306  314  318  321  329
  330  331  340  346  349  351  364  366  367  368  382  383  393  394
  396  397  403  420  427  432  439  440  442  453  457  460  462  464
  470  473  481  486  487  490  494  495  516  517  521  534  535  540
  541  544  546  547  549  551  557  558  560  563  569  574  577  581
  582  586  588  592  595  598  600  602  605  610  613  623  630  644
  650  666  671  678  700  702  705  709  719  725  730  748  749  756
  757  771  772  774  777  784  790  796  797  799  802  804  808  812
  813  816  825  829  839  854  855  857  866  870  872  874  876  880
  893  895  896  902  906  909  925  927  929  931  932  933  943  945
  953  955  957  965  968  973  979  984  986  988  993  994  996 1004
 1008 1010 1012 1017 1020 1026 1032 1036 1043 1044 1045 1047 1064 1071
 1074 1077 1080 1087 1089 1098 1103 1104 1105 1114 1120 1125 1126 1128
 1131 1132 1135 1141 1142 1149 1153 1156 1159 1162 1163 1164 1167 1173
 1176 1177 1178 1179 1189 1194 1201 1218 1221 1224 1227 1230 1232 1234
 1237 1238 1241 1248 1255 1263 1265 1266 1271 1273 1281 1282 1301 1305
 1316 1328 1333 1335 1336 1338 1339 1359 1363 1373 1379 1387 1392 1399
 1403 1408 1410 1412 1415 1443 1447 1452 1457 1466 1467 1468 1475 1477
 1490 1498 1509 1520 1525 1533 1535 1536 1537 1542 1548 1550 1552 1555
 1556 1559 1562 1564 1579 1587 1589 1592 1604 1606 1611 1621 1623 1624
 1626 1636 1641 1642 1647 1653 1657 1658 1659 1661 1672 1673 1674 1680
 1685 1687 1688 1690 1696 1707 1719 1721 1724 1727 1734 1747 1758 1760
 1766 1767 1780 1781 1785 1791 1792 1796 1802 1804 1805 1810 1815 1816
 1819 1827 1829 1832 1836 1837 1847 1848 1865 1872 1885 1892 1893 1896
 1897 1899 1900 1903 1906 1907 1909 1918 1919 1921 1922 1924 1925 1930
 1931 1934 1941 1943 1944 1946 1956 1959 1960 1961 1973 1987 1988 1995
 2000 2005 2016 2017 2019 2024 2026 2027 2029 2062 2064 2066 2068 2074
 2078 2084 2087 2088 2095 2098 2108 2113 2121 2128 2130 2133 2135 2152
 2155 2158 2165 2166 2170 2174 2175 2181 2185 2190 2191 2193 2208 2213
 2215 2217 2229 2243 2245 2248 2259 2264 2274 2284 2289 2297 2306 2315
 2323 2328 2329 2336 2341 2343 2344 2345 2347 2351 2358 2373 2374 2375
 2380 2383 2384 2385 2387 2396 2401 2403 2410 2414 2421 2426 2427 2431
 2437 2451 2462 2470 2479 2483 2487 2491 2494 2497 2507 2508 2511 2512
 2514 2521 2528 2529 2539 2550 2551 2560 2567 2568 2569 2570 2577 2579
 2582 2584 2602 2612 2618 2620 2621 2622 2655 2661 2665 2668 2670 2677
 2682 2687 2699 2704 2706 2707 2709 2711 2713 2721 2722 2726 2732 2734
 2735 2736 2738 2739 2743 2765 2767 2768 2774 2777 2784 2786 2789 2802
 2810 2812 2813 2814 2818 2825 2826 2839 2845 2851 2852 2854 2855 2863
 2868 2871 2873 2883 2896 2899 2901 2905 2910 2938 2950 2968 2971 2972
 2976 2983 2991 2992 2993 2994 2999 3000 3003 3004 3005 3009 3010 3014
 3024 3031 3032 3041 3042 3052 3053 3060 3063 3064 3065 3066 3067 3069
 3072 3074 3076 3080 3081 3094 3101 3105 3107 3111 3113 3118 3121 3122
 3126 3130 3142 3154 3155 3166 3167 3177 3181 3184 3188 3190 3197 3201
 3206 3208 3227 3246 3250 3251 3267 3271 3272 3274 3277 3302 3310 3320
 3332 3338 3344 3357 3367 3371 3381 3388 3390 3391 3395 3416 3420 3428
 3429]
X_r1.index:  Int64Index([   243,    254,    507,    741,    882,    929,   1131,   1211,
              1424,   1435,
            ...
            277639, 277928, 277965, 278137, 278144, 278188, 278418, 278535,
            278633, 278843],
           dtype='int64', length=3432)
X_r1.index types:  int64
y_train unique len:  2
y_test unique len:  2
set()
>acc=0.702, f1=0.702, auc=0.791, est=0.810, cfg={'svc__C': 1.0, 'svc__kernel': 'rbf', 'svc__probability': True, 'svc__random_state': 16} 

train_ix:  [   0    1    2 ... 3425 3428 3429]
train_ix type:  int64
test_ix:  [  19   23   32   34   35   39   47   54   56   58   64   72   79   81
   82   91  103  108  119  120  124  130  132  134  137  138  148  151
  154  166  169  177  180  181  182  186  191  194  196  199  208  216
  217  218  221  226  233  236  241  242  250  256  257  260  270  275
  283  285  287  288  302  303  335  338  341  348  359  365  370  390
  401  414  415  418  422  425  428  429  438  444  445  446  452  459
  468  471  476  477  478  480  485  492  499  501  503  508  510  514
  525  526  527  533  543  553  555  556  559  561  571  572  573  576
  578  579  584  587  589  590  599  607  608  612  615  616  620  627
  632  635  636  638  645  653  654  655  660  664  670  674  675  679
  680  681  683  685  688  692  693  703  707  708  711  712  713  720
  724  729  733  735  736  737  743  751  760  761  764  767  768  773
  781  783  785  788  791  792  817  836  840  846  858  877  885  898
  899  900  911  913  916  918  921  924  926  934  935  936  937  941
  946  954  958  959  961  975  985  987  990 1000 1002 1009 1011 1016
 1021 1028 1030 1038 1039 1040 1041 1050 1051 1060 1065 1068 1070 1073
 1078 1081 1082 1100 1117 1138 1140 1143 1144 1145 1151 1169 1171 1188
 1195 1196 1197 1208 1215 1216 1217 1219 1223 1228 1236 1239 1246 1247
 1260 1264 1268 1270 1291 1294 1296 1299 1307 1322 1330 1334 1342 1344
 1349 1351 1352 1353 1357 1364 1377 1380 1381 1385 1386 1391 1394 1395
 1396 1398 1400 1404 1413 1417 1419 1421 1427 1432 1433 1435 1436 1441
 1448 1450 1453 1454 1456 1459 1463 1488 1501 1502 1503 1504 1508 1513
 1515 1517 1524 1532 1544 1545 1546 1549 1551 1554 1563 1565 1569 1578
 1584 1588 1593 1595 1603 1608 1610 1613 1614 1625 1631 1637 1644 1668
 1669 1670 1678 1684 1695 1698 1703 1708 1720 1723 1728 1729 1730 1732
 1735 1736 1742 1749 1751 1759 1761 1765 1772 1773 1778 1784 1787 1789
 1794 1807 1808 1813 1814 1817 1823 1828 1833 1846 1850 1854 1857 1858
 1859 1860 1873 1875 1881 1884 1891 1895 1908 1913 1915 1916 1917 1926
 1928 1933 1938 1945 1951 1957 1962 1977 1986 1990 1991 1992 1993 2008
 2009 2011 2013 2015 2028 2031 2032 2034 2038 2039 2040 2043 2045 2046
 2048 2051 2053 2059 2070 2096 2097 2102 2104 2105 2107 2111 2112 2114
 2118 2124 2126 2129 2142 2146 2159 2168 2169 2183 2194 2204 2211 2223
 2225 2231 2234 2241 2246 2252 2253 2268 2270 2273 2275 2279 2286 2287
 2291 2295 2296 2298 2313 2314 2316 2317 2318 2331 2337 2338 2340 2346
 2348 2349 2352 2353 2356 2360 2361 2362 2367 2369 2378 2381 2390 2391
 2392 2402 2406 2415 2418 2430 2447 2448 2456 2458 2463 2466 2495 2503
 2510 2517 2520 2538 2541 2543 2546 2557 2563 2564 2576 2578 2585 2586
 2596 2604 2606 2607 2608 2629 2630 2632 2633 2635 2637 2641 2644 2649
 2652 2657 2672 2673 2676 2684 2691 2694 2696 2697 2698 2703 2715 2720
 2724 2742 2744 2745 2747 2748 2749 2771 2775 2778 2779 2783 2796 2801
 2809 2811 2816 2823 2834 2837 2848 2864 2867 2874 2876 2879 2882 2888
 2893 2903 2907 2911 2915 2916 2920 2925 2927 2930 2942 2945 2946 2956
 2964 2967 2974 2985 2989 2995 2996 2998 3007 3008 3033 3036 3037 3039
 3040 3048 3054 3058 3078 3089 3091 3093 3095 3096 3100 3102 3106 3109
 3114 3123 3135 3144 3145 3150 3151 3152 3153 3158 3160 3163 3169 3170
 3174 3176 3180 3182 3185 3192 3194 3196 3198 3199 3205 3210 3213 3218
 3222 3228 3237 3243 3244 3249 3256 3258 3268 3279 3292 3293 3295 3296
 3299 3305 3307 3311 3316 3319 3328 3333 3335 3337 3340 3342 3343 3352
 3355 3356 3358 3361 3364 3389 3393 3394 3402 3407 3408 3426 3427 3430
 3431]
X_r1.index:  Int64Index([   243,    254,    507,    741,    882,    929,   1131,   1211,
              1424,   1435,
            ...
            277639, 277928, 277965, 278137, 278144, 278188, 278418, 278535,
            278633, 278843],
           dtype='int64', length=3432)
X_r1.index types:  int64
y_train unique len:  2
y_test unique len:  2
set()
>acc=0.689, f1=0.689, auc=0.820, est=0.808, cfg={'svc__C': 1.0, 'svc__kernel': 'rbf', 'svc__probability': True, 'svc__random_state': 16} 

train_ix:  [   2    3    4 ... 3429 3430 3431]
train_ix type:  int64
test_ix:  [   0    1    8   11   16   21   24   30   37   38   48   49   51   53
   59   60   62   67   68   73   76   80   83   90  101  104  115  125
  128  139  140  146  149  158  160  167  173  176  189  190  198  200
  202  206  207  209  210  212  223  229  258  259  261  264  267  281
  293  294  305  309  325  332  336  345  347  350  353  361  363  369
  372  375  380  385  386  389  398  399  400  406  407  416  419  421
  424  434  435  436  441  443  447  448  456  484  493  498  509  512
  513  518  520  523  529  536  537  575  583  585  596  614  619  625
  628  631  634  639  640  642  643  661  662  669  672  689  697  698
  701  710  718  726  739  745  747  750  758  763  766  769  778  779
  787  793  800  801  805  807  809  820  821  823  828  834  845  849
  851  852  853  859  864  881  887  891  894  904  917  919  920  940
  948  970  972  976  977  981  982  983  992  995  997 1001 1006 1013
 1015 1027 1034 1035 1037 1053 1054 1058 1059 1066 1069 1083 1084 1091
 1093 1094 1097 1102 1108 1109 1112 1115 1118 1122 1123 1129 1136 1139
 1146 1147 1152 1157 1161 1165 1172 1183 1185 1186 1193 1204 1205 1206
 1210 1212 1213 1220 1225 1226 1231 1233 1244 1245 1249 1252 1262 1269
 1272 1276 1283 1285 1286 1287 1289 1292 1293 1297 1308 1310 1317 1323
 1325 1326 1329 1347 1348 1354 1355 1362 1365 1369 1375 1382 1384 1388
 1397 1401 1402 1406 1407 1409 1414 1422 1426 1430 1438 1442 1446 1462
 1470 1471 1480 1481 1482 1483 1487 1489 1494 1496 1497 1500 1506 1507
 1514 1518 1519 1526 1529 1534 1539 1540 1558 1561 1566 1570 1573 1575
 1577 1586 1596 1597 1599 1601 1605 1607 1609 1617 1628 1629 1645 1646
 1648 1649 1650 1651 1652 1654 1660 1663 1664 1675 1677 1681 1683 1691
 1697 1701 1702 1710 1713 1716 1725 1726 1737 1744 1748 1754 1768 1776
 1777 1782 1783 1790 1812 1818 1822 1825 1826 1851 1852 1855 1856 1862
 1863 1866 1870 1882 1902 1905 1911 1929 1937 1947 1950 1953 1958 1964
 1965 1966 1967 1970 1994 1999 2001 2006 2010 2018 2022 2030 2035 2037
 2049 2054 2056 2065 2073 2079 2085 2093 2099 2101 2106 2115 2117 2119
 2123 2132 2136 2139 2149 2156 2157 2161 2162 2164 2167 2173 2179 2182
 2188 2201 2206 2209 2227 2236 2242 2249 2250 2263 2276 2281 2282 2285
 2290 2292 2293 2294 2299 2300 2303 2307 2308 2312 2320 2322 2325 2330
 2333 2334 2354 2357 2363 2368 2371 2372 2379 2395 2398 2407 2409 2411
 2416 2420 2422 2423 2424 2425 2433 2434 2435 2443 2444 2449 2453 2454
 2455 2459 2461 2467 2472 2473 2474 2475 2476 2480 2481 2482 2489 2490
 2496 2500 2501 2515 2522 2527 2531 2534 2542 2544 2545 2558 2575 2589
 2594 2595 2601 2603 2610 2613 2616 2624 2627 2640 2642 2645 2646 2647
 2650 2654 2656 2660 2662 2664 2667 2671 2679 2683 2685 2688 2695 2700
 2710 2719 2725 2727 2730 2731 2733 2741 2746 2750 2756 2759 2761 2766
 2785 2793 2794 2798 2800 2803 2805 2817 2819 2820 2822 2824 2827 2833
 2838 2842 2847 2849 2850 2858 2859 2861 2878 2881 2885 2889 2890 2904
 2906 2909 2912 2913 2921 2923 2924 2926 2928 2933 2934 2936 2948 2951
 2954 2960 2970 2975 2978 2979 2986 2988 2990 3016 3017 3019 3020 3025
 3026 3030 3045 3046 3051 3056 3068 3075 3077 3085 3086 3090 3097 3110
 3112 3119 3127 3132 3134 3140 3141 3149 3156 3162 3164 3172 3173 3179
 3183 3189 3191 3195 3200 3202 3203 3204 3220 3225 3229 3233 3236 3242
 3248 3257 3262 3263 3273 3276 3281 3282 3284 3286 3297 3304 3306 3315
 3317 3324 3325 3330 3331 3345 3347 3349 3350 3354 3368 3372 3377 3379
 3380 3384 3386 3406 3410 3412 3414 3417 3418 3419 3421 3422 3423 3425]
X_r1.index:  Int64Index([   243,    254,    507,    741,    882,    929,   1131,   1211,
              1424,   1435,
            ...
            277639, 277928, 277965, 278137, 278144, 278188, 278418, 278535,
            278633, 278843],
           dtype='int64', length=3432)
X_r1.index types:  int64
y_train unique len:  2
y_test unique len:  2
set()
>acc=0.673, f1=0.673, auc=0.787, est=0.803, cfg={'svc__C': 1.0, 'svc__kernel': 'rbf', 'svc__probability': True, 'svc__random_state': 16} 

train_ix:  [   0    1    3 ... 3429 3430 3431]
train_ix type:  int64
test_ix:  [   2    5    9   22   26   27   29   31   33   43   46   55   57   61
   66   69   74   78   84   85   88   97  106  117  121  127  131  135
  141  142  147  156  159  163  164  170  175  178  185  193  211  215
  234  237  238  239  244  251  265  274  276  277  278  279  284  286
  295  298  300  307  308  310  311  315  320  322  323  326  328  339
  352  354  355  358  360  371  374  381  384  387  388  392  395  404
  408  409  426  430  433  437  449  455  458  463  466  472  474  479
  482  483  488  491  496  500  502  504  507  511  528  530  531  538
  548  550  554  567  568  570  593  594  597  603  604  618  622  629
  641  646  647  649  659  663  673  682  686  694  699  722  723  731
  740  741  742  744  746  752  754  755  759  765  776  780  782  786
  789  798  810  815  819  824  826  827  830  831  833  841  842  847
  860  861  862  863  867  868  875  888  890  892  912  914  922  923
  930  938  942  950  951  952  962  966  969  974  978  991 1003 1005
 1007 1014 1023 1024 1029 1048 1055 1056 1057 1079 1085 1086 1090 1092
 1101 1116 1119 1124 1127 1130 1134 1148 1158 1166 1180 1181 1184 1190
 1198 1199 1203 1209 1211 1222 1229 1240 1242 1243 1250 1256 1257 1259
 1267 1274 1279 1280 1290 1298 1302 1304 1314 1315 1318 1319 1320 1331
 1340 1341 1343 1346 1356 1358 1361 1367 1370 1371 1374 1378 1390 1405
 1416 1418 1428 1429 1437 1440 1444 1451 1458 1461 1464 1476 1479 1505
 1510 1511 1512 1516 1531 1541 1543 1553 1557 1567 1568 1574 1576 1583
 1585 1591 1600 1602 1618 1633 1634 1643 1655 1656 1662 1665 1671 1676
 1682 1699 1704 1705 1709 1711 1714 1718 1731 1733 1739 1743 1746 1750
 1753 1755 1764 1769 1770 1775 1779 1786 1788 1793 1797 1800 1809 1811
 1821 1831 1839 1841 1842 1843 1853 1861 1864 1867 1868 1877 1886 1889
 1894 1901 1904 1910 1912 1923 1932 1935 1940 1948 1952 1954 1955 1963
 1969 1971 1972 1974 1975 1976 1978 1980 1984 1985 1989 1997 1998 2002
 2003 2004 2007 2014 2020 2021 2023 2036 2041 2042 2044 2047 2050 2057
 2058 2060 2061 2063 2067 2071 2075 2076 2080 2081 2082 2083 2086 2089
 2090 2094 2100 2109 2110 2116 2120 2122 2131 2134 2137 2138 2140 2143
 2145 2147 2150 2151 2153 2154 2160 2163 2177 2184 2187 2192 2196 2198
 2199 2200 2202 2203 2207 2212 2220 2226 2228 2232 2233 2235 2237 2238
 2239 2240 2255 2256 2262 2266 2271 2272 2280 2301 2304 2305 2310 2319
 2324 2332 2339 2350 2355 2359 2364 2366 2370 2377 2388 2389 2393 2397
 2399 2404 2412 2428 2429 2436 2438 2439 2440 2441 2452 2457 2460 2469
 2471 2478 2484 2485 2493 2505 2509 2513 2519 2526 2530 2532 2535 2540
 2552 2553 2554 2555 2571 2572 2573 2580 2583 2591 2593 2597 2598 2600
 2605 2609 2611 2614 2615 2619 2623 2625 2626 2639 2651 2659 2680 2681
 2686 2689 2692 2701 2702 2708 2712 2717 2718 2723 2728 2740 2751 2752
 2753 2755 2757 2758 2762 2764 2769 2772 2773 2781 2782 2790 2792 2807
 2815 2821 2831 2841 2846 2856 2857 2860 2862 2865 2866 2869 2870 2875
 2886 2887 2891 2894 2900 2908 2914 2922 2929 2931 2932 2935 2940 2943
 2947 2957 2963 2966 2977 2980 2984 2987 2997 3001 3011 3018 3028 3035
 3038 3043 3055 3057 3059 3061 3062 3071 3073 3083 3084 3088 3099 3103
 3108 3116 3117 3120 3128 3129 3137 3139 3143 3146 3148 3161 3165 3178
 3186 3187 3193 3214 3216 3217 3219 3221 3223 3226 3231 3232 3235 3240
 3241 3245 3247 3254 3255 3260 3261 3266 3269 3275 3283 3285 3289 3290
 3291 3294 3300 3312 3313 3314 3318 3321 3322 3326 3327 3334 3336 3339
 3348 3362 3365 3369 3373 3374 3376 3383 3387 3392 3397 3399 3405 3413]
X_r1.index:  Int64Index([   243,    254,    507,    741,    882,    929,   1131,   1211,
              1424,   1435,
            ...
            277639, 277928, 277965, 278137, 278144, 278188, 278418, 278535,
            278633, 278843],
           dtype='int64', length=3432)
X_r1.index types:  int64
y_train unique len:  2
y_test unique len:  2
set()
>acc=0.688, f1=0.688, auc=0.843, est=0.792, cfg={'svc__C': 1.0, 'svc__kernel': 'rbf', 'svc__probability': True, 'svc__random_state': 16} 

train_ix:  [   0    1    2 ... 3429 3430 3431]
train_ix type:  int64
test_ix:  [  14   15   18   20   25   36   42   52   63   70   71   77   86   92
   95   96  100  105  109  112  113  114  116  118  122  129  143  144
  145  150  152  153  155  162  168  174  179  183  184  197  213  214
  222  225  232  235  240  243  245  246  247  249  252  253  263  266
  269  271  272  290  296  312  313  316  317  319  324  327  333  334
  337  342  343  344  356  357  362  373  376  377  378  379  391  402
  405  410  411  412  413  417  423  431  450  451  454  461  465  467
  469  475  489  497  505  506  515  519  522  524  532  539  542  545
  552  562  564  565  566  580  591  601  606  609  611  617  621  624
  626  633  637  648  651  652  656  657  658  665  667  668  676  677
  684  687  690  691  695  696  704  706  714  715  716  717  721  727
  728  732  734  738  753  762  770  775  794  795  803  806  811  814
  818  822  832  835  837  838  843  844  848  850  856  865  869  871
  873  878  879  882  883  884  886  889  897  901  903  905  907  908
  910  915  928  939  944  947  949  956  960  963  964  967  971  980
  989  998  999 1018 1019 1022 1025 1031 1033 1042 1046 1049 1052 1061
 1062 1063 1067 1072 1075 1076 1088 1095 1096 1099 1106 1107 1110 1111
 1113 1121 1133 1137 1150 1154 1155 1160 1168 1170 1174 1175 1182 1187
 1191 1192 1200 1202 1207 1214 1235 1251 1253 1254 1258 1261 1275 1277
 1278 1284 1288 1295 1300 1303 1306 1309 1311 1312 1313 1321 1324 1327
 1332 1337 1345 1350 1360 1366 1368 1372 1376 1383 1389 1393 1411 1420
 1423 1424 1425 1431 1434 1439 1445 1449 1455 1460 1465 1469 1472 1473
 1474 1478 1484 1485 1486 1491 1492 1493 1495 1499 1521 1522 1523 1527
 1528 1530 1538 1547 1560 1571 1572 1580 1581 1582 1590 1594 1598 1612
 1615 1616 1619 1620 1622 1627 1630 1632 1635 1638 1639 1640 1666 1667
 1679 1686 1689 1692 1693 1694 1700 1706 1712 1715 1717 1722 1738 1740
 1741 1745 1752 1756 1757 1762 1763 1771 1774 1795 1798 1799 1801 1803
 1806 1820 1824 1830 1834 1835 1838 1840 1844 1845 1849 1869 1871 1874
 1876 1878 1879 1880 1883 1887 1888 1890 1898 1914 1920 1927 1936 1939
 1942 1949 1968 1979 1981 1982 1983 1996 2012 2025 2033 2052 2055 2069
 2072 2077 2091 2092 2103 2125 2127 2141 2144 2148 2171 2172 2176 2178
 2180 2186 2189 2195 2197 2205 2210 2214 2216 2218 2219 2221 2222 2224
 2230 2244 2247 2251 2254 2257 2258 2260 2261 2265 2267 2269 2277 2278
 2283 2288 2302 2309 2311 2321 2326 2327 2335 2342 2365 2376 2382 2386
 2394 2400 2405 2408 2413 2417 2419 2432 2442 2445 2446 2450 2464 2465
 2468 2477 2486 2488 2492 2498 2499 2502 2504 2506 2516 2518 2523 2524
 2525 2533 2536 2537 2547 2548 2549 2556 2559 2561 2562 2565 2566 2574
 2581 2587 2588 2590 2592 2599 2617 2628 2631 2634 2636 2638 2643 2648
 2653 2658 2663 2666 2669 2674 2675 2678 2690 2693 2705 2714 2716 2729
 2737 2754 2760 2763 2770 2776 2780 2787 2788 2791 2795 2797 2799 2804
 2806 2808 2828 2829 2830 2832 2835 2836 2840 2843 2844 2853 2872 2877
 2880 2884 2892 2895 2897 2898 2902 2917 2918 2919 2937 2939 2941 2944
 2949 2952 2953 2955 2958 2959 2961 2962 2965 2969 2973 2981 2982 3002
 3006 3012 3013 3015 3021 3022 3023 3027 3029 3034 3044 3047 3049 3050
 3070 3079 3082 3087 3092 3098 3104 3115 3124 3125 3131 3133 3136 3138
 3147 3157 3159 3168 3171 3175 3207 3209 3211 3212 3215 3224 3230 3234
 3238 3239 3252 3253 3259 3264 3265 3270 3278 3280 3287 3288 3298 3301
 3303 3308 3309 3323 3329 3341 3346 3351 3353 3359 3360 3363 3366 3370
 3375 3378 3382 3385 3396 3398 3400 3401 3403 3404 3409 3411 3415 3424]
X_r1.index:  Int64Index([   243,    254,    507,    741,    882,    929,   1131,   1211,
              1424,   1435,
            ...
            277639, 277928, 277965, 278137, 278144, 278188, 278418, 278535,
            278633, 278843],
           dtype='int64', length=3432)
X_r1.index types:  int64
y_train unique len:  2
y_test unique len:  2
set()
>acc=0.710, f1=0.710, auc=0.804, est=0.806, cfg={'svc__C': 1.0, 'svc__kernel': 'rbf', 'svc__probability': True, 'svc__random_state': 16} 

Accuracy: 0.692 (0.013) 

F1: 0.692 (0.013) 

AUC: 0.809 (0.021) 



CV with  ran_for  for  usa_vs_rest
train_ix:  [   0    1    2 ... 3427 3430 3431]
train_ix type:  int64
test_ix:  [   3    4    6    7   10   12   13   17   28   40   41   44   45   50
   65   75   87   89   93   94   98   99  102  107  110  111  123  126
  133  136  157  161  165  171  172  187  188  192  195  201  203  204
  205  219  220  224  227  228  230  231  248  254  255  262  268  273
  280  282  289  291  292  297  299  301  304  306  314  318  321  329
  330  331  340  346  349  351  364  366  367  368  382  383  393  394
  396  397  403  420  427  432  439  440  442  453  457  460  462  464
  470  473  481  486  487  490  494  495  516  517  521  534  535  540
  541  544  546  547  549  551  557  558  560  563  569  574  577  581
  582  586  588  592  595  598  600  602  605  610  613  623  630  644
  650  666  671  678  700  702  705  709  719  725  730  748  749  756
  757  771  772  774  777  784  790  796  797  799  802  804  808  812
  813  816  825  829  839  854  855  857  866  870  872  874  876  880
  893  895  896  902  906  909  925  927  929  931  932  933  943  945
  953  955  957  965  968  973  979  984  986  988  993  994  996 1004
 1008 1010 1012 1017 1020 1026 1032 1036 1043 1044 1045 1047 1064 1071
 1074 1077 1080 1087 1089 1098 1103 1104 1105 1114 1120 1125 1126 1128
 1131 1132 1135 1141 1142 1149 1153 1156 1159 1162 1163 1164 1167 1173
 1176 1177 1178 1179 1189 1194 1201 1218 1221 1224 1227 1230 1232 1234
 1237 1238 1241 1248 1255 1263 1265 1266 1271 1273 1281 1282 1301 1305
 1316 1328 1333 1335 1336 1338 1339 1359 1363 1373 1379 1387 1392 1399
 1403 1408 1410 1412 1415 1443 1447 1452 1457 1466 1467 1468 1475 1477
 1490 1498 1509 1520 1525 1533 1535 1536 1537 1542 1548 1550 1552 1555
 1556 1559 1562 1564 1579 1587 1589 1592 1604 1606 1611 1621 1623 1624
 1626 1636 1641 1642 1647 1653 1657 1658 1659 1661 1672 1673 1674 1680
 1685 1687 1688 1690 1696 1707 1719 1721 1724 1727 1734 1747 1758 1760
 1766 1767 1780 1781 1785 1791 1792 1796 1802 1804 1805 1810 1815 1816
 1819 1827 1829 1832 1836 1837 1847 1848 1865 1872 1885 1892 1893 1896
 1897 1899 1900 1903 1906 1907 1909 1918 1919 1921 1922 1924 1925 1930
 1931 1934 1941 1943 1944 1946 1956 1959 1960 1961 1973 1987 1988 1995
 2000 2005 2016 2017 2019 2024 2026 2027 2029 2062 2064 2066 2068 2074
 2078 2084 2087 2088 2095 2098 2108 2113 2121 2128 2130 2133 2135 2152
 2155 2158 2165 2166 2170 2174 2175 2181 2185 2190 2191 2193 2208 2213
 2215 2217 2229 2243 2245 2248 2259 2264 2274 2284 2289 2297 2306 2315
 2323 2328 2329 2336 2341 2343 2344 2345 2347 2351 2358 2373 2374 2375
 2380 2383 2384 2385 2387 2396 2401 2403 2410 2414 2421 2426 2427 2431
 2437 2451 2462 2470 2479 2483 2487 2491 2494 2497 2507 2508 2511 2512
 2514 2521 2528 2529 2539 2550 2551 2560 2567 2568 2569 2570 2577 2579
 2582 2584 2602 2612 2618 2620 2621 2622 2655 2661 2665 2668 2670 2677
 2682 2687 2699 2704 2706 2707 2709 2711 2713 2721 2722 2726 2732 2734
 2735 2736 2738 2739 2743 2765 2767 2768 2774 2777 2784 2786 2789 2802
 2810 2812 2813 2814 2818 2825 2826 2839 2845 2851 2852 2854 2855 2863
 2868 2871 2873 2883 2896 2899 2901 2905 2910 2938 2950 2968 2971 2972
 2976 2983 2991 2992 2993 2994 2999 3000 3003 3004 3005 3009 3010 3014
 3024 3031 3032 3041 3042 3052 3053 3060 3063 3064 3065 3066 3067 3069
 3072 3074 3076 3080 3081 3094 3101 3105 3107 3111 3113 3118 3121 3122
 3126 3130 3142 3154 3155 3166 3167 3177 3181 3184 3188 3190 3197 3201
 3206 3208 3227 3246 3250 3251 3267 3271 3272 3274 3277 3302 3310 3320
 3332 3338 3344 3357 3367 3371 3381 3388 3390 3391 3395 3416 3420 3428
 3429]
X_r1.index:  Int64Index([   243,    254,    507,    741,    882,    929,   1131,   1211,
              1424,   1435,
            ...
            277639, 277928, 277965, 278137, 278144, 278188, 278418, 278535,
            278633, 278843],
           dtype='int64', length=3432)
X_r1.index types:  int64
y_train unique len:  2
y_test unique len:  2
set()
>acc=0.690, f1=0.690, auc=0.710, est=0.669, cfg={'ran_for__max_features': 10, 'ran_for__min_samples_leaf': 2, 'ran_for__min_samples_split': 10, 'ran_for__n_estimators': 100, 'ran_for__random_state': 16} 

train_ix:  [   0    1    2 ... 3425 3428 3429]
train_ix type:  int64
test_ix:  [  19   23   32   34   35   39   47   54   56   58   64   72   79   81
   82   91  103  108  119  120  124  130  132  134  137  138  148  151
  154  166  169  177  180  181  182  186  191  194  196  199  208  216
  217  218  221  226  233  236  241  242  250  256  257  260  270  275
  283  285  287  288  302  303  335  338  341  348  359  365  370  390
  401  414  415  418  422  425  428  429  438  444  445  446  452  459
  468  471  476  477  478  480  485  492  499  501  503  508  510  514
  525  526  527  533  543  553  555  556  559  561  571  572  573  576
  578  579  584  587  589  590  599  607  608  612  615  616  620  627
  632  635  636  638  645  653  654  655  660  664  670  674  675  679
  680  681  683  685  688  692  693  703  707  708  711  712  713  720
  724  729  733  735  736  737  743  751  760  761  764  767  768  773
  781  783  785  788  791  792  817  836  840  846  858  877  885  898
  899  900  911  913  916  918  921  924  926  934  935  936  937  941
  946  954  958  959  961  975  985  987  990 1000 1002 1009 1011 1016
 1021 1028 1030 1038 1039 1040 1041 1050 1051 1060 1065 1068 1070 1073
 1078 1081 1082 1100 1117 1138 1140 1143 1144 1145 1151 1169 1171 1188
 1195 1196 1197 1208 1215 1216 1217 1219 1223 1228 1236 1239 1246 1247
 1260 1264 1268 1270 1291 1294 1296 1299 1307 1322 1330 1334 1342 1344
 1349 1351 1352 1353 1357 1364 1377 1380 1381 1385 1386 1391 1394 1395
 1396 1398 1400 1404 1413 1417 1419 1421 1427 1432 1433 1435 1436 1441
 1448 1450 1453 1454 1456 1459 1463 1488 1501 1502 1503 1504 1508 1513
 1515 1517 1524 1532 1544 1545 1546 1549 1551 1554 1563 1565 1569 1578
 1584 1588 1593 1595 1603 1608 1610 1613 1614 1625 1631 1637 1644 1668
 1669 1670 1678 1684 1695 1698 1703 1708 1720 1723 1728 1729 1730 1732
 1735 1736 1742 1749 1751 1759 1761 1765 1772 1773 1778 1784 1787 1789
 1794 1807 1808 1813 1814 1817 1823 1828 1833 1846 1850 1854 1857 1858
 1859 1860 1873 1875 1881 1884 1891 1895 1908 1913 1915 1916 1917 1926
 1928 1933 1938 1945 1951 1957 1962 1977 1986 1990 1991 1992 1993 2008
 2009 2011 2013 2015 2028 2031 2032 2034 2038 2039 2040 2043 2045 2046
 2048 2051 2053 2059 2070 2096 2097 2102 2104 2105 2107 2111 2112 2114
 2118 2124 2126 2129 2142 2146 2159 2168 2169 2183 2194 2204 2211 2223
 2225 2231 2234 2241 2246 2252 2253 2268 2270 2273 2275 2279 2286 2287
 2291 2295 2296 2298 2313 2314 2316 2317 2318 2331 2337 2338 2340 2346
 2348 2349 2352 2353 2356 2360 2361 2362 2367 2369 2378 2381 2390 2391
 2392 2402 2406 2415 2418 2430 2447 2448 2456 2458 2463 2466 2495 2503
 2510 2517 2520 2538 2541 2543 2546 2557 2563 2564 2576 2578 2585 2586
 2596 2604 2606 2607 2608 2629 2630 2632 2633 2635 2637 2641 2644 2649
 2652 2657 2672 2673 2676 2684 2691 2694 2696 2697 2698 2703 2715 2720
 2724 2742 2744 2745 2747 2748 2749 2771 2775 2778 2779 2783 2796 2801
 2809 2811 2816 2823 2834 2837 2848 2864 2867 2874 2876 2879 2882 2888
 2893 2903 2907 2911 2915 2916 2920 2925 2927 2930 2942 2945 2946 2956
 2964 2967 2974 2985 2989 2995 2996 2998 3007 3008 3033 3036 3037 3039
 3040 3048 3054 3058 3078 3089 3091 3093 3095 3096 3100 3102 3106 3109
 3114 3123 3135 3144 3145 3150 3151 3152 3153 3158 3160 3163 3169 3170
 3174 3176 3180 3182 3185 3192 3194 3196 3198 3199 3205 3210 3213 3218
 3222 3228 3237 3243 3244 3249 3256 3258 3268 3279 3292 3293 3295 3296
 3299 3305 3307 3311 3316 3319 3328 3333 3335 3337 3340 3342 3343 3352
 3355 3356 3358 3361 3364 3389 3393 3394 3402 3407 3408 3426 3427 3430
 3431]
X_r1.index:  Int64Index([   243,    254,    507,    741,    882,    929,   1131,   1211,
              1424,   1435,
            ...
            277639, 277928, 277965, 278137, 278144, 278188, 278418, 278535,
            278633, 278843],
           dtype='int64', length=3432)
X_r1.index types:  int64
y_train unique len:  2
y_test unique len:  2
set()
>acc=0.674, f1=0.674, auc=0.752, est=0.673, cfg={'ran_for__max_features': 10, 'ran_for__min_samples_leaf': 2, 'ran_for__min_samples_split': 10, 'ran_for__n_estimators': 100, 'ran_for__random_state': 16} 

train_ix:  [   2    3    4 ... 3429 3430 3431]
train_ix type:  int64
test_ix:  [   0    1    8   11   16   21   24   30   37   38   48   49   51   53
   59   60   62   67   68   73   76   80   83   90  101  104  115  125
  128  139  140  146  149  158  160  167  173  176  189  190  198  200
  202  206  207  209  210  212  223  229  258  259  261  264  267  281
  293  294  305  309  325  332  336  345  347  350  353  361  363  369
  372  375  380  385  386  389  398  399  400  406  407  416  419  421
  424  434  435  436  441  443  447  448  456  484  493  498  509  512
  513  518  520  523  529  536  537  575  583  585  596  614  619  625
  628  631  634  639  640  642  643  661  662  669  672  689  697  698
  701  710  718  726  739  745  747  750  758  763  766  769  778  779
  787  793  800  801  805  807  809  820  821  823  828  834  845  849
  851  852  853  859  864  881  887  891  894  904  917  919  920  940
  948  970  972  976  977  981  982  983  992  995  997 1001 1006 1013
 1015 1027 1034 1035 1037 1053 1054 1058 1059 1066 1069 1083 1084 1091
 1093 1094 1097 1102 1108 1109 1112 1115 1118 1122 1123 1129 1136 1139
 1146 1147 1152 1157 1161 1165 1172 1183 1185 1186 1193 1204 1205 1206
 1210 1212 1213 1220 1225 1226 1231 1233 1244 1245 1249 1252 1262 1269
 1272 1276 1283 1285 1286 1287 1289 1292 1293 1297 1308 1310 1317 1323
 1325 1326 1329 1347 1348 1354 1355 1362 1365 1369 1375 1382 1384 1388
 1397 1401 1402 1406 1407 1409 1414 1422 1426 1430 1438 1442 1446 1462
 1470 1471 1480 1481 1482 1483 1487 1489 1494 1496 1497 1500 1506 1507
 1514 1518 1519 1526 1529 1534 1539 1540 1558 1561 1566 1570 1573 1575
 1577 1586 1596 1597 1599 1601 1605 1607 1609 1617 1628 1629 1645 1646
 1648 1649 1650 1651 1652 1654 1660 1663 1664 1675 1677 1681 1683 1691
 1697 1701 1702 1710 1713 1716 1725 1726 1737 1744 1748 1754 1768 1776
 1777 1782 1783 1790 1812 1818 1822 1825 1826 1851 1852 1855 1856 1862
 1863 1866 1870 1882 1902 1905 1911 1929 1937 1947 1950 1953 1958 1964
 1965 1966 1967 1970 1994 1999 2001 2006 2010 2018 2022 2030 2035 2037
 2049 2054 2056 2065 2073 2079 2085 2093 2099 2101 2106 2115 2117 2119
 2123 2132 2136 2139 2149 2156 2157 2161 2162 2164 2167 2173 2179 2182
 2188 2201 2206 2209 2227 2236 2242 2249 2250 2263 2276 2281 2282 2285
 2290 2292 2293 2294 2299 2300 2303 2307 2308 2312 2320 2322 2325 2330
 2333 2334 2354 2357 2363 2368 2371 2372 2379 2395 2398 2407 2409 2411
 2416 2420 2422 2423 2424 2425 2433 2434 2435 2443 2444 2449 2453 2454
 2455 2459 2461 2467 2472 2473 2474 2475 2476 2480 2481 2482 2489 2490
 2496 2500 2501 2515 2522 2527 2531 2534 2542 2544 2545 2558 2575 2589
 2594 2595 2601 2603 2610 2613 2616 2624 2627 2640 2642 2645 2646 2647
 2650 2654 2656 2660 2662 2664 2667 2671 2679 2683 2685 2688 2695 2700
 2710 2719 2725 2727 2730 2731 2733 2741 2746 2750 2756 2759 2761 2766
 2785 2793 2794 2798 2800 2803 2805 2817 2819 2820 2822 2824 2827 2833
 2838 2842 2847 2849 2850 2858 2859 2861 2878 2881 2885 2889 2890 2904
 2906 2909 2912 2913 2921 2923 2924 2926 2928 2933 2934 2936 2948 2951
 2954 2960 2970 2975 2978 2979 2986 2988 2990 3016 3017 3019 3020 3025
 3026 3030 3045 3046 3051 3056 3068 3075 3077 3085 3086 3090 3097 3110
 3112 3119 3127 3132 3134 3140 3141 3149 3156 3162 3164 3172 3173 3179
 3183 3189 3191 3195 3200 3202 3203 3204 3220 3225 3229 3233 3236 3242
 3248 3257 3262 3263 3273 3276 3281 3282 3284 3286 3297 3304 3306 3315
 3317 3324 3325 3330 3331 3345 3347 3349 3350 3354 3368 3372 3377 3379
 3380 3384 3386 3406 3410 3412 3414 3417 3418 3419 3421 3422 3423 3425]
X_r1.index:  Int64Index([   243,    254,    507,    741,    882,    929,   1131,   1211,
              1424,   1435,
            ...
            277639, 277928, 277965, 278137, 278144, 278188, 278418, 278535,
            278633, 278843],
           dtype='int64', length=3432)
X_r1.index types:  int64
y_train unique len:  2
y_test unique len:  2
set()
>acc=0.637, f1=0.637, auc=0.689, est=0.682, cfg={'ran_for__max_features': 10, 'ran_for__min_samples_leaf': 2, 'ran_for__min_samples_split': 10, 'ran_for__n_estimators': 100, 'ran_for__random_state': 16} 

train_ix:  [   0    1    3 ... 3429 3430 3431]
train_ix type:  int64
test_ix:  [   2    5    9   22   26   27   29   31   33   43   46   55   57   61
   66   69   74   78   84   85   88   97  106  117  121  127  131  135
  141  142  147  156  159  163  164  170  175  178  185  193  211  215
  234  237  238  239  244  251  265  274  276  277  278  279  284  286
  295  298  300  307  308  310  311  315  320  322  323  326  328  339
  352  354  355  358  360  371  374  381  384  387  388  392  395  404
  408  409  426  430  433  437  449  455  458  463  466  472  474  479
  482  483  488  491  496  500  502  504  507  511  528  530  531  538
  548  550  554  567  568  570  593  594  597  603  604  618  622  629
  641  646  647  649  659  663  673  682  686  694  699  722  723  731
  740  741  742  744  746  752  754  755  759  765  776  780  782  786
  789  798  810  815  819  824  826  827  830  831  833  841  842  847
  860  861  862  863  867  868  875  888  890  892  912  914  922  923
  930  938  942  950  951  952  962  966  969  974  978  991 1003 1005
 1007 1014 1023 1024 1029 1048 1055 1056 1057 1079 1085 1086 1090 1092
 1101 1116 1119 1124 1127 1130 1134 1148 1158 1166 1180 1181 1184 1190
 1198 1199 1203 1209 1211 1222 1229 1240 1242 1243 1250 1256 1257 1259
 1267 1274 1279 1280 1290 1298 1302 1304 1314 1315 1318 1319 1320 1331
 1340 1341 1343 1346 1356 1358 1361 1367 1370 1371 1374 1378 1390 1405
 1416 1418 1428 1429 1437 1440 1444 1451 1458 1461 1464 1476 1479 1505
 1510 1511 1512 1516 1531 1541 1543 1553 1557 1567 1568 1574 1576 1583
 1585 1591 1600 1602 1618 1633 1634 1643 1655 1656 1662 1665 1671 1676
 1682 1699 1704 1705 1709 1711 1714 1718 1731 1733 1739 1743 1746 1750
 1753 1755 1764 1769 1770 1775 1779 1786 1788 1793 1797 1800 1809 1811
 1821 1831 1839 1841 1842 1843 1853 1861 1864 1867 1868 1877 1886 1889
 1894 1901 1904 1910 1912 1923 1932 1935 1940 1948 1952 1954 1955 1963
 1969 1971 1972 1974 1975 1976 1978 1980 1984 1985 1989 1997 1998 2002
 2003 2004 2007 2014 2020 2021 2023 2036 2041 2042 2044 2047 2050 2057
 2058 2060 2061 2063 2067 2071 2075 2076 2080 2081 2082 2083 2086 2089
 2090 2094 2100 2109 2110 2116 2120 2122 2131 2134 2137 2138 2140 2143
 2145 2147 2150 2151 2153 2154 2160 2163 2177 2184 2187 2192 2196 2198
 2199 2200 2202 2203 2207 2212 2220 2226 2228 2232 2233 2235 2237 2238
 2239 2240 2255 2256 2262 2266 2271 2272 2280 2301 2304 2305 2310 2319
 2324 2332 2339 2350 2355 2359 2364 2366 2370 2377 2388 2389 2393 2397
 2399 2404 2412 2428 2429 2436 2438 2439 2440 2441 2452 2457 2460 2469
 2471 2478 2484 2485 2493 2505 2509 2513 2519 2526 2530 2532 2535 2540
 2552 2553 2554 2555 2571 2572 2573 2580 2583 2591 2593 2597 2598 2600
 2605 2609 2611 2614 2615 2619 2623 2625 2626 2639 2651 2659 2680 2681
 2686 2689 2692 2701 2702 2708 2712 2717 2718 2723 2728 2740 2751 2752
 2753 2755 2757 2758 2762 2764 2769 2772 2773 2781 2782 2790 2792 2807
 2815 2821 2831 2841 2846 2856 2857 2860 2862 2865 2866 2869 2870 2875
 2886 2887 2891 2894 2900 2908 2914 2922 2929 2931 2932 2935 2940 2943
 2947 2957 2963 2966 2977 2980 2984 2987 2997 3001 3011 3018 3028 3035
 3038 3043 3055 3057 3059 3061 3062 3071 3073 3083 3084 3088 3099 3103
 3108 3116 3117 3120 3128 3129 3137 3139 3143 3146 3148 3161 3165 3178
 3186 3187 3193 3214 3216 3217 3219 3221 3223 3226 3231 3232 3235 3240
 3241 3245 3247 3254 3255 3260 3261 3266 3269 3275 3283 3285 3289 3290
 3291 3294 3300 3312 3313 3314 3318 3321 3322 3326 3327 3334 3336 3339
 3348 3362 3365 3369 3373 3374 3376 3383 3387 3392 3397 3399 3405 3413]
X_r1.index:  Int64Index([   243,    254,    507,    741,    882,    929,   1131,   1211,
              1424,   1435,
            ...
            277639, 277928, 277965, 278137, 278144, 278188, 278418, 278535,
            278633, 278843],
           dtype='int64', length=3432)
X_r1.index types:  int64
y_train unique len:  2
y_test unique len:  2
set()
>acc=0.675, f1=0.675, auc=0.768, est=0.673, cfg={'ran_for__max_features': 10, 'ran_for__min_samples_leaf': 2, 'ran_for__min_samples_split': 10, 'ran_for__n_estimators': 100, 'ran_for__random_state': 16} 

train_ix:  [   0    1    2 ... 3429 3430 3431]
train_ix type:  int64
test_ix:  [  14   15   18   20   25   36   42   52   63   70   71   77   86   92
   95   96  100  105  109  112  113  114  116  118  122  129  143  144
  145  150  152  153  155  162  168  174  179  183  184  197  213  214
  222  225  232  235  240  243  245  246  247  249  252  253  263  266
  269  271  272  290  296  312  313  316  317  319  324  327  333  334
  337  342  343  344  356  357  362  373  376  377  378  379  391  402
  405  410  411  412  413  417  423  431  450  451  454  461  465  467
  469  475  489  497  505  506  515  519  522  524  532  539  542  545
  552  562  564  565  566  580  591  601  606  609  611  617  621  624
  626  633  637  648  651  652  656  657  658  665  667  668  676  677
  684  687  690  691  695  696  704  706  714  715  716  717  721  727
  728  732  734  738  753  762  770  775  794  795  803  806  811  814
  818  822  832  835  837  838  843  844  848  850  856  865  869  871
  873  878  879  882  883  884  886  889  897  901  903  905  907  908
  910  915  928  939  944  947  949  956  960  963  964  967  971  980
  989  998  999 1018 1019 1022 1025 1031 1033 1042 1046 1049 1052 1061
 1062 1063 1067 1072 1075 1076 1088 1095 1096 1099 1106 1107 1110 1111
 1113 1121 1133 1137 1150 1154 1155 1160 1168 1170 1174 1175 1182 1187
 1191 1192 1200 1202 1207 1214 1235 1251 1253 1254 1258 1261 1275 1277
 1278 1284 1288 1295 1300 1303 1306 1309 1311 1312 1313 1321 1324 1327
 1332 1337 1345 1350 1360 1366 1368 1372 1376 1383 1389 1393 1411 1420
 1423 1424 1425 1431 1434 1439 1445 1449 1455 1460 1465 1469 1472 1473
 1474 1478 1484 1485 1486 1491 1492 1493 1495 1499 1521 1522 1523 1527
 1528 1530 1538 1547 1560 1571 1572 1580 1581 1582 1590 1594 1598 1612
 1615 1616 1619 1620 1622 1627 1630 1632 1635 1638 1639 1640 1666 1667
 1679 1686 1689 1692 1693 1694 1700 1706 1712 1715 1717 1722 1738 1740
 1741 1745 1752 1756 1757 1762 1763 1771 1774 1795 1798 1799 1801 1803
 1806 1820 1824 1830 1834 1835 1838 1840 1844 1845 1849 1869 1871 1874
 1876 1878 1879 1880 1883 1887 1888 1890 1898 1914 1920 1927 1936 1939
 1942 1949 1968 1979 1981 1982 1983 1996 2012 2025 2033 2052 2055 2069
 2072 2077 2091 2092 2103 2125 2127 2141 2144 2148 2171 2172 2176 2178
 2180 2186 2189 2195 2197 2205 2210 2214 2216 2218 2219 2221 2222 2224
 2230 2244 2247 2251 2254 2257 2258 2260 2261 2265 2267 2269 2277 2278
 2283 2288 2302 2309 2311 2321 2326 2327 2335 2342 2365 2376 2382 2386
 2394 2400 2405 2408 2413 2417 2419 2432 2442 2445 2446 2450 2464 2465
 2468 2477 2486 2488 2492 2498 2499 2502 2504 2506 2516 2518 2523 2524
 2525 2533 2536 2537 2547 2548 2549 2556 2559 2561 2562 2565 2566 2574
 2581 2587 2588 2590 2592 2599 2617 2628 2631 2634 2636 2638 2643 2648
 2653 2658 2663 2666 2669 2674 2675 2678 2690 2693 2705 2714 2716 2729
 2737 2754 2760 2763 2770 2776 2780 2787 2788 2791 2795 2797 2799 2804
 2806 2808 2828 2829 2830 2832 2835 2836 2840 2843 2844 2853 2872 2877
 2880 2884 2892 2895 2897 2898 2902 2917 2918 2919 2937 2939 2941 2944
 2949 2952 2953 2955 2958 2959 2961 2962 2965 2969 2973 2981 2982 3002
 3006 3012 3013 3015 3021 3022 3023 3027 3029 3034 3044 3047 3049 3050
 3070 3079 3082 3087 3092 3098 3104 3115 3124 3125 3131 3133 3136 3138
 3147 3157 3159 3168 3171 3175 3207 3209 3211 3212 3215 3224 3230 3234
 3238 3239 3252 3253 3259 3264 3265 3270 3278 3280 3287 3288 3298 3301
 3303 3308 3309 3323 3329 3341 3346 3351 3353 3359 3360 3363 3366 3370
 3375 3378 3382 3385 3396 3398 3400 3401 3403 3404 3409 3411 3415 3424]
X_r1.index:  Int64Index([   243,    254,    507,    741,    882,    929,   1131,   1211,
              1424,   1435,
            ...
            277639, 277928, 277965, 278137, 278144, 278188, 278418, 278535,
            278633, 278843],
           dtype='int64', length=3432)
X_r1.index types:  int64
y_train unique len:  2
y_test unique len:  2
set()
>acc=0.690, f1=0.690, auc=0.667, est=0.669, cfg={'ran_for__max_features': 10, 'ran_for__min_samples_leaf': 2, 'ran_for__min_samples_split': 10, 'ran_for__n_estimators': 100, 'ran_for__random_state': 16} 

Accuracy: 0.673 (0.019) 

F1: 0.673 (0.019) 

AUC: 0.717 (0.038) 

Linux idun-02-07 4.18.0-193.el8.x86_64 #1 SMP Fri May 8 10:59:10 UTC 2020 x86_64 x86_64 x86_64 GNU/Linux
